<?xml version="1.0" encoding="utf-8"?>
<TestRun id="3277eb7f-c88c-4109-bfd0-25e8f125b16b" name="@MacBook-Pro-Nikita 2024-12-22 22:04:07" xmlns="http://microsoft.com/schemas/VisualStudio/TeamTest/2010">
  <Times creation="2024-12-22T22:04:07.0168710+03:00" queuing="2024-12-22T22:04:07.0168710+03:00" start="2024-12-22T22:04:06.6917150+03:00" finish="2024-12-22T22:04:07.0171300+03:00" />
  <TestSettings name="default" id="0a4d9b79-bbd8-4248-add2-5535959bc6ed">
    <Deployment runDeploymentRoot="_MacBook-Pro-Nikita_2024-12-22_22_04_07" />
  </TestSettings>
  <TestLists>
    <TestList name="Список результатов" id="8c84fa94-04c1-424b-9868-57a2d4851a1d" />
    <TestList name="Все загруженные результаты" id="19431567-8539-422a-85d7-44ee4e166bda" />
  </TestLists>
  <ResultSummary outcome="Completed">
    <Counters total="0" executed="0" passed="0" failed="0" error="0" timeout="0" aborted="0" inconclusive="0" passedButRunAborted="0" notRunnable="0" notExecuted="0" disconnected="0" warning="0" completed="0" inProgress="0" pending="0" />
    <Output>
      <StdOut>NUnit Adapter 4.5.0.0: Test execution started
Running all tests in /Users/nikitavolnuhin/Labs_cs/lab8/MathVectorUnitTests/bin/Debug/net8.0/MathVectorUnitTests.dll
   NUnit failed to load /Users/nikitavolnuhin/Labs_cs/lab8/MathVectorUnitTests/bin/Debug/net8.0/MathVectorUnitTests.dll
NUnit Adapter 4.5.0.0: Test execution complete
</StdOut>
    </Output>
    <RunInfos>
      <RunInfo computerName="MacBook-Pro-Nikita" outcome="Warning" timestamp="2024-12-22T22:04:06.9780260+03:00">
        <Text>В /Users/nikitavolnuhin/Labs_cs/lab8/MathVectorUnitTests/bin/Debug/net8.0/MathVectorUnitTests.dll нет доступных тестов. Убедитесь, что средства обнаружения и выполнения тестов зарегистрированы, а также проверьте правильность параметров платформы и версии платформы, после чего повторите попытку.</Text>
      </RunInfo>
    </RunInfos>
  </ResultSummary>
</TestRun>