<?xml version="1.0" encoding="utf-8"?>
<TestRun id="27f62be5-97d0-46d3-9421-0db40a0d8b83" name="@MacBook-Pro-Nikita 2024-12-22 22:33:36" xmlns="http://microsoft.com/schemas/VisualStudio/TeamTest/2010">
  <Times creation="2024-12-22T22:33:36.8813890+03:00" queuing="2024-12-22T22:33:36.8813890+03:00" start="2024-12-22T22:33:36.5053720+03:00" finish="2024-12-22T22:33:36.9317000+03:00" />
  <TestSettings name="default" id="09270d14-8e39-48ab-9bde-9c2a4073d7d2">
    <Deployment runDeploymentRoot="_MacBook-Pro-Nikita_2024-12-22_22_33_36" />
  </TestSettings>
  <Results>
    <UnitTestResult executionId="4ec4a69a-c25c-4c17-889f-3cba65a16097" testId="7ade5cbb-f589-96fa-1f59-6b6421697b1d" testName="MathVectorUnitTests.MathVectorUnitTests.Length_ValidVector_ReturnsCorrectLengthNegativeNumbers" computerName="MacBook-Pro-Nikita" duration="00:00:00.0000485" startTime="2024-12-22T22:33:36.8601700+03:00" endTime="2024-12-22T22:33:36.8601920+03:00" testType="13cdc9d9-ddb5-4fa4-a97d-d965ccfc6d4b" outcome="Passed" testListId="8c84fa94-04c1-424b-9868-57a2d4851a1d" relativeResultsDirectory="4ec4a69a-c25c-4c17-889f-3cba65a16097" />
    <UnitTestResult executionId="dc4e6f59-33ac-405c-a2cf-6b91ea9d5a21" testId="16c59ee7-92fc-5c95-27df-eac7775772cd" testName="MathVectorUnitTests.MathVectorUnitTests.Operator_DivisionVectorsWithDifferentDimensions_ThrowsArgumentException" computerName="MacBook-Pro-Nikita" duration="00:00:00.0003056" startTime="2024-12-22T22:33:36.8435320+03:00" endTime="2024-12-22T22:33:36.8437910+03:00" testType="13cdc9d9-ddb5-4fa4-a97d-d965ccfc6d4b" outcome="Passed" testListId="8c84fa94-04c1-424b-9868-57a2d4851a1d" relativeResultsDirectory="dc4e6f59-33ac-405c-a2cf-6b91ea9d5a21" />
    <UnitTestResult executionId="d278a18c-14ce-4761-af3e-c5f5bff5918d" testId="aa7c942a-cba2-7a7b-5f05-4b77143d7910" testName="MathVectorUnitTests.MathVectorUnitTests.Sum_ValidVectors_ReturnsSumVector" computerName="MacBook-Pro-Nikita" duration="00:00:00.0000975" startTime="2024-12-22T22:33:36.8604100+03:00" endTime="2024-12-22T22:33:36.8604310+03:00" testType="13cdc9d9-ddb5-4fa4-a97d-d965ccfc6d4b" outcome="Passed" testListId="8c84fa94-04c1-424b-9868-57a2d4851a1d" relativeResultsDirectory="d278a18c-14ce-4761-af3e-c5f5bff5918d" />
    <UnitTestResult executionId="6cb7670a-5723-4e98-9dc0-412a1da6cda8" testId="f50f4c0d-31cd-4e4f-6ba8-20188c6fa7e0" testName="MathVectorUnitTests.MathVectorUnitTests.Indexer_GetValueInvalidIndex_ThrowsArgumentException" computerName="MacBook-Pro-Nikita" duration="00:00:00.0001196" startTime="2024-12-22T22:33:36.8603350+03:00" endTime="2024-12-22T22:33:36.8603560+03:00" testType="13cdc9d9-ddb5-4fa4-a97d-d965ccfc6d4b" outcome="Passed" testListId="8c84fa94-04c1-424b-9868-57a2d4851a1d" relativeResultsDirectory="6cb7670a-5723-4e98-9dc0-412a1da6cda8" />
    <UnitTestResult executionId="7dc2b773-853e-4cb2-98d1-af69a4536a16" testId="84878c59-e624-0401-cbfc-22f4494edd1a" testName="MathVectorUnitTests.MathVectorUnitTests.SumNegativeNumber_ValidNumber_ReturnsNewVector" computerName="MacBook-Pro-Nikita" duration="00:00:00.0052873" startTime="2024-12-22T22:33:36.8389740+03:00" endTime="2024-12-22T22:33:36.8411540+03:00" testType="13cdc9d9-ddb5-4fa4-a97d-d965ccfc6d4b" outcome="Passed" testListId="8c84fa94-04c1-424b-9868-57a2d4851a1d" relativeResultsDirectory="7dc2b773-853e-4cb2-98d1-af69a4536a16" />
    <UnitTestResult executionId="31ecbe0e-593c-4b10-888d-de03b206ff2b" testId="51161611-c1ca-d29e-f1a9-48881ae91ebb" testName="MathVectorUnitTests.MathVectorUnitTests.Indexer_SetNegativeIndex_ThrowsArgumentException" computerName="MacBook-Pro-Nikita" duration="00:00:00.0001083" startTime="2024-12-22T22:33:36.8604770+03:00" endTime="2024-12-22T22:33:36.8605070+03:00" testType="13cdc9d9-ddb5-4fa4-a97d-d965ccfc6d4b" outcome="Passed" testListId="8c84fa94-04c1-424b-9868-57a2d4851a1d" relativeResultsDirectory="31ecbe0e-593c-4b10-888d-de03b206ff2b" />
    <UnitTestResult executionId="80733eec-76ff-4a7d-80ea-b6da9547ee86" testId="d80dd9d1-4ba8-b2c5-e5d7-e07533da8d83" testName="MathVectorUnitTests.MathVectorUnitTests.CalcDistance_ValidVectors_ReturnsCorrectDistance" computerName="MacBook-Pro-Nikita" duration="00:00:00.0008334" startTime="2024-12-22T22:33:36.8594770+03:00" endTime="2024-12-22T22:33:36.8595020+03:00" testType="13cdc9d9-ddb5-4fa4-a97d-d965ccfc6d4b" outcome="Passed" testListId="8c84fa94-04c1-424b-9868-57a2d4851a1d" relativeResultsDirectory="80733eec-76ff-4a7d-80ea-b6da9547ee86" />
    <UnitTestResult executionId="80f6e013-f942-48b1-aedb-123f442f9de0" testId="c61b3296-d028-391a-d304-e4b52b7d9992" testName="MathVectorUnitTests.MathVectorUnitTests.Indexer_ValidIndex_SetsCorrectValue" computerName="MacBook-Pro-Nikita" duration="00:00:00.0000632" startTime="2024-12-22T22:33:36.8596880+03:00" endTime="2024-12-22T22:33:36.8597090+03:00" testType="13cdc9d9-ddb5-4fa4-a97d-d965ccfc6d4b" outcome="Passed" testListId="8c84fa94-04c1-424b-9868-57a2d4851a1d" relativeResultsDirectory="80f6e013-f942-48b1-aedb-123f442f9de0" />
    <UnitTestResult executionId="538b9e49-7b57-4246-acbd-064f77b6d937" testId="fa3e9c5e-7b4e-b335-ea83-e656e6cdb548" testName="MathVectorUnitTests.MathVectorUnitTests.Length_ValidVector_ReturnsCorrectLengthMixedNumbers" computerName="MacBook-Pro-Nikita" duration="00:00:00.0018571" startTime="2024-12-22T22:33:36.8414320+03:00" endTime="2024-12-22T22:33:36.8430200+03:00" testType="13cdc9d9-ddb5-4fa4-a97d-d965ccfc6d4b" outcome="Passed" testListId="8c84fa94-04c1-424b-9868-57a2d4851a1d" relativeResultsDirectory="538b9e49-7b57-4246-acbd-064f77b6d937" />
    <UnitTestResult executionId="788c4509-405a-46cf-b647-d192bf0fca85" testId="35de199f-88c1-e595-0ccd-56fa7cfc83c5" testName="MathVectorUnitTests.MathVectorUnitTests.TestDimensions_GetVectorDimensions_ReturnsCorrectValue" computerName="MacBook-Pro-Nikita" duration="00:00:00.0003761" startTime="2024-12-22T22:33:36.8577890+03:00" endTime="2024-12-22T22:33:36.8578260+03:00" testType="13cdc9d9-ddb5-4fa4-a97d-d965ccfc6d4b" outcome="Passed" testListId="8c84fa94-04c1-424b-9868-57a2d4851a1d" relativeResultsDirectory="788c4509-405a-46cf-b647-d192bf0fca85" />
    <UnitTestResult executionId="68117a69-3aed-4ff2-8df0-7d4da20ff439" testId="ae2fc47c-fbfe-3527-a0a9-f02fae95b8a1" testName="MathVectorUnitTests.MathVectorUnitTests.Indexer_GetNegativeIndex_ThrowsArgumentException" computerName="MacBook-Pro-Nikita" duration="00:00:00.0001041" startTime="2024-12-22T22:33:36.8592360+03:00" endTime="2024-12-22T22:33:36.8592600+03:00" testType="13cdc9d9-ddb5-4fa4-a97d-d965ccfc6d4b" outcome="Passed" testListId="8c84fa94-04c1-424b-9868-57a2d4851a1d" relativeResultsDirectory="68117a69-3aed-4ff2-8df0-7d4da20ff439" />
    <UnitTestResult executionId="9fd37887-b73c-45ec-b1f5-92b111e5bbd0" testId="ba7275f1-086d-76ef-33f7-104c85f95c6f" testName="MathVectorUnitTests.MathVectorUnitTests.Operator_DivisionVectors_ReturnsProductVector" computerName="MacBook-Pro-Nikita" duration="00:00:00.0000935" startTime="2024-12-22T22:33:36.8605620+03:00" endTime="2024-12-22T22:33:36.8605920+03:00" testType="13cdc9d9-ddb5-4fa4-a97d-d965ccfc6d4b" outcome="Passed" testListId="8c84fa94-04c1-424b-9868-57a2d4851a1d" relativeResultsDirectory="9fd37887-b73c-45ec-b1f5-92b111e5bbd0" />
    <UnitTestResult executionId="e1c413cb-e75b-47cf-be04-256e765a7a31" testId="d153b461-6f09-bc57-a742-e9ec04792aa3" testName="MathVectorUnitTests.MathVectorUnitTests.Operator_SubtractionVectorsWithDifferentDimensions_ThrowsArgumentException" computerName="MacBook-Pro-Nikita" duration="00:00:00.0001486" startTime="2024-12-22T22:33:36.8584940+03:00" endTime="2024-12-22T22:33:36.8585190+03:00" testType="13cdc9d9-ddb5-4fa4-a97d-d965ccfc6d4b" outcome="Passed" testListId="8c84fa94-04c1-424b-9868-57a2d4851a1d" relativeResultsDirectory="e1c413cb-e75b-47cf-be04-256e765a7a31" />
    <UnitTestResult executionId="6a6cdb04-cd38-4ce2-8f60-57c52a4131f7" testId="7220c723-a84a-ee5b-f399-ad3d699aa5e8" testName="MathVectorUnitTests.MathVectorUnitTests.Constructor_EmptyListInput_ThrowsArgumentException" computerName="MacBook-Pro-Nikita" duration="00:00:00.0099117" startTime="2024-12-22T22:33:36.8224700+03:00" endTime="2024-12-22T22:33:36.8357480+03:00" testType="13cdc9d9-ddb5-4fa4-a97d-d965ccfc6d4b" outcome="Passed" testListId="8c84fa94-04c1-424b-9868-57a2d4851a1d" relativeResultsDirectory="6a6cdb04-cd38-4ce2-8f60-57c52a4131f7" />
    <UnitTestResult executionId="f0d083e1-3ae2-402d-8944-a6bb6c30851a" testId="21bcfff5-de83-bc7e-93af-6035dc08259e" testName="MathVectorUnitTests.MathVectorUnitTests.MultiplyZero_ValidNumber_ReturnsNewVector" computerName="MacBook-Pro-Nikita" duration="00:00:00.0000694" startTime="2024-12-22T22:33:36.8594060+03:00" endTime="2024-12-22T22:33:36.8594280+03:00" testType="13cdc9d9-ddb5-4fa4-a97d-d965ccfc6d4b" outcome="Passed" testListId="8c84fa94-04c1-424b-9868-57a2d4851a1d" relativeResultsDirectory="f0d083e1-3ae2-402d-8944-a6bb6c30851a" />
    <UnitTestResult executionId="0246a98f-5e10-4cd5-a840-3e29a5bfa91c" testId="2ac41174-446a-f183-3f5f-94461018c344" testName="MathVectorUnitTests.MathVectorUnitTests.Constructor_ValidArrayInput_CreatesVector" computerName="MacBook-Pro-Nikita" duration="00:00:00.0003967" startTime="2024-12-22T22:33:36.8580290+03:00" endTime="2024-12-22T22:33:36.8580530+03:00" testType="13cdc9d9-ddb5-4fa4-a97d-d965ccfc6d4b" outcome="Passed" testListId="8c84fa94-04c1-424b-9868-57a2d4851a1d" relativeResultsDirectory="0246a98f-5e10-4cd5-a840-3e29a5bfa91c" />
    <UnitTestResult executionId="85c20b6f-2702-4c9c-a065-4a0505478b24" testId="c8672000-24be-532a-fded-ec302259bc79" testName="MathVectorUnitTests.MathVectorUnitTests.Operator_DivisionInfVector_ReturnsProductVector" computerName="MacBook-Pro-Nikita" duration="00:00:00.0006720" startTime="2024-12-22T22:33:36.8438430+03:00" endTime="2024-12-22T22:33:36.8444880+03:00" testType="13cdc9d9-ddb5-4fa4-a97d-d965ccfc6d4b" outcome="Passed" testListId="8c84fa94-04c1-424b-9868-57a2d4851a1d" relativeResultsDirectory="85c20b6f-2702-4c9c-a065-4a0505478b24" />
    <UnitTestResult executionId="6b38024d-f1fa-4cd0-8965-ede7a6600e17" testId="85afbd50-c89d-8e41-f42d-c84d023b2325" testName="MathVectorUnitTests.MathVectorUnitTests.Sum_DifferentDimensions_ThrowsArgumentException" computerName="MacBook-Pro-Nikita" duration="00:00:00.0001450" startTime="2024-12-22T22:33:36.8596210+03:00" endTime="2024-12-22T22:33:36.8596420+03:00" testType="13cdc9d9-ddb5-4fa4-a97d-d965ccfc6d4b" outcome="Passed" testListId="8c84fa94-04c1-424b-9868-57a2d4851a1d" relativeResultsDirectory="6b38024d-f1fa-4cd0-8965-ede7a6600e17" />
    <UnitTestResult executionId="353fd5ea-7162-4f67-a452-7dc5cccd94d4" testId="6ba9c1f6-2e2f-5ee6-490e-6829c9f23ccb" testName="MathVectorUnitTests.MathVectorUnitTests.CalcDistance_DifferentDimensions_ThrowsArgumentException" computerName="MacBook-Pro-Nikita" duration="00:00:00.0003208" startTime="2024-12-22T22:33:36.8431960+03:00" endTime="2024-12-22T22:33:36.8434730+03:00" testType="13cdc9d9-ddb5-4fa4-a97d-d965ccfc6d4b" outcome="Passed" testListId="8c84fa94-04c1-424b-9868-57a2d4851a1d" relativeResultsDirectory="353fd5ea-7162-4f67-a452-7dc5cccd94d4" />
    <UnitTestResult executionId="5e53e2e3-e78b-479a-abb1-895a9a2c9109" testId="a9426031-33de-f8ab-29dc-ce3dbb045a19" testName="MathVectorUnitTests.MathVectorUnitTests.Operator_MultiplicationInfVector_ReturnsProductVector" computerName="MacBook-Pro-Nikita" duration="00:00:00.0001281" startTime="2024-12-22T22:33:36.8593200+03:00" endTime="2024-12-22T22:33:36.8593450+03:00" testType="13cdc9d9-ddb5-4fa4-a97d-d965ccfc6d4b" outcome="Passed" testListId="8c84fa94-04c1-424b-9868-57a2d4851a1d" relativeResultsDirectory="5e53e2e3-e78b-479a-abb1-895a9a2c9109" />
    <UnitTestResult executionId="7a6f7621-22b5-4c5e-b95b-e31f59b42625" testId="cde1a29a-afbd-bfe3-1d40-5d37f2c37462" testName="MathVectorUnitTests.MathVectorUnitTests.Indexer_ValidIndex_ReturnsCorrectValue" computerName="MacBook-Pro-Nikita" duration="00:00:00.0000548" startTime="2024-12-22T22:33:36.8448160+03:00" endTime="2024-12-22T22:33:36.8448400+03:00" testType="13cdc9d9-ddb5-4fa4-a97d-d965ccfc6d4b" outcome="Passed" testListId="8c84fa94-04c1-424b-9868-57a2d4851a1d" relativeResultsDirectory="7a6f7621-22b5-4c5e-b95b-e31f59b42625" />
    <UnitTestResult executionId="aa6f7a7b-8d30-4c97-a3b2-20df08e1a4f2" testId="d2eac135-8f1e-aed1-2717-0399babac3a7" testName="MathVectorUnitTests.MathVectorUnitTests.Operator_DivisionVectorsWithZeroArgument_ThrowsArgumentException" computerName="MacBook-Pro-Nikita" duration="00:00:00.0002238" startTime="2024-12-22T22:33:36.8613230+03:00" endTime="2024-12-22T22:33:36.8613440+03:00" testType="13cdc9d9-ddb5-4fa4-a97d-d965ccfc6d4b" outcome="Passed" testListId="8c84fa94-04c1-424b-9868-57a2d4851a1d" relativeResultsDirectory="aa6f7a7b-8d30-4c97-a3b2-20df08e1a4f2" />
    <UnitTestResult executionId="1b2196bf-f9c5-45e9-93d3-c02ad16ce214" testId="17194d27-36f9-e700-f7ee-40b90e3a2333" testName="MathVectorUnitTests.MathVectorUnitTests.ScalarMultiply_ValidVectors_ReturnsCorrectResult" computerName="MacBook-Pro-Nikita" duration="00:00:00.0001074" startTime="2024-12-22T22:33:36.8607160+03:00" endTime="2024-12-22T22:33:36.8607420+03:00" testType="13cdc9d9-ddb5-4fa4-a97d-d965ccfc6d4b" outcome="Passed" testListId="8c84fa94-04c1-424b-9868-57a2d4851a1d" relativeResultsDirectory="1b2196bf-f9c5-45e9-93d3-c02ad16ce214" />
    <UnitTestResult executionId="2e53fb44-71bb-45aa-98fb-a38a9e70fb8c" testId="7156fb1e-576a-1ad3-2e79-4a80311d64eb" testName="MathVectorUnitTests.MathVectorUnitTests.Operator_SubtractionInfVector_ReturnsProductVector" computerName="MacBook-Pro-Nikita" duration="00:00:00.0001011" startTime="2024-12-22T22:33:36.8606410+03:00" endTime="2024-12-22T22:33:36.8606620+03:00" testType="13cdc9d9-ddb5-4fa4-a97d-d965ccfc6d4b" outcome="Passed" testListId="8c84fa94-04c1-424b-9868-57a2d4851a1d" relativeResultsDirectory="2e53fb44-71bb-45aa-98fb-a38a9e70fb8c" />
    <UnitTestResult executionId="9a2b152c-99a9-4d4b-8ea3-7e64780d6db4" testId="b428f2d4-db2c-7bcb-7bba-d6db4a0cbd67" testName="MathVectorUnitTests.MathVectorUnitTests.Length_ValidVector_ReturnsCorrectLengthPositiveNumbers" computerName="MacBook-Pro-Nikita" duration="00:00:00.0000480" startTime="2024-12-22T22:33:36.8581830+03:00" endTime="2024-12-22T22:33:36.8582060+03:00" testType="13cdc9d9-ddb5-4fa4-a97d-d965ccfc6d4b" outcome="Passed" testListId="8c84fa94-04c1-424b-9868-57a2d4851a1d" relativeResultsDirectory="9a2b152c-99a9-4d4b-8ea3-7e64780d6db4" />
    <UnitTestResult executionId="b0940809-1f6c-45ec-9674-ebc00c8b4cf7" testId="34af472e-7f42-a45d-e812-c9a3f3ba57c7" testName="MathVectorUnitTests.MathVectorUnitTests.Operator_AdditionVectorsWithDifferentDimensions_ThrowsArgumentException" computerName="MacBook-Pro-Nikita" duration="00:00:00.0001660" startTime="2024-12-22T22:33:36.8597570+03:00" endTime="2024-12-22T22:33:36.8597770+03:00" testType="13cdc9d9-ddb5-4fa4-a97d-d965ccfc6d4b" outcome="Passed" testListId="8c84fa94-04c1-424b-9868-57a2d4851a1d" relativeResultsDirectory="b0940809-1f6c-45ec-9674-ebc00c8b4cf7" />
    <UnitTestResult executionId="073064ed-9b2e-4ba4-9767-8adb6b418bdb" testId="5ce061de-517e-bbb8-5607-27b60affab45" testName="MathVectorUnitTests.MathVectorUnitTests.Operator_SubtractionVectors_ReturnsDifferenceVector" computerName="MacBook-Pro-Nikita" duration="00:00:00.0002470" startTime="2024-12-22T22:33:36.8583470+03:00" endTime="2024-12-22T22:33:36.8583690+03:00" testType="13cdc9d9-ddb5-4fa4-a97d-d965ccfc6d4b" outcome="Passed" testListId="8c84fa94-04c1-424b-9868-57a2d4851a1d" relativeResultsDirectory="073064ed-9b2e-4ba4-9767-8adb6b418bdb" />
    <UnitTestResult executionId="93be8a8a-9f14-48ac-9c56-898db085d17d" testId="82dcc863-0c28-f80c-51d0-93fa912b048d" testName="MathVectorUnitTests.MathVectorUnitTests.MultiplyNegativeNumber_ValidNumber_ReturnsNewVector" computerName="MacBook-Pro-Nikita" duration="00:00:00.0001011" startTime="2024-12-22T22:33:36.8611090+03:00" endTime="2024-12-22T22:33:36.8611310+03:00" testType="13cdc9d9-ddb5-4fa4-a97d-d965ccfc6d4b" outcome="Passed" testListId="8c84fa94-04c1-424b-9868-57a2d4851a1d" relativeResultsDirectory="93be8a8a-9f14-48ac-9c56-898db085d17d" />
    <UnitTestResult executionId="051c8ff7-b772-43ce-85b8-1d3768afbc60" testId="208c8b03-b504-fd2e-ba82-40ac4445b5d7" testName="MathVectorUnitTests.MathVectorUnitTests.Constructor_EmptyArray_ThrowsArgumentException" computerName="MacBook-Pro-Nikita" duration="00:00:00.0001934" startTime="2024-12-22T22:33:36.8602470+03:00" endTime="2024-12-22T22:33:36.8602790+03:00" testType="13cdc9d9-ddb5-4fa4-a97d-d965ccfc6d4b" outcome="Passed" testListId="8c84fa94-04c1-424b-9868-57a2d4851a1d" relativeResultsDirectory="051c8ff7-b772-43ce-85b8-1d3768afbc60" />
    <UnitTestResult executionId="ddac9e1d-73b5-4454-9171-6d6001307e6e" testId="329882ed-b571-ebd5-de06-e59677611a4f" testName="MathVectorUnitTests.MathVectorUnitTests.Operator_AdditionVectors_ReturnsSumVector" computerName="MacBook-Pro-Nikita" duration="00:00:00.0001077" startTime="2024-12-22T22:33:36.8613900+03:00" endTime="2024-12-22T22:33:36.8614110+03:00" testType="13cdc9d9-ddb5-4fa4-a97d-d965ccfc6d4b" outcome="Passed" testListId="8c84fa94-04c1-424b-9868-57a2d4851a1d" relativeResultsDirectory="ddac9e1d-73b5-4454-9171-6d6001307e6e" />
    <UnitTestResult executionId="4e3ed9c9-cfd4-4aca-a911-c11f3ac1b102" testId="3bf53d4b-1102-c375-dac4-a36253176d83" testName="MathVectorUnitTests.MathVectorUnitTests.ScalarMultiply_DifferentDimensions_ThrowsArgumentException" computerName="MacBook-Pro-Nikita" duration="00:00:00.0002310" startTime="2024-12-22T22:33:36.8579450+03:00" endTime="2024-12-22T22:33:36.8579710+03:00" testType="13cdc9d9-ddb5-4fa4-a97d-d965ccfc6d4b" outcome="Passed" testListId="8c84fa94-04c1-424b-9868-57a2d4851a1d" relativeResultsDirectory="4e3ed9c9-cfd4-4aca-a911-c11f3ac1b102" />
    <UnitTestResult executionId="5d24cb38-dead-477c-8a48-463de16beac9" testId="d3c9f378-f76e-249c-d5ff-dd46dbe09231" testName="MathVectorUnitTests.MathVectorUnitTests.MultiplyInfVector_ValidNumber_ReturnsNewVector" computerName="MacBook-Pro-Nikita" duration="00:00:00.0001718" startTime="2024-12-22T22:33:36.8581050+03:00" endTime="2024-12-22T22:33:36.8581280+03:00" testType="13cdc9d9-ddb5-4fa4-a97d-d965ccfc6d4b" outcome="Passed" testListId="8c84fa94-04c1-424b-9868-57a2d4851a1d" relativeResultsDirectory="5d24cb38-dead-477c-8a48-463de16beac9" />
    <UnitTestResult executionId="ff91baed-6a0e-491e-be81-950a4173ef62" testId="06b9b0fe-6ef3-de54-a1e5-d766505cdb15" testName="MathVectorUnitTests.MathVectorUnitTests.MultiplyPositiveNumber_ValidNumber_ReturnsNewVector" computerName="MacBook-Pro-Nikita" duration="00:00:00.0001034" startTime="2024-12-22T22:33:36.8584250+03:00" endTime="2024-12-22T22:33:36.8584460+03:00" testType="13cdc9d9-ddb5-4fa4-a97d-d965ccfc6d4b" outcome="Passed" testListId="8c84fa94-04c1-424b-9868-57a2d4851a1d" relativeResultsDirectory="ff91baed-6a0e-491e-be81-950a4173ef62" />
    <UnitTestResult executionId="9f43eea2-ea4f-48db-b98c-4bdd6d2f3278" testId="61e978e2-3dbd-db32-1955-7c1fda46448b" testName="MathVectorUnitTests.MathVectorUnitTests.Operator_MultiplicationVectorsWithDifferentDimensions_ThrowsArgumentException" computerName="MacBook-Pro-Nikita" duration="00:00:00.0002617" startTime="2024-12-22T22:33:36.8445470+03:00" endTime="2024-12-22T22:33:36.8447570+03:00" testType="13cdc9d9-ddb5-4fa4-a97d-d965ccfc6d4b" outcome="Passed" testListId="8c84fa94-04c1-424b-9868-57a2d4851a1d" relativeResultsDirectory="9f43eea2-ea4f-48db-b98c-4bdd6d2f3278" />
    <UnitTestResult executionId="726fb454-7bd8-403b-bdd2-8cf04cd0f1ce" testId="7f513c68-3a83-ced8-a526-4682153e2352" testName="MathVectorUnitTests.MathVectorUnitTests.Indexer_SetValueInvalidIndex_ThrowsArgumentException" computerName="MacBook-Pro-Nikita" duration="00:00:00.0001533" startTime="2024-12-22T22:33:36.8582610+03:00" endTime="2024-12-22T22:33:36.8582960+03:00" testType="13cdc9d9-ddb5-4fa4-a97d-d965ccfc6d4b" outcome="Passed" testListId="8c84fa94-04c1-424b-9868-57a2d4851a1d" relativeResultsDirectory="726fb454-7bd8-403b-bdd2-8cf04cd0f1ce" />
    <UnitTestResult executionId="e1634179-8d94-440f-9307-66b1b466d714" testId="6e0f4c27-1f52-b866-15a6-aeb32fcfca5d" testName="MathVectorUnitTests.MathVectorUnitTests.Operator_MultiplicationVectors_ReturnsProductVector" computerName="MacBook-Pro-Nikita" duration="00:00:00.0000941" startTime="2024-12-22T22:33:36.8611800+03:00" endTime="2024-12-22T22:33:36.8612020+03:00" testType="13cdc9d9-ddb5-4fa4-a97d-d965ccfc6d4b" outcome="Passed" testListId="8c84fa94-04c1-424b-9868-57a2d4851a1d" relativeResultsDirectory="e1634179-8d94-440f-9307-66b1b466d714" />
    <UnitTestResult executionId="7590494d-2f4a-4b00-b343-167f7489272d" testId="5e2159f7-d826-f03a-b123-910c84d6552b" testName="MathVectorUnitTests.MathVectorUnitTests.SumInfVector_ValidNumber_ReturnsNewVector" computerName="MacBook-Pro-Nikita" duration="00:00:00.0000890" startTime="2024-12-22T22:33:36.8598240+03:00" endTime="2024-12-22T22:33:36.8598450+03:00" testType="13cdc9d9-ddb5-4fa4-a97d-d965ccfc6d4b" outcome="Passed" testListId="8c84fa94-04c1-424b-9868-57a2d4851a1d" relativeResultsDirectory="7590494d-2f4a-4b00-b343-167f7489272d" />
    <UnitTestResult executionId="dea559d2-a71b-4daa-a273-3d3c2be402af" testId="18979129-bc7a-7a1b-86aa-add30e5d4a45" testName="MathVectorUnitTests.MathVectorUnitTests.Operator_AdditionInfVector_ReturnsProductVector" computerName="MacBook-Pro-Nikita" duration="00:00:00.0001550" startTime="2024-12-22T22:33:36.8595520+03:00" endTime="2024-12-22T22:33:36.8595730+03:00" testType="13cdc9d9-ddb5-4fa4-a97d-d965ccfc6d4b" outcome="Passed" testListId="8c84fa94-04c1-424b-9868-57a2d4851a1d" relativeResultsDirectory="dea559d2-a71b-4daa-a273-3d3c2be402af" />
    <UnitTestResult executionId="64c5e00e-b831-4963-955e-bf50e4c7743e" testId="74eaa97b-37d8-f479-3440-ebfd27bdab60" testName="MathVectorUnitTests.MathVectorUnitTests.Constructor_ValidListInput_CreatesVector" computerName="MacBook-Pro-Nikita" duration="00:00:00.0004482" startTime="2024-12-22T22:33:36.8612530+03:00" endTime="2024-12-22T22:33:36.8612760+03:00" testType="13cdc9d9-ddb5-4fa4-a97d-d965ccfc6d4b" outcome="Passed" testListId="8c84fa94-04c1-424b-9868-57a2d4851a1d" relativeResultsDirectory="64c5e00e-b831-4963-955e-bf50e4c7743e" />
    <UnitTestResult executionId="ed51523e-b8a7-4eb5-ab2f-4cbff3167ee2" testId="69cc9ad6-2b09-272f-1a17-abb1edcbc198" testName="MathVectorUnitTests.MathVectorUnitTests.Operator_ToString_ReturnsCorrectValue" computerName="MacBook-Pro-Nikita" duration="00:00:00.0016561" startTime="2024-12-22T22:33:36.8607880+03:00" endTime="2024-12-22T22:33:36.8608080+03:00" testType="13cdc9d9-ddb5-4fa4-a97d-d965ccfc6d4b" outcome="Passed" testListId="8c84fa94-04c1-424b-9868-57a2d4851a1d" relativeResultsDirectory="ed51523e-b8a7-4eb5-ab2f-4cbff3167ee2" />
    <UnitTestResult executionId="6bc768f7-bf84-4715-bd5a-49e7d5658b47" testId="f8f0a171-6e84-f77e-e717-923096ee728a" testName="MathVectorUnitTests.MathVectorUnitTests.SumPositiveNumber_ValidNumber_ReturnsNewVector" computerName="MacBook-Pro-Nikita" duration="00:00:00.0001039" startTime="2024-12-22T22:33:36.8430800+03:00" endTime="2024-12-22T22:33:36.8431410+03:00" testType="13cdc9d9-ddb5-4fa4-a97d-d965ccfc6d4b" outcome="Passed" testListId="8c84fa94-04c1-424b-9868-57a2d4851a1d" relativeResultsDirectory="6bc768f7-bf84-4715-bd5a-49e7d5658b47" />
  </Results>
  <TestDefinitions>
    <UnitTest name="MathVectorUnitTests.MathVectorUnitTests.Operator_SubtractionInfVector_ReturnsProductVector" storage="/users/nikitavolnuhin/labs_cs/lab8/mathvectorunittests/bin/debug/net8.0/mathvectorunittests.dll" id="7156fb1e-576a-1ad3-2e79-4a80311d64eb">
      <Execution id="2e53fb44-71bb-45aa-98fb-a38a9e70fb8c" />
      <TestMethod codeBase="/Users/nikitavolnuhin/Labs_cs/lab8/MathVectorUnitTests/bin/Debug/net8.0/MathVectorUnitTests.dll" adapterTypeName="executor://xunit/VsTestRunner3/netcore/" className="MathVectorUnitTests.MathVectorUnitTests" name="Operator_SubtractionInfVector_ReturnsProductVector" />
    </UnitTest>
    <UnitTest name="MathVectorUnitTests.MathVectorUnitTests.Constructor_ValidArrayInput_CreatesVector" storage="/users/nikitavolnuhin/labs_cs/lab8/mathvectorunittests/bin/debug/net8.0/mathvectorunittests.dll" id="2ac41174-446a-f183-3f5f-94461018c344">
      <Execution id="0246a98f-5e10-4cd5-a840-3e29a5bfa91c" />
      <TestMethod codeBase="/Users/nikitavolnuhin/Labs_cs/lab8/MathVectorUnitTests/bin/Debug/net8.0/MathVectorUnitTests.dll" adapterTypeName="executor://xunit/VsTestRunner3/netcore/" className="MathVectorUnitTests.MathVectorUnitTests" name="Constructor_ValidArrayInput_CreatesVector" />
    </UnitTest>
    <UnitTest name="MathVectorUnitTests.MathVectorUnitTests.SumPositiveNumber_ValidNumber_ReturnsNewVector" storage="/users/nikitavolnuhin/labs_cs/lab8/mathvectorunittests/bin/debug/net8.0/mathvectorunittests.dll" id="f8f0a171-6e84-f77e-e717-923096ee728a">
      <Execution id="6bc768f7-bf84-4715-bd5a-49e7d5658b47" />
      <TestMethod codeBase="/Users/nikitavolnuhin/Labs_cs/lab8/MathVectorUnitTests/bin/Debug/net8.0/MathVectorUnitTests.dll" adapterTypeName="executor://xunit/VsTestRunner3/netcore/" className="MathVectorUnitTests.MathVectorUnitTests" name="SumPositiveNumber_ValidNumber_ReturnsNewVector" />
    </UnitTest>
    <UnitTest name="MathVectorUnitTests.MathVectorUnitTests.Indexer_SetNegativeIndex_ThrowsArgumentException" storage="/users/nikitavolnuhin/labs_cs/lab8/mathvectorunittests/bin/debug/net8.0/mathvectorunittests.dll" id="51161611-c1ca-d29e-f1a9-48881ae91ebb">
      <Execution id="31ecbe0e-593c-4b10-888d-de03b206ff2b" />
      <TestMethod codeBase="/Users/nikitavolnuhin/Labs_cs/lab8/MathVectorUnitTests/bin/Debug/net8.0/MathVectorUnitTests.dll" adapterTypeName="executor://xunit/VsTestRunner3/netcore/" className="MathVectorUnitTests.MathVectorUnitTests" name="Indexer_SetNegativeIndex_ThrowsArgumentException" />
    </UnitTest>
    <UnitTest name="MathVectorUnitTests.MathVectorUnitTests.MultiplyPositiveNumber_ValidNumber_ReturnsNewVector" storage="/users/nikitavolnuhin/labs_cs/lab8/mathvectorunittests/bin/debug/net8.0/mathvectorunittests.dll" id="06b9b0fe-6ef3-de54-a1e5-d766505cdb15">
      <Execution id="ff91baed-6a0e-491e-be81-950a4173ef62" />
      <TestMethod codeBase="/Users/nikitavolnuhin/Labs_cs/lab8/MathVectorUnitTests/bin/Debug/net8.0/MathVectorUnitTests.dll" adapterTypeName="executor://xunit/VsTestRunner3/netcore/" className="MathVectorUnitTests.MathVectorUnitTests" name="MultiplyPositiveNumber_ValidNumber_ReturnsNewVector" />
    </UnitTest>
    <UnitTest name="MathVectorUnitTests.MathVectorUnitTests.Operator_DivisionVectorsWithDifferentDimensions_ThrowsArgumentException" storage="/users/nikitavolnuhin/labs_cs/lab8/mathvectorunittests/bin/debug/net8.0/mathvectorunittests.dll" id="16c59ee7-92fc-5c95-27df-eac7775772cd">
      <Execution id="dc4e6f59-33ac-405c-a2cf-6b91ea9d5a21" />
      <TestMethod codeBase="/Users/nikitavolnuhin/Labs_cs/lab8/MathVectorUnitTests/bin/Debug/net8.0/MathVectorUnitTests.dll" adapterTypeName="executor://xunit/VsTestRunner3/netcore/" className="MathVectorUnitTests.MathVectorUnitTests" name="Operator_DivisionVectorsWithDifferentDimensions_ThrowsArgumentException" />
    </UnitTest>
    <UnitTest name="MathVectorUnitTests.MathVectorUnitTests.Length_ValidVector_ReturnsCorrectLengthPositiveNumbers" storage="/users/nikitavolnuhin/labs_cs/lab8/mathvectorunittests/bin/debug/net8.0/mathvectorunittests.dll" id="b428f2d4-db2c-7bcb-7bba-d6db4a0cbd67">
      <Execution id="9a2b152c-99a9-4d4b-8ea3-7e64780d6db4" />
      <TestMethod codeBase="/Users/nikitavolnuhin/Labs_cs/lab8/MathVectorUnitTests/bin/Debug/net8.0/MathVectorUnitTests.dll" adapterTypeName="executor://xunit/VsTestRunner3/netcore/" className="MathVectorUnitTests.MathVectorUnitTests" name="Length_ValidVector_ReturnsCorrectLengthPositiveNumbers" />
    </UnitTest>
    <UnitTest name="MathVectorUnitTests.MathVectorUnitTests.Sum_DifferentDimensions_ThrowsArgumentException" storage="/users/nikitavolnuhin/labs_cs/lab8/mathvectorunittests/bin/debug/net8.0/mathvectorunittests.dll" id="85afbd50-c89d-8e41-f42d-c84d023b2325">
      <Execution id="6b38024d-f1fa-4cd0-8965-ede7a6600e17" />
      <TestMethod codeBase="/Users/nikitavolnuhin/Labs_cs/lab8/MathVectorUnitTests/bin/Debug/net8.0/MathVectorUnitTests.dll" adapterTypeName="executor://xunit/VsTestRunner3/netcore/" className="MathVectorUnitTests.MathVectorUnitTests" name="Sum_DifferentDimensions_ThrowsArgumentException" />
    </UnitTest>
    <UnitTest name="MathVectorUnitTests.MathVectorUnitTests.MultiplyNegativeNumber_ValidNumber_ReturnsNewVector" storage="/users/nikitavolnuhin/labs_cs/lab8/mathvectorunittests/bin/debug/net8.0/mathvectorunittests.dll" id="82dcc863-0c28-f80c-51d0-93fa912b048d">
      <Execution id="93be8a8a-9f14-48ac-9c56-898db085d17d" />
      <TestMethod codeBase="/Users/nikitavolnuhin/Labs_cs/lab8/MathVectorUnitTests/bin/Debug/net8.0/MathVectorUnitTests.dll" adapterTypeName="executor://xunit/VsTestRunner3/netcore/" className="MathVectorUnitTests.MathVectorUnitTests" name="MultiplyNegativeNumber_ValidNumber_ReturnsNewVector" />
    </UnitTest>
    <UnitTest name="MathVectorUnitTests.MathVectorUnitTests.Operator_DivisionVectors_ReturnsProductVector" storage="/users/nikitavolnuhin/labs_cs/lab8/mathvectorunittests/bin/debug/net8.0/mathvectorunittests.dll" id="ba7275f1-086d-76ef-33f7-104c85f95c6f">
      <Execution id="9fd37887-b73c-45ec-b1f5-92b111e5bbd0" />
      <TestMethod codeBase="/Users/nikitavolnuhin/Labs_cs/lab8/MathVectorUnitTests/bin/Debug/net8.0/MathVectorUnitTests.dll" adapterTypeName="executor://xunit/VsTestRunner3/netcore/" className="MathVectorUnitTests.MathVectorUnitTests" name="Operator_DivisionVectors_ReturnsProductVector" />
    </UnitTest>
    <UnitTest name="MathVectorUnitTests.MathVectorUnitTests.Length_ValidVector_ReturnsCorrectLengthMixedNumbers" storage="/users/nikitavolnuhin/labs_cs/lab8/mathvectorunittests/bin/debug/net8.0/mathvectorunittests.dll" id="fa3e9c5e-7b4e-b335-ea83-e656e6cdb548">
      <Execution id="538b9e49-7b57-4246-acbd-064f77b6d937" />
      <TestMethod codeBase="/Users/nikitavolnuhin/Labs_cs/lab8/MathVectorUnitTests/bin/Debug/net8.0/MathVectorUnitTests.dll" adapterTypeName="executor://xunit/VsTestRunner3/netcore/" className="MathVectorUnitTests.MathVectorUnitTests" name="Length_ValidVector_ReturnsCorrectLengthMixedNumbers" />
    </UnitTest>
    <UnitTest name="MathVectorUnitTests.MathVectorUnitTests.Indexer_ValidIndex_ReturnsCorrectValue" storage="/users/nikitavolnuhin/labs_cs/lab8/mathvectorunittests/bin/debug/net8.0/mathvectorunittests.dll" id="cde1a29a-afbd-bfe3-1d40-5d37f2c37462">
      <Execution id="7a6f7621-22b5-4c5e-b95b-e31f59b42625" />
      <TestMethod codeBase="/Users/nikitavolnuhin/Labs_cs/lab8/MathVectorUnitTests/bin/Debug/net8.0/MathVectorUnitTests.dll" adapterTypeName="executor://xunit/VsTestRunner3/netcore/" className="MathVectorUnitTests.MathVectorUnitTests" name="Indexer_ValidIndex_ReturnsCorrectValue" />
    </UnitTest>
    <UnitTest name="MathVectorUnitTests.MathVectorUnitTests.Length_ValidVector_ReturnsCorrectLengthNegativeNumbers" storage="/users/nikitavolnuhin/labs_cs/lab8/mathvectorunittests/bin/debug/net8.0/mathvectorunittests.dll" id="7ade5cbb-f589-96fa-1f59-6b6421697b1d">
      <Execution id="4ec4a69a-c25c-4c17-889f-3cba65a16097" />
      <TestMethod codeBase="/Users/nikitavolnuhin/Labs_cs/lab8/MathVectorUnitTests/bin/Debug/net8.0/MathVectorUnitTests.dll" adapterTypeName="executor://xunit/VsTestRunner3/netcore/" className="MathVectorUnitTests.MathVectorUnitTests" name="Length_ValidVector_ReturnsCorrectLengthNegativeNumbers" />
    </UnitTest>
    <UnitTest name="MathVectorUnitTests.MathVectorUnitTests.Operator_AdditionInfVector_ReturnsProductVector" storage="/users/nikitavolnuhin/labs_cs/lab8/mathvectorunittests/bin/debug/net8.0/mathvectorunittests.dll" id="18979129-bc7a-7a1b-86aa-add30e5d4a45">
      <Execution id="dea559d2-a71b-4daa-a273-3d3c2be402af" />
      <TestMethod codeBase="/Users/nikitavolnuhin/Labs_cs/lab8/MathVectorUnitTests/bin/Debug/net8.0/MathVectorUnitTests.dll" adapterTypeName="executor://xunit/VsTestRunner3/netcore/" className="MathVectorUnitTests.MathVectorUnitTests" name="Operator_AdditionInfVector_ReturnsProductVector" />
    </UnitTest>
    <UnitTest name="MathVectorUnitTests.MathVectorUnitTests.Operator_AdditionVectorsWithDifferentDimensions_ThrowsArgumentException" storage="/users/nikitavolnuhin/labs_cs/lab8/mathvectorunittests/bin/debug/net8.0/mathvectorunittests.dll" id="34af472e-7f42-a45d-e812-c9a3f3ba57c7">
      <Execution id="b0940809-1f6c-45ec-9674-ebc00c8b4cf7" />
      <TestMethod codeBase="/Users/nikitavolnuhin/Labs_cs/lab8/MathVectorUnitTests/bin/Debug/net8.0/MathVectorUnitTests.dll" adapterTypeName="executor://xunit/VsTestRunner3/netcore/" className="MathVectorUnitTests.MathVectorUnitTests" name="Operator_AdditionVectorsWithDifferentDimensions_ThrowsArgumentException" />
    </UnitTest>
    <UnitTest name="MathVectorUnitTests.MathVectorUnitTests.Operator_MultiplicationVectorsWithDifferentDimensions_ThrowsArgumentException" storage="/users/nikitavolnuhin/labs_cs/lab8/mathvectorunittests/bin/debug/net8.0/mathvectorunittests.dll" id="61e978e2-3dbd-db32-1955-7c1fda46448b">
      <Execution id="9f43eea2-ea4f-48db-b98c-4bdd6d2f3278" />
      <TestMethod codeBase="/Users/nikitavolnuhin/Labs_cs/lab8/MathVectorUnitTests/bin/Debug/net8.0/MathVectorUnitTests.dll" adapterTypeName="executor://xunit/VsTestRunner3/netcore/" className="MathVectorUnitTests.MathVectorUnitTests" name="Operator_MultiplicationVectorsWithDifferentDimensions_ThrowsArgumentException" />
    </UnitTest>
    <UnitTest name="MathVectorUnitTests.MathVectorUnitTests.CalcDistance_ValidVectors_ReturnsCorrectDistance" storage="/users/nikitavolnuhin/labs_cs/lab8/mathvectorunittests/bin/debug/net8.0/mathvectorunittests.dll" id="d80dd9d1-4ba8-b2c5-e5d7-e07533da8d83">
      <Execution id="80733eec-76ff-4a7d-80ea-b6da9547ee86" />
      <TestMethod codeBase="/Users/nikitavolnuhin/Labs_cs/lab8/MathVectorUnitTests/bin/Debug/net8.0/MathVectorUnitTests.dll" adapterTypeName="executor://xunit/VsTestRunner3/netcore/" className="MathVectorUnitTests.MathVectorUnitTests" name="CalcDistance_ValidVectors_ReturnsCorrectDistance" />
    </UnitTest>
    <UnitTest name="MathVectorUnitTests.MathVectorUnitTests.Operator_DivisionVectorsWithZeroArgument_ThrowsArgumentException" storage="/users/nikitavolnuhin/labs_cs/lab8/mathvectorunittests/bin/debug/net8.0/mathvectorunittests.dll" id="d2eac135-8f1e-aed1-2717-0399babac3a7">
      <Execution id="aa6f7a7b-8d30-4c97-a3b2-20df08e1a4f2" />
      <TestMethod codeBase="/Users/nikitavolnuhin/Labs_cs/lab8/MathVectorUnitTests/bin/Debug/net8.0/MathVectorUnitTests.dll" adapterTypeName="executor://xunit/VsTestRunner3/netcore/" className="MathVectorUnitTests.MathVectorUnitTests" name="Operator_DivisionVectorsWithZeroArgument_ThrowsArgumentException" />
    </UnitTest>
    <UnitTest name="MathVectorUnitTests.MathVectorUnitTests.Indexer_SetValueInvalidIndex_ThrowsArgumentException" storage="/users/nikitavolnuhin/labs_cs/lab8/mathvectorunittests/bin/debug/net8.0/mathvectorunittests.dll" id="7f513c68-3a83-ced8-a526-4682153e2352">
      <Execution id="726fb454-7bd8-403b-bdd2-8cf04cd0f1ce" />
      <TestMethod codeBase="/Users/nikitavolnuhin/Labs_cs/lab8/MathVectorUnitTests/bin/Debug/net8.0/MathVectorUnitTests.dll" adapterTypeName="executor://xunit/VsTestRunner3/netcore/" className="MathVectorUnitTests.MathVectorUnitTests" name="Indexer_SetValueInvalidIndex_ThrowsArgumentException" />
    </UnitTest>
    <UnitTest name="MathVectorUnitTests.MathVectorUnitTests.Operator_MultiplicationVectors_ReturnsProductVector" storage="/users/nikitavolnuhin/labs_cs/lab8/mathvectorunittests/bin/debug/net8.0/mathvectorunittests.dll" id="6e0f4c27-1f52-b866-15a6-aeb32fcfca5d">
      <Execution id="e1634179-8d94-440f-9307-66b1b466d714" />
      <TestMethod codeBase="/Users/nikitavolnuhin/Labs_cs/lab8/MathVectorUnitTests/bin/Debug/net8.0/MathVectorUnitTests.dll" adapterTypeName="executor://xunit/VsTestRunner3/netcore/" className="MathVectorUnitTests.MathVectorUnitTests" name="Operator_MultiplicationVectors_ReturnsProductVector" />
    </UnitTest>
    <UnitTest name="MathVectorUnitTests.MathVectorUnitTests.SumInfVector_ValidNumber_ReturnsNewVector" storage="/users/nikitavolnuhin/labs_cs/lab8/mathvectorunittests/bin/debug/net8.0/mathvectorunittests.dll" id="5e2159f7-d826-f03a-b123-910c84d6552b">
      <Execution id="7590494d-2f4a-4b00-b343-167f7489272d" />
      <TestMethod codeBase="/Users/nikitavolnuhin/Labs_cs/lab8/MathVectorUnitTests/bin/Debug/net8.0/MathVectorUnitTests.dll" adapterTypeName="executor://xunit/VsTestRunner3/netcore/" className="MathVectorUnitTests.MathVectorUnitTests" name="SumInfVector_ValidNumber_ReturnsNewVector" />
    </UnitTest>
    <UnitTest name="MathVectorUnitTests.MathVectorUnitTests.Constructor_ValidListInput_CreatesVector" storage="/users/nikitavolnuhin/labs_cs/lab8/mathvectorunittests/bin/debug/net8.0/mathvectorunittests.dll" id="74eaa97b-37d8-f479-3440-ebfd27bdab60">
      <Execution id="64c5e00e-b831-4963-955e-bf50e4c7743e" />
      <TestMethod codeBase="/Users/nikitavolnuhin/Labs_cs/lab8/MathVectorUnitTests/bin/Debug/net8.0/MathVectorUnitTests.dll" adapterTypeName="executor://xunit/VsTestRunner3/netcore/" className="MathVectorUnitTests.MathVectorUnitTests" name="Constructor_ValidListInput_CreatesVector" />
    </UnitTest>
    <UnitTest name="MathVectorUnitTests.MathVectorUnitTests.ScalarMultiply_ValidVectors_ReturnsCorrectResult" storage="/users/nikitavolnuhin/labs_cs/lab8/mathvectorunittests/bin/debug/net8.0/mathvectorunittests.dll" id="17194d27-36f9-e700-f7ee-40b90e3a2333">
      <Execution id="1b2196bf-f9c5-45e9-93d3-c02ad16ce214" />
      <TestMethod codeBase="/Users/nikitavolnuhin/Labs_cs/lab8/MathVectorUnitTests/bin/Debug/net8.0/MathVectorUnitTests.dll" adapterTypeName="executor://xunit/VsTestRunner3/netcore/" className="MathVectorUnitTests.MathVectorUnitTests" name="ScalarMultiply_ValidVectors_ReturnsCorrectResult" />
    </UnitTest>
    <UnitTest name="MathVectorUnitTests.MathVectorUnitTests.Operator_MultiplicationInfVector_ReturnsProductVector" storage="/users/nikitavolnuhin/labs_cs/lab8/mathvectorunittests/bin/debug/net8.0/mathvectorunittests.dll" id="a9426031-33de-f8ab-29dc-ce3dbb045a19">
      <Execution id="5e53e2e3-e78b-479a-abb1-895a9a2c9109" />
      <TestMethod codeBase="/Users/nikitavolnuhin/Labs_cs/lab8/MathVectorUnitTests/bin/Debug/net8.0/MathVectorUnitTests.dll" adapterTypeName="executor://xunit/VsTestRunner3/netcore/" className="MathVectorUnitTests.MathVectorUnitTests" name="Operator_MultiplicationInfVector_ReturnsProductVector" />
    </UnitTest>
    <UnitTest name="MathVectorUnitTests.MathVectorUnitTests.TestDimensions_GetVectorDimensions_ReturnsCorrectValue" storage="/users/nikitavolnuhin/labs_cs/lab8/mathvectorunittests/bin/debug/net8.0/mathvectorunittests.dll" id="35de199f-88c1-e595-0ccd-56fa7cfc83c5">
      <Execution id="788c4509-405a-46cf-b647-d192bf0fca85" />
      <TestMethod codeBase="/Users/nikitavolnuhin/Labs_cs/lab8/MathVectorUnitTests/bin/Debug/net8.0/MathVectorUnitTests.dll" adapterTypeName="executor://xunit/VsTestRunner3/netcore/" className="MathVectorUnitTests.MathVectorUnitTests" name="TestDimensions_GetVectorDimensions_ReturnsCorrectValue" />
    </UnitTest>
    <UnitTest name="MathVectorUnitTests.MathVectorUnitTests.Operator_AdditionVectors_ReturnsSumVector" storage="/users/nikitavolnuhin/labs_cs/lab8/mathvectorunittests/bin/debug/net8.0/mathvectorunittests.dll" id="329882ed-b571-ebd5-de06-e59677611a4f">
      <Execution id="ddac9e1d-73b5-4454-9171-6d6001307e6e" />
      <TestMethod codeBase="/Users/nikitavolnuhin/Labs_cs/lab8/MathVectorUnitTests/bin/Debug/net8.0/MathVectorUnitTests.dll" adapterTypeName="executor://xunit/VsTestRunner3/netcore/" className="MathVectorUnitTests.MathVectorUnitTests" name="Operator_AdditionVectors_ReturnsSumVector" />
    </UnitTest>
    <UnitTest name="MathVectorUnitTests.MathVectorUnitTests.Operator_ToString_ReturnsCorrectValue" storage="/users/nikitavolnuhin/labs_cs/lab8/mathvectorunittests/bin/debug/net8.0/mathvectorunittests.dll" id="69cc9ad6-2b09-272f-1a17-abb1edcbc198">
      <Execution id="ed51523e-b8a7-4eb5-ab2f-4cbff3167ee2" />
      <TestMethod codeBase="/Users/nikitavolnuhin/Labs_cs/lab8/MathVectorUnitTests/bin/Debug/net8.0/MathVectorUnitTests.dll" adapterTypeName="executor://xunit/VsTestRunner3/netcore/" className="MathVectorUnitTests.MathVectorUnitTests" name="Operator_ToString_ReturnsCorrectValue" />
    </UnitTest>
    <UnitTest name="MathVectorUnitTests.MathVectorUnitTests.Constructor_EmptyListInput_ThrowsArgumentException" storage="/users/nikitavolnuhin/labs_cs/lab8/mathvectorunittests/bin/debug/net8.0/mathvectorunittests.dll" id="7220c723-a84a-ee5b-f399-ad3d699aa5e8">
      <Execution id="6a6cdb04-cd38-4ce2-8f60-57c52a4131f7" />
      <TestMethod codeBase="/Users/nikitavolnuhin/Labs_cs/lab8/MathVectorUnitTests/bin/Debug/net8.0/MathVectorUnitTests.dll" adapterTypeName="executor://xunit/VsTestRunner3/netcore/" className="MathVectorUnitTests.MathVectorUnitTests" name="Constructor_EmptyListInput_ThrowsArgumentException" />
    </UnitTest>
    <UnitTest name="MathVectorUnitTests.MathVectorUnitTests.Operator_DivisionInfVector_ReturnsProductVector" storage="/users/nikitavolnuhin/labs_cs/lab8/mathvectorunittests/bin/debug/net8.0/mathvectorunittests.dll" id="c8672000-24be-532a-fded-ec302259bc79">
      <Execution id="85c20b6f-2702-4c9c-a065-4a0505478b24" />
      <TestMethod codeBase="/Users/nikitavolnuhin/Labs_cs/lab8/MathVectorUnitTests/bin/Debug/net8.0/MathVectorUnitTests.dll" adapterTypeName="executor://xunit/VsTestRunner3/netcore/" className="MathVectorUnitTests.MathVectorUnitTests" name="Operator_DivisionInfVector_ReturnsProductVector" />
    </UnitTest>
    <UnitTest name="MathVectorUnitTests.MathVectorUnitTests.Operator_SubtractionVectorsWithDifferentDimensions_ThrowsArgumentException" storage="/users/nikitavolnuhin/labs_cs/lab8/mathvectorunittests/bin/debug/net8.0/mathvectorunittests.dll" id="d153b461-6f09-bc57-a742-e9ec04792aa3">
      <Execution id="e1c413cb-e75b-47cf-be04-256e765a7a31" />
      <TestMethod codeBase="/Users/nikitavolnuhin/Labs_cs/lab8/MathVectorUnitTests/bin/Debug/net8.0/MathVectorUnitTests.dll" adapterTypeName="executor://xunit/VsTestRunner3/netcore/" className="MathVectorUnitTests.MathVectorUnitTests" name="Operator_SubtractionVectorsWithDifferentDimensions_ThrowsArgumentException" />
    </UnitTest>
    <UnitTest name="MathVectorUnitTests.MathVectorUnitTests.Constructor_EmptyArray_ThrowsArgumentException" storage="/users/nikitavolnuhin/labs_cs/lab8/mathvectorunittests/bin/debug/net8.0/mathvectorunittests.dll" id="208c8b03-b504-fd2e-ba82-40ac4445b5d7">
      <Execution id="051c8ff7-b772-43ce-85b8-1d3768afbc60" />
      <TestMethod codeBase="/Users/nikitavolnuhin/Labs_cs/lab8/MathVectorUnitTests/bin/Debug/net8.0/MathVectorUnitTests.dll" adapterTypeName="executor://xunit/VsTestRunner3/netcore/" className="MathVectorUnitTests.MathVectorUnitTests" name="Constructor_EmptyArray_ThrowsArgumentException" />
    </UnitTest>
    <UnitTest name="MathVectorUnitTests.MathVectorUnitTests.MultiplyZero_ValidNumber_ReturnsNewVector" storage="/users/nikitavolnuhin/labs_cs/lab8/mathvectorunittests/bin/debug/net8.0/mathvectorunittests.dll" id="21bcfff5-de83-bc7e-93af-6035dc08259e">
      <Execution id="f0d083e1-3ae2-402d-8944-a6bb6c30851a" />
      <TestMethod codeBase="/Users/nikitavolnuhin/Labs_cs/lab8/MathVectorUnitTests/bin/Debug/net8.0/MathVectorUnitTests.dll" adapterTypeName="executor://xunit/VsTestRunner3/netcore/" className="MathVectorUnitTests.MathVectorUnitTests" name="MultiplyZero_ValidNumber_ReturnsNewVector" />
    </UnitTest>
    <UnitTest name="MathVectorUnitTests.MathVectorUnitTests.Indexer_GetNegativeIndex_ThrowsArgumentException" storage="/users/nikitavolnuhin/labs_cs/lab8/mathvectorunittests/bin/debug/net8.0/mathvectorunittests.dll" id="ae2fc47c-fbfe-3527-a0a9-f02fae95b8a1">
      <Execution id="68117a69-3aed-4ff2-8df0-7d4da20ff439" />
      <TestMethod codeBase="/Users/nikitavolnuhin/Labs_cs/lab8/MathVectorUnitTests/bin/Debug/net8.0/MathVectorUnitTests.dll" adapterTypeName="executor://xunit/VsTestRunner3/netcore/" className="MathVectorUnitTests.MathVectorUnitTests" name="Indexer_GetNegativeIndex_ThrowsArgumentException" />
    </UnitTest>
    <UnitTest name="MathVectorUnitTests.MathVectorUnitTests.SumNegativeNumber_ValidNumber_ReturnsNewVector" storage="/users/nikitavolnuhin/labs_cs/lab8/mathvectorunittests/bin/debug/net8.0/mathvectorunittests.dll" id="84878c59-e624-0401-cbfc-22f4494edd1a">
      <Execution id="7dc2b773-853e-4cb2-98d1-af69a4536a16" />
      <TestMethod codeBase="/Users/nikitavolnuhin/Labs_cs/lab8/MathVectorUnitTests/bin/Debug/net8.0/MathVectorUnitTests.dll" adapterTypeName="executor://xunit/VsTestRunner3/netcore/" className="MathVectorUnitTests.MathVectorUnitTests" name="SumNegativeNumber_ValidNumber_ReturnsNewVector" />
    </UnitTest>
    <UnitTest name="MathVectorUnitTests.MathVectorUnitTests.CalcDistance_DifferentDimensions_ThrowsArgumentException" storage="/users/nikitavolnuhin/labs_cs/lab8/mathvectorunittests/bin/debug/net8.0/mathvectorunittests.dll" id="6ba9c1f6-2e2f-5ee6-490e-6829c9f23ccb">
      <Execution id="353fd5ea-7162-4f67-a452-7dc5cccd94d4" />
      <TestMethod codeBase="/Users/nikitavolnuhin/Labs_cs/lab8/MathVectorUnitTests/bin/Debug/net8.0/MathVectorUnitTests.dll" adapterTypeName="executor://xunit/VsTestRunner3/netcore/" className="MathVectorUnitTests.MathVectorUnitTests" name="CalcDistance_DifferentDimensions_ThrowsArgumentException" />
    </UnitTest>
    <UnitTest name="MathVectorUnitTests.MathVectorUnitTests.MultiplyInfVector_ValidNumber_ReturnsNewVector" storage="/users/nikitavolnuhin/labs_cs/lab8/mathvectorunittests/bin/debug/net8.0/mathvectorunittests.dll" id="d3c9f378-f76e-249c-d5ff-dd46dbe09231">
      <Execution id="5d24cb38-dead-477c-8a48-463de16beac9" />
      <TestMethod codeBase="/Users/nikitavolnuhin/Labs_cs/lab8/MathVectorUnitTests/bin/Debug/net8.0/MathVectorUnitTests.dll" adapterTypeName="executor://xunit/VsTestRunner3/netcore/" className="MathVectorUnitTests.MathVectorUnitTests" name="MultiplyInfVector_ValidNumber_ReturnsNewVector" />
    </UnitTest>
    <UnitTest name="MathVectorUnitTests.MathVectorUnitTests.Sum_ValidVectors_ReturnsSumVector" storage="/users/nikitavolnuhin/labs_cs/lab8/mathvectorunittests/bin/debug/net8.0/mathvectorunittests.dll" id="aa7c942a-cba2-7a7b-5f05-4b77143d7910">
      <Execution id="d278a18c-14ce-4761-af3e-c5f5bff5918d" />
      <TestMethod codeBase="/Users/nikitavolnuhin/Labs_cs/lab8/MathVectorUnitTests/bin/Debug/net8.0/MathVectorUnitTests.dll" adapterTypeName="executor://xunit/VsTestRunner3/netcore/" className="MathVectorUnitTests.MathVectorUnitTests" name="Sum_ValidVectors_ReturnsSumVector" />
    </UnitTest>
    <UnitTest name="MathVectorUnitTests.MathVectorUnitTests.Operator_SubtractionVectors_ReturnsDifferenceVector" storage="/users/nikitavolnuhin/labs_cs/lab8/mathvectorunittests/bin/debug/net8.0/mathvectorunittests.dll" id="5ce061de-517e-bbb8-5607-27b60affab45">
      <Execution id="073064ed-9b2e-4ba4-9767-8adb6b418bdb" />
      <TestMethod codeBase="/Users/nikitavolnuhin/Labs_cs/lab8/MathVectorUnitTests/bin/Debug/net8.0/MathVectorUnitTests.dll" adapterTypeName="executor://xunit/VsTestRunner3/netcore/" className="MathVectorUnitTests.MathVectorUnitTests" name="Operator_SubtractionVectors_ReturnsDifferenceVector" />
    </UnitTest>
    <UnitTest name="MathVectorUnitTests.MathVectorUnitTests.ScalarMultiply_DifferentDimensions_ThrowsArgumentException" storage="/users/nikitavolnuhin/labs_cs/lab8/mathvectorunittests/bin/debug/net8.0/mathvectorunittests.dll" id="3bf53d4b-1102-c375-dac4-a36253176d83">
      <Execution id="4e3ed9c9-cfd4-4aca-a911-c11f3ac1b102" />
      <TestMethod codeBase="/Users/nikitavolnuhin/Labs_cs/lab8/MathVectorUnitTests/bin/Debug/net8.0/MathVectorUnitTests.dll" adapterTypeName="executor://xunit/VsTestRunner3/netcore/" className="MathVectorUnitTests.MathVectorUnitTests" name="ScalarMultiply_DifferentDimensions_ThrowsArgumentException" />
    </UnitTest>
    <UnitTest name="MathVectorUnitTests.MathVectorUnitTests.Indexer_GetValueInvalidIndex_ThrowsArgumentException" storage="/users/nikitavolnuhin/labs_cs/lab8/mathvectorunittests/bin/debug/net8.0/mathvectorunittests.dll" id="f50f4c0d-31cd-4e4f-6ba8-20188c6fa7e0">
      <Execution id="6cb7670a-5723-4e98-9dc0-412a1da6cda8" />
      <TestMethod codeBase="/Users/nikitavolnuhin/Labs_cs/lab8/MathVectorUnitTests/bin/Debug/net8.0/MathVectorUnitTests.dll" adapterTypeName="executor://xunit/VsTestRunner3/netcore/" className="MathVectorUnitTests.MathVectorUnitTests" name="Indexer_GetValueInvalidIndex_ThrowsArgumentException" />
    </UnitTest>
    <UnitTest name="MathVectorUnitTests.MathVectorUnitTests.Indexer_ValidIndex_SetsCorrectValue" storage="/users/nikitavolnuhin/labs_cs/lab8/mathvectorunittests/bin/debug/net8.0/mathvectorunittests.dll" id="c61b3296-d028-391a-d304-e4b52b7d9992">
      <Execution id="80f6e013-f942-48b1-aedb-123f442f9de0" />
      <TestMethod codeBase="/Users/nikitavolnuhin/Labs_cs/lab8/MathVectorUnitTests/bin/Debug/net8.0/MathVectorUnitTests.dll" adapterTypeName="executor://xunit/VsTestRunner3/netcore/" className="MathVectorUnitTests.MathVectorUnitTests" name="Indexer_ValidIndex_SetsCorrectValue" />
    </UnitTest>
  </TestDefinitions>
  <TestEntries>
    <TestEntry testId="7ade5cbb-f589-96fa-1f59-6b6421697b1d" executionId="4ec4a69a-c25c-4c17-889f-3cba65a16097" testListId="8c84fa94-04c1-424b-9868-57a2d4851a1d" />
    <TestEntry testId="16c59ee7-92fc-5c95-27df-eac7775772cd" executionId="dc4e6f59-33ac-405c-a2cf-6b91ea9d5a21" testListId="8c84fa94-04c1-424b-9868-57a2d4851a1d" />
    <TestEntry testId="aa7c942a-cba2-7a7b-5f05-4b77143d7910" executionId="d278a18c-14ce-4761-af3e-c5f5bff5918d" testListId="8c84fa94-04c1-424b-9868-57a2d4851a1d" />
    <TestEntry testId="f50f4c0d-31cd-4e4f-6ba8-20188c6fa7e0" executionId="6cb7670a-5723-4e98-9dc0-412a1da6cda8" testListId="8c84fa94-04c1-424b-9868-57a2d4851a1d" />
    <TestEntry testId="84878c59-e624-0401-cbfc-22f4494edd1a" executionId="7dc2b773-853e-4cb2-98d1-af69a4536a16" testListId="8c84fa94-04c1-424b-9868-57a2d4851a1d" />
    <TestEntry testId="51161611-c1ca-d29e-f1a9-48881ae91ebb" executionId="31ecbe0e-593c-4b10-888d-de03b206ff2b" testListId="8c84fa94-04c1-424b-9868-57a2d4851a1d" />
    <TestEntry testId="d80dd9d1-4ba8-b2c5-e5d7-e07533da8d83" executionId="80733eec-76ff-4a7d-80ea-b6da9547ee86" testListId="8c84fa94-04c1-424b-9868-57a2d4851a1d" />
    <TestEntry testId="c61b3296-d028-391a-d304-e4b52b7d9992" executionId="80f6e013-f942-48b1-aedb-123f442f9de0" testListId="8c84fa94-04c1-424b-9868-57a2d4851a1d" />
    <TestEntry testId="fa3e9c5e-7b4e-b335-ea83-e656e6cdb548" executionId="538b9e49-7b57-4246-acbd-064f77b6d937" testListId="8c84fa94-04c1-424b-9868-57a2d4851a1d" />
    <TestEntry testId="35de199f-88c1-e595-0ccd-56fa7cfc83c5" executionId="788c4509-405a-46cf-b647-d192bf0fca85" testListId="8c84fa94-04c1-424b-9868-57a2d4851a1d" />
    <TestEntry testId="ae2fc47c-fbfe-3527-a0a9-f02fae95b8a1" executionId="68117a69-3aed-4ff2-8df0-7d4da20ff439" testListId="8c84fa94-04c1-424b-9868-57a2d4851a1d" />
    <TestEntry testId="ba7275f1-086d-76ef-33f7-104c85f95c6f" executionId="9fd37887-b73c-45ec-b1f5-92b111e5bbd0" testListId="8c84fa94-04c1-424b-9868-57a2d4851a1d" />
    <TestEntry testId="d153b461-6f09-bc57-a742-e9ec04792aa3" executionId="e1c413cb-e75b-47cf-be04-256e765a7a31" testListId="8c84fa94-04c1-424b-9868-57a2d4851a1d" />
    <TestEntry testId="7220c723-a84a-ee5b-f399-ad3d699aa5e8" executionId="6a6cdb04-cd38-4ce2-8f60-57c52a4131f7" testListId="8c84fa94-04c1-424b-9868-57a2d4851a1d" />
    <TestEntry testId="21bcfff5-de83-bc7e-93af-6035dc08259e" executionId="f0d083e1-3ae2-402d-8944-a6bb6c30851a" testListId="8c84fa94-04c1-424b-9868-57a2d4851a1d" />
    <TestEntry testId="2ac41174-446a-f183-3f5f-94461018c344" executionId="0246a98f-5e10-4cd5-a840-3e29a5bfa91c" testListId="8c84fa94-04c1-424b-9868-57a2d4851a1d" />
    <TestEntry testId="c8672000-24be-532a-fded-ec302259bc79" executionId="85c20b6f-2702-4c9c-a065-4a0505478b24" testListId="8c84fa94-04c1-424b-9868-57a2d4851a1d" />
    <TestEntry testId="85afbd50-c89d-8e41-f42d-c84d023b2325" executionId="6b38024d-f1fa-4cd0-8965-ede7a6600e17" testListId="8c84fa94-04c1-424b-9868-57a2d4851a1d" />
    <TestEntry testId="6ba9c1f6-2e2f-5ee6-490e-6829c9f23ccb" executionId="353fd5ea-7162-4f67-a452-7dc5cccd94d4" testListId="8c84fa94-04c1-424b-9868-57a2d4851a1d" />
    <TestEntry testId="a9426031-33de-f8ab-29dc-ce3dbb045a19" executionId="5e53e2e3-e78b-479a-abb1-895a9a2c9109" testListId="8c84fa94-04c1-424b-9868-57a2d4851a1d" />
    <TestEntry testId="cde1a29a-afbd-bfe3-1d40-5d37f2c37462" executionId="7a6f7621-22b5-4c5e-b95b-e31f59b42625" testListId="8c84fa94-04c1-424b-9868-57a2d4851a1d" />
    <TestEntry testId="d2eac135-8f1e-aed1-2717-0399babac3a7" executionId="aa6f7a7b-8d30-4c97-a3b2-20df08e1a4f2" testListId="8c84fa94-04c1-424b-9868-57a2d4851a1d" />
    <TestEntry testId="17194d27-36f9-e700-f7ee-40b90e3a2333" executionId="1b2196bf-f9c5-45e9-93d3-c02ad16ce214" testListId="8c84fa94-04c1-424b-9868-57a2d4851a1d" />
    <TestEntry testId="7156fb1e-576a-1ad3-2e79-4a80311d64eb" executionId="2e53fb44-71bb-45aa-98fb-a38a9e70fb8c" testListId="8c84fa94-04c1-424b-9868-57a2d4851a1d" />
    <TestEntry testId="b428f2d4-db2c-7bcb-7bba-d6db4a0cbd67" executionId="9a2b152c-99a9-4d4b-8ea3-7e64780d6db4" testListId="8c84fa94-04c1-424b-9868-57a2d4851a1d" />
    <TestEntry testId="34af472e-7f42-a45d-e812-c9a3f3ba57c7" executionId="b0940809-1f6c-45ec-9674-ebc00c8b4cf7" testListId="8c84fa94-04c1-424b-9868-57a2d4851a1d" />
    <TestEntry testId="5ce061de-517e-bbb8-5607-27b60affab45" executionId="073064ed-9b2e-4ba4-9767-8adb6b418bdb" testListId="8c84fa94-04c1-424b-9868-57a2d4851a1d" />
    <TestEntry testId="82dcc863-0c28-f80c-51d0-93fa912b048d" executionId="93be8a8a-9f14-48ac-9c56-898db085d17d" testListId="8c84fa94-04c1-424b-9868-57a2d4851a1d" />
    <TestEntry testId="208c8b03-b504-fd2e-ba82-40ac4445b5d7" executionId="051c8ff7-b772-43ce-85b8-1d3768afbc60" testListId="8c84fa94-04c1-424b-9868-57a2d4851a1d" />
    <TestEntry testId="329882ed-b571-ebd5-de06-e59677611a4f" executionId="ddac9e1d-73b5-4454-9171-6d6001307e6e" testListId="8c84fa94-04c1-424b-9868-57a2d4851a1d" />
    <TestEntry testId="3bf53d4b-1102-c375-dac4-a36253176d83" executionId="4e3ed9c9-cfd4-4aca-a911-c11f3ac1b102" testListId="8c84fa94-04c1-424b-9868-57a2d4851a1d" />
    <TestEntry testId="d3c9f378-f76e-249c-d5ff-dd46dbe09231" executionId="5d24cb38-dead-477c-8a48-463de16beac9" testListId="8c84fa94-04c1-424b-9868-57a2d4851a1d" />
    <TestEntry testId="06b9b0fe-6ef3-de54-a1e5-d766505cdb15" executionId="ff91baed-6a0e-491e-be81-950a4173ef62" testListId="8c84fa94-04c1-424b-9868-57a2d4851a1d" />
    <TestEntry testId="61e978e2-3dbd-db32-1955-7c1fda46448b" executionId="9f43eea2-ea4f-48db-b98c-4bdd6d2f3278" testListId="8c84fa94-04c1-424b-9868-57a2d4851a1d" />
    <TestEntry testId="7f513c68-3a83-ced8-a526-4682153e2352" executionId="726fb454-7bd8-403b-bdd2-8cf04cd0f1ce" testListId="8c84fa94-04c1-424b-9868-57a2d4851a1d" />
    <TestEntry testId="6e0f4c27-1f52-b866-15a6-aeb32fcfca5d" executionId="e1634179-8d94-440f-9307-66b1b466d714" testListId="8c84fa94-04c1-424b-9868-57a2d4851a1d" />
    <TestEntry testId="5e2159f7-d826-f03a-b123-910c84d6552b" executionId="7590494d-2f4a-4b00-b343-167f7489272d" testListId="8c84fa94-04c1-424b-9868-57a2d4851a1d" />
    <TestEntry testId="18979129-bc7a-7a1b-86aa-add30e5d4a45" executionId="dea559d2-a71b-4daa-a273-3d3c2be402af" testListId="8c84fa94-04c1-424b-9868-57a2d4851a1d" />
    <TestEntry testId="74eaa97b-37d8-f479-3440-ebfd27bdab60" executionId="64c5e00e-b831-4963-955e-bf50e4c7743e" testListId="8c84fa94-04c1-424b-9868-57a2d4851a1d" />
    <TestEntry testId="69cc9ad6-2b09-272f-1a17-abb1edcbc198" executionId="ed51523e-b8a7-4eb5-ab2f-4cbff3167ee2" testListId="8c84fa94-04c1-424b-9868-57a2d4851a1d" />
    <TestEntry testId="f8f0a171-6e84-f77e-e717-923096ee728a" executionId="6bc768f7-bf84-4715-bd5a-49e7d5658b47" testListId="8c84fa94-04c1-424b-9868-57a2d4851a1d" />
  </TestEntries>
  <TestLists>
    <TestList name="Список результатов" id="8c84fa94-04c1-424b-9868-57a2d4851a1d" />
    <TestList name="Все загруженные результаты" id="19431567-8539-422a-85d7-44ee4e166bda" />
  </TestLists>
  <ResultSummary outcome="Completed">
    <Counters total="41" executed="41" passed="41" failed="0" error="0" timeout="0" aborted="0" inconclusive="0" passedButRunAborted="0" notRunnable="0" notExecuted="0" disconnected="0" warning="0" completed="0" inProgress="0" pending="0" />
    <Output>
      <StdOut>[xUnit.net 00:00:00.00] xUnit.net VSTest Adapter v3.0.0+e341b939fe (64-bit .NET 8.0.10)
[xUnit.net 00:00:00.03]   Discovering: MathVectorUnitTests
[xUnit.net 00:00:00.05]   Discovered:  MathVectorUnitTests
[xUnit.net 00:00:00.06]   Starting:    MathVectorUnitTests
[xUnit.net 00:00:00.11]   Finished:    MathVectorUnitTests
NUnit Adapter 4.5.0.0: Test execution started
Running all tests in /Users/nikitavolnuhin/Labs_cs/lab8/MathVectorUnitTests/bin/Debug/net8.0/MathVectorUnitTests.dll
   NUnit failed to load /Users/nikitavolnuhin/Labs_cs/lab8/MathVectorUnitTests/bin/Debug/net8.0/MathVectorUnitTests.dll
NUnit Adapter 4.5.0.0: Test execution complete
</StdOut>
    </Output>
  </ResultSummary>
</TestRun>