<?xml version="1.0" encoding="utf-8"?>
<TestRun id="58f5aa50-13d9-4b33-9efb-7ef852c7ba13" name="@MacBook-Pro-Nikita 2024-12-22 22:59:21" xmlns="http://microsoft.com/schemas/VisualStudio/TeamTest/2010">
  <Times creation="2024-12-22T22:59:22.0001020+03:00" queuing="2024-12-22T22:59:22.0001020+03:00" start="2024-12-22T22:59:21.6364620+03:00" finish="2024-12-22T22:59:22.0489220+03:00" />
  <TestSettings name="default" id="639e954e-2c64-4369-9028-c06f14ef92c7">
    <Deployment runDeploymentRoot="_MacBook-Pro-Nikita_2024-12-22_22_59_21" />
  </TestSettings>
  <Results>
    <UnitTestResult executionId="a27e9d67-259d-4086-80d2-e7f72e8ad9e8" testId="cde1a29a-afbd-bfe3-1d40-5d37f2c37462" testName="MathVectorUnitTests.MathVectorUnitTests.Indexer_ValidIndex_ReturnsCorrectValue" computerName="MacBook-Pro-Nikita" duration="00:00:00.0000581" startTime="2024-12-22T22:59:21.9637380+03:00" endTime="2024-12-22T22:59:21.9637620+03:00" testType="13cdc9d9-ddb5-4fa4-a97d-d965ccfc6d4b" outcome="Passed" testListId="8c84fa94-04c1-424b-9868-57a2d4851a1d" relativeResultsDirectory="a27e9d67-259d-4086-80d2-e7f72e8ad9e8" />
    <UnitTestResult executionId="7ed4a411-5f41-407f-98af-2dad507367a9" testId="d3c9f378-f76e-249c-d5ff-dd46dbe09231" testName="MathVectorUnitTests.MathVectorUnitTests.MultiplyInfVector_ValidNumber_ReturnsNewVector" computerName="MacBook-Pro-Nikita" duration="00:00:00.0001688" startTime="2024-12-22T22:59:21.9770780+03:00" endTime="2024-12-22T22:59:21.9771010+03:00" testType="13cdc9d9-ddb5-4fa4-a97d-d965ccfc6d4b" outcome="Passed" testListId="8c84fa94-04c1-424b-9868-57a2d4851a1d" relativeResultsDirectory="7ed4a411-5f41-407f-98af-2dad507367a9" />
    <UnitTestResult executionId="65395375-ef15-4a10-939d-eeb45b2736b4" testId="85afbd50-c89d-8e41-f42d-c84d023b2325" testName="MathVectorUnitTests.MathVectorUnitTests.Sum_DifferentDimensions_ThrowsArgumentException" computerName="MacBook-Pro-Nikita" duration="00:00:00.0001341" startTime="2024-12-22T22:59:21.9786560+03:00" endTime="2024-12-22T22:59:21.9786780+03:00" testType="13cdc9d9-ddb5-4fa4-a97d-d965ccfc6d4b" outcome="Passed" testListId="8c84fa94-04c1-424b-9868-57a2d4851a1d" relativeResultsDirectory="65395375-ef15-4a10-939d-eeb45b2736b4" />
    <UnitTestResult executionId="fe574d8e-c08b-47eb-8ed9-540362a4f6c0" testId="82dcc863-0c28-f80c-51d0-93fa912b048d" testName="MathVectorUnitTests.MathVectorUnitTests.MultiplyNegativeNumber_ValidNumber_ReturnsNewVector" computerName="MacBook-Pro-Nikita" duration="00:00:00.0001079" startTime="2024-12-22T22:59:21.9801170+03:00" endTime="2024-12-22T22:59:21.9801390+03:00" testType="13cdc9d9-ddb5-4fa4-a97d-d965ccfc6d4b" outcome="Passed" testListId="8c84fa94-04c1-424b-9868-57a2d4851a1d" relativeResultsDirectory="fe574d8e-c08b-47eb-8ed9-540362a4f6c0" />
    <UnitTestResult executionId="24a502ca-bd1c-4972-8ff3-c64019e0c0ed" testId="c8672000-24be-532a-fded-ec302259bc79" testName="MathVectorUnitTests.MathVectorUnitTests.Operator_DivisionInfVector_ReturnsProductVector" computerName="MacBook-Pro-Nikita" duration="00:00:00.0007186" startTime="2024-12-22T22:59:21.9626810+03:00" endTime="2024-12-22T22:59:21.9633660+03:00" testType="13cdc9d9-ddb5-4fa4-a97d-d965ccfc6d4b" outcome="Passed" testListId="8c84fa94-04c1-424b-9868-57a2d4851a1d" relativeResultsDirectory="24a502ca-bd1c-4972-8ff3-c64019e0c0ed" />
    <UnitTestResult executionId="0b29d32b-6beb-489a-aaa1-b7aba3129e24" testId="6ba9c1f6-2e2f-5ee6-490e-6829c9f23ccb" testName="MathVectorUnitTests.MathVectorUnitTests.CalcDistance_DifferentDimensions_ThrowsArgumentException" computerName="MacBook-Pro-Nikita" duration="00:00:00.0003061" startTime="2024-12-22T22:59:21.9619800+03:00" endTime="2024-12-22T22:59:21.9622480+03:00" testType="13cdc9d9-ddb5-4fa4-a97d-d965ccfc6d4b" outcome="Passed" testListId="8c84fa94-04c1-424b-9868-57a2d4851a1d" relativeResultsDirectory="0b29d32b-6beb-489a-aaa1-b7aba3129e24" />
    <UnitTestResult executionId="17f79c30-bae4-4047-98ee-31d9ef93a11e" testId="21bcfff5-de83-bc7e-93af-6035dc08259e" testName="MathVectorUnitTests.MathVectorUnitTests.MultiplyZero_ValidNumber_ReturnsNewVector" computerName="MacBook-Pro-Nikita" duration="00:00:00.0000741" startTime="2024-12-22T22:59:21.9784380+03:00" endTime="2024-12-22T22:59:21.9784610+03:00" testType="13cdc9d9-ddb5-4fa4-a97d-d965ccfc6d4b" outcome="Passed" testListId="8c84fa94-04c1-424b-9868-57a2d4851a1d" relativeResultsDirectory="17f79c30-bae4-4047-98ee-31d9ef93a11e" />
    <UnitTestResult executionId="8598ff83-8d5f-482a-a438-24591b5b68ed" testId="d2eac135-8f1e-aed1-2717-0399babac3a7" testName="MathVectorUnitTests.MathVectorUnitTests.Operator_DivisionVectorsWithZeroArgument_ThrowsArgumentException" computerName="MacBook-Pro-Nikita" duration="00:00:00.0001606" startTime="2024-12-22T22:59:21.9803390+03:00" endTime="2024-12-22T22:59:21.9803610+03:00" testType="13cdc9d9-ddb5-4fa4-a97d-d965ccfc6d4b" outcome="Passed" testListId="8c84fa94-04c1-424b-9868-57a2d4851a1d" relativeResultsDirectory="8598ff83-8d5f-482a-a438-24591b5b68ed" />
    <UnitTestResult executionId="c0d2f499-ca6f-4e20-b2a4-998435e76cff" testId="d153b461-6f09-bc57-a742-e9ec04792aa3" testName="MathVectorUnitTests.MathVectorUnitTests.Operator_SubtractionVectorsWithDifferentDimensions_ThrowsArgumentException" computerName="MacBook-Pro-Nikita" duration="00:00:00.0001660" startTime="2024-12-22T22:59:21.9774470+03:00" endTime="2024-12-22T22:59:21.9774690+03:00" testType="13cdc9d9-ddb5-4fa4-a97d-d965ccfc6d4b" outcome="Passed" testListId="8c84fa94-04c1-424b-9868-57a2d4851a1d" relativeResultsDirectory="c0d2f499-ca6f-4e20-b2a4-998435e76cff" />
    <UnitTestResult executionId="da75d801-c253-419a-937e-6c16558b7983" testId="84878c59-e624-0401-cbfc-22f4494edd1a" testName="MathVectorUnitTests.MathVectorUnitTests.SumNegativeNumber_ValidNumber_ReturnsNewVector" computerName="MacBook-Pro-Nikita" duration="00:00:00.0056019" startTime="2024-12-22T22:59:21.9578340+03:00" endTime="2024-12-22T22:59:21.9600310+03:00" testType="13cdc9d9-ddb5-4fa4-a97d-d965ccfc6d4b" outcome="Passed" testListId="8c84fa94-04c1-424b-9868-57a2d4851a1d" relativeResultsDirectory="da75d801-c253-419a-937e-6c16558b7983" />
    <UnitTestResult executionId="20bbb273-019a-4367-bf31-e38b7ea8d0f3" testId="fa3e9c5e-7b4e-b335-ea83-e656e6cdb548" testName="MathVectorUnitTests.MathVectorUnitTests.Length_ValidVector_ReturnsCorrectLengthMixedNumbers" computerName="MacBook-Pro-Nikita" duration="00:00:00.0017401" startTime="2024-12-22T22:59:21.9603070+03:00" endTime="2024-12-22T22:59:21.9618030+03:00" testType="13cdc9d9-ddb5-4fa4-a97d-d965ccfc6d4b" outcome="Passed" testListId="8c84fa94-04c1-424b-9868-57a2d4851a1d" relativeResultsDirectory="20bbb273-019a-4367-bf31-e38b7ea8d0f3" />
    <UnitTestResult executionId="5d2d4409-ed17-4a63-b0d2-dbb953443764" testId="2ac41174-446a-f183-3f5f-94461018c344" testName="MathVectorUnitTests.MathVectorUnitTests.Constructor_ValidArrayInput_CreatesVector" computerName="MacBook-Pro-Nikita" duration="00:00:00.0003819" startTime="2024-12-22T22:59:21.9770010+03:00" endTime="2024-12-22T22:59:21.9770250+03:00" testType="13cdc9d9-ddb5-4fa4-a97d-d965ccfc6d4b" outcome="Passed" testListId="8c84fa94-04c1-424b-9868-57a2d4851a1d" relativeResultsDirectory="5d2d4409-ed17-4a63-b0d2-dbb953443764" />
    <UnitTestResult executionId="177c8ea9-998c-4cae-a9e2-69264ed19703" testId="17194d27-36f9-e700-f7ee-40b90e3a2333" testName="MathVectorUnitTests.MathVectorUnitTests.ScalarMultiply_ValidVectors_ReturnsCorrectResult" computerName="MacBook-Pro-Nikita" duration="00:00:00.0001080" startTime="2024-12-22T22:59:21.9797230+03:00" endTime="2024-12-22T22:59:21.9797430+03:00" testType="13cdc9d9-ddb5-4fa4-a97d-d965ccfc6d4b" outcome="Passed" testListId="8c84fa94-04c1-424b-9868-57a2d4851a1d" relativeResultsDirectory="177c8ea9-998c-4cae-a9e2-69264ed19703" />
    <UnitTestResult executionId="986cd49c-9023-47c4-9b73-86cff295dcbc" testId="7ade5cbb-f589-96fa-1f59-6b6421697b1d" testName="MathVectorUnitTests.MathVectorUnitTests.Length_ValidVector_ReturnsCorrectLengthNegativeNumbers" computerName="MacBook-Pro-Nikita" duration="00:00:00.0000487" startTime="2024-12-22T22:59:21.9792440+03:00" endTime="2024-12-22T22:59:21.9792670+03:00" testType="13cdc9d9-ddb5-4fa4-a97d-d965ccfc6d4b" outcome="Passed" testListId="8c84fa94-04c1-424b-9868-57a2d4851a1d" relativeResultsDirectory="986cd49c-9023-47c4-9b73-86cff295dcbc" />
    <UnitTestResult executionId="166bdc9c-a588-4681-a836-ef2ef2eab871" testId="51161611-c1ca-d29e-f1a9-48881ae91ebb" testName="MathVectorUnitTests.MathVectorUnitTests.Indexer_SetNegativeIndex_ThrowsArgumentException" computerName="MacBook-Pro-Nikita" duration="00:00:00.0001061" startTime="2024-12-22T22:59:21.9795260+03:00" endTime="2024-12-22T22:59:21.9795460+03:00" testType="13cdc9d9-ddb5-4fa4-a97d-d965ccfc6d4b" outcome="Passed" testListId="8c84fa94-04c1-424b-9868-57a2d4851a1d" relativeResultsDirectory="166bdc9c-a588-4681-a836-ef2ef2eab871" />
    <UnitTestResult executionId="0602b775-334a-455f-a94d-a2a3a7660de5" testId="5e2159f7-d826-f03a-b123-910c84d6552b" testName="MathVectorUnitTests.MathVectorUnitTests.SumInfVector_ValidNumber_ReturnsNewVector" computerName="MacBook-Pro-Nikita" duration="00:00:00.0000979" startTime="2024-12-22T22:59:21.9788600+03:00" endTime="2024-12-22T22:59:21.9788810+03:00" testType="13cdc9d9-ddb5-4fa4-a97d-d965ccfc6d4b" outcome="Passed" testListId="8c84fa94-04c1-424b-9868-57a2d4851a1d" relativeResultsDirectory="0602b775-334a-455f-a94d-a2a3a7660de5" />
    <UnitTestResult executionId="21e61077-a32d-45b1-83e8-1880438d7fc8" testId="f8f0a171-6e84-f77e-e717-923096ee728a" testName="MathVectorUnitTests.MathVectorUnitTests.SumPositiveNumber_ValidNumber_ReturnsNewVector" computerName="MacBook-Pro-Nikita" duration="00:00:00.0001068" startTime="2024-12-22T22:59:21.9618640+03:00" endTime="2024-12-22T22:59:21.9619250+03:00" testType="13cdc9d9-ddb5-4fa4-a97d-d965ccfc6d4b" outcome="Passed" testListId="8c84fa94-04c1-424b-9868-57a2d4851a1d" relativeResultsDirectory="21e61077-a32d-45b1-83e8-1880438d7fc8" />
    <UnitTestResult executionId="5d895f8b-9157-45ac-a1c7-bafd24c28244" testId="7220c723-a84a-ee5b-f399-ad3d699aa5e8" testName="MathVectorUnitTests.MathVectorUnitTests.Constructor_EmptyListInput_ThrowsArgumentException" computerName="MacBook-Pro-Nikita" duration="00:00:00.0094866" startTime="2024-12-22T22:59:21.9414640+03:00" endTime="2024-12-22T22:59:21.9543190+03:00" testType="13cdc9d9-ddb5-4fa4-a97d-d965ccfc6d4b" outcome="Passed" testListId="8c84fa94-04c1-424b-9868-57a2d4851a1d" relativeResultsDirectory="5d895f8b-9157-45ac-a1c7-bafd24c28244" />
    <UnitTestResult executionId="122d35f1-5692-42c1-b732-867ce15a045d" testId="6e0f4c27-1f52-b866-15a6-aeb32fcfca5d" testName="MathVectorUnitTests.MathVectorUnitTests.Operator_MultiplicationVectors_ReturnsProductVector" computerName="MacBook-Pro-Nikita" duration="00:00:00.0001027" startTime="2024-12-22T22:59:21.9801910+03:00" endTime="2024-12-22T22:59:21.9802160+03:00" testType="13cdc9d9-ddb5-4fa4-a97d-d965ccfc6d4b" outcome="Passed" testListId="8c84fa94-04c1-424b-9868-57a2d4851a1d" relativeResultsDirectory="122d35f1-5692-42c1-b732-867ce15a045d" />
    <UnitTestResult executionId="0108d721-5879-4d07-829d-a6ab1f037e74" testId="5ce061de-517e-bbb8-5607-27b60affab45" testName="MathVectorUnitTests.MathVectorUnitTests.Operator_SubtractionVectors_ReturnsDifferenceVector" computerName="MacBook-Pro-Nikita" duration="00:00:00.0002374" startTime="2024-12-22T22:59:21.9773080+03:00" endTime="2024-12-22T22:59:21.9773290+03:00" testType="13cdc9d9-ddb5-4fa4-a97d-d965ccfc6d4b" outcome="Passed" testListId="8c84fa94-04c1-424b-9868-57a2d4851a1d" relativeResultsDirectory="0108d721-5879-4d07-829d-a6ab1f037e74" />
    <UnitTestResult executionId="9c7e1453-5444-4da1-86d4-c4ab74625d62" testId="7156fb1e-576a-1ad3-2e79-4a80311d64eb" testName="MathVectorUnitTests.MathVectorUnitTests.Operator_SubtractionInfVector_ReturnsProductVector" computerName="MacBook-Pro-Nikita" duration="00:00:00.0001051" startTime="2024-12-22T22:59:21.9796590+03:00" endTime="2024-12-22T22:59:21.9796790+03:00" testType="13cdc9d9-ddb5-4fa4-a97d-d965ccfc6d4b" outcome="Passed" testListId="8c84fa94-04c1-424b-9868-57a2d4851a1d" relativeResultsDirectory="9c7e1453-5444-4da1-86d4-c4ab74625d62" />
    <UnitTestResult executionId="f95a163b-dc6d-4a5b-8018-966ddee5bdb9" testId="329882ed-b571-ebd5-de06-e59677611a4f" testName="MathVectorUnitTests.MathVectorUnitTests.Operator_AdditionVectors_ReturnsSumVector" computerName="MacBook-Pro-Nikita" duration="00:00:00.0000971" startTime="2024-12-22T22:59:21.9804080+03:00" endTime="2024-12-22T22:59:21.9804270+03:00" testType="13cdc9d9-ddb5-4fa4-a97d-d965ccfc6d4b" outcome="Passed" testListId="8c84fa94-04c1-424b-9868-57a2d4851a1d" relativeResultsDirectory="f95a163b-dc6d-4a5b-8018-966ddee5bdb9" />
    <UnitTestResult executionId="663a649d-ecdb-4fa8-b76d-0f49ec7a2227" testId="06b9b0fe-6ef3-de54-a1e5-d766505cdb15" testName="MathVectorUnitTests.MathVectorUnitTests.MultiplyPositiveNumber_ValidNumber_ReturnsNewVector" computerName="MacBook-Pro-Nikita" duration="00:00:00.0000896" startTime="2024-12-22T22:59:21.9773770+03:00" endTime="2024-12-22T22:59:21.9773980+03:00" testType="13cdc9d9-ddb5-4fa4-a97d-d965ccfc6d4b" outcome="Passed" testListId="8c84fa94-04c1-424b-9868-57a2d4851a1d" relativeResultsDirectory="663a649d-ecdb-4fa8-b76d-0f49ec7a2227" />
    <UnitTestResult executionId="a645cc9d-0e59-4848-b532-08e6895977b9" testId="208c8b03-b504-fd2e-ba82-40ac4445b5d7" testName="MathVectorUnitTests.MathVectorUnitTests.Constructor_EmptyArray_ThrowsArgumentException" computerName="MacBook-Pro-Nikita" duration="00:00:00.0001974" startTime="2024-12-22T22:59:21.9793180+03:00" endTime="2024-12-22T22:59:21.9793400+03:00" testType="13cdc9d9-ddb5-4fa4-a97d-d965ccfc6d4b" outcome="Passed" testListId="8c84fa94-04c1-424b-9868-57a2d4851a1d" relativeResultsDirectory="a645cc9d-0e59-4848-b532-08e6895977b9" />
    <UnitTestResult executionId="9f861b8b-8587-46ac-843b-b54c8c784623" testId="aa7c942a-cba2-7a7b-5f05-4b77143d7910" testName="MathVectorUnitTests.MathVectorUnitTests.Sum_ValidVectors_ReturnsSumVector" computerName="MacBook-Pro-Nikita" duration="00:00:00.0000952" startTime="2024-12-22T22:59:21.9794540+03:00" endTime="2024-12-22T22:59:21.9794790+03:00" testType="13cdc9d9-ddb5-4fa4-a97d-d965ccfc6d4b" outcome="Passed" testListId="8c84fa94-04c1-424b-9868-57a2d4851a1d" relativeResultsDirectory="9f861b8b-8587-46ac-843b-b54c8c784623" />
    <UnitTestResult executionId="cd6f5735-cf3a-4b20-b6f5-49abfdc17f19" testId="d80dd9d1-4ba8-b2c5-e5d7-e07533da8d83" testName="MathVectorUnitTests.MathVectorUnitTests.CalcDistance_ValidVectors_ReturnsCorrectDistance" computerName="MacBook-Pro-Nikita" duration="00:00:00.0007777" startTime="2024-12-22T22:59:21.9785130+03:00" endTime="2024-12-22T22:59:21.9785340+03:00" testType="13cdc9d9-ddb5-4fa4-a97d-d965ccfc6d4b" outcome="Passed" testListId="8c84fa94-04c1-424b-9868-57a2d4851a1d" relativeResultsDirectory="cd6f5735-cf3a-4b20-b6f5-49abfdc17f19" />
    <UnitTestResult executionId="323b31c6-979f-4307-b7f4-c7548f4c1b6a" testId="3bf53d4b-1102-c375-dac4-a36253176d83" testName="MathVectorUnitTests.MathVectorUnitTests.ScalarMultiply_DifferentDimensions_ThrowsArgumentException" computerName="MacBook-Pro-Nikita" duration="00:00:00.0002415" startTime="2024-12-22T22:59:21.9769140+03:00" endTime="2024-12-22T22:59:21.9769400+03:00" testType="13cdc9d9-ddb5-4fa4-a97d-d965ccfc6d4b" outcome="Passed" testListId="8c84fa94-04c1-424b-9868-57a2d4851a1d" relativeResultsDirectory="323b31c6-979f-4307-b7f4-c7548f4c1b6a" />
    <UnitTestResult executionId="32fbfc4f-dfba-4a86-baa1-bec4787b7343" testId="16c59ee7-92fc-5c95-27df-eac7775772cd" testName="MathVectorUnitTests.MathVectorUnitTests.Operator_DivisionVectorsWithDifferentDimensions_ThrowsArgumentException" computerName="MacBook-Pro-Nikita" duration="00:00:00.0003546" startTime="2024-12-22T22:59:21.9623070+03:00" endTime="2024-12-22T22:59:21.9626250+03:00" testType="13cdc9d9-ddb5-4fa4-a97d-d965ccfc6d4b" outcome="Passed" testListId="8c84fa94-04c1-424b-9868-57a2d4851a1d" relativeResultsDirectory="32fbfc4f-dfba-4a86-baa1-bec4787b7343" />
    <UnitTestResult executionId="b896a676-7c6f-44c0-a4c9-3c482efa3c1c" testId="b428f2d4-db2c-7bcb-7bba-d6db4a0cbd67" testName="MathVectorUnitTests.MathVectorUnitTests.Length_ValidVector_ReturnsCorrectLengthPositiveNumbers" computerName="MacBook-Pro-Nikita" duration="00:00:00.0000501" startTime="2024-12-22T22:59:21.9771540+03:00" endTime="2024-12-22T22:59:21.9771760+03:00" testType="13cdc9d9-ddb5-4fa4-a97d-d965ccfc6d4b" outcome="Passed" testListId="8c84fa94-04c1-424b-9868-57a2d4851a1d" relativeResultsDirectory="b896a676-7c6f-44c0-a4c9-3c482efa3c1c" />
    <UnitTestResult executionId="bc093282-399e-48cb-b965-ab8c481f8d87" testId="c61b3296-d028-391a-d304-e4b52b7d9992" testName="MathVectorUnitTests.MathVectorUnitTests.Indexer_ValidIndex_SetsCorrectValue" computerName="MacBook-Pro-Nikita" duration="00:00:00.0000609" startTime="2024-12-22T22:59:21.9787240+03:00" endTime="2024-12-22T22:59:21.9787450+03:00" testType="13cdc9d9-ddb5-4fa4-a97d-d965ccfc6d4b" outcome="Passed" testListId="8c84fa94-04c1-424b-9868-57a2d4851a1d" relativeResultsDirectory="bc093282-399e-48cb-b965-ab8c481f8d87" />
    <UnitTestResult executionId="7cae5f48-5b03-45a5-85bb-f411433de1cb" testId="61e978e2-3dbd-db32-1955-7c1fda46448b" testName="MathVectorUnitTests.MathVectorUnitTests.Operator_MultiplicationVectorsWithDifferentDimensions_ThrowsArgumentException" computerName="MacBook-Pro-Nikita" duration="00:00:00.0002865" startTime="2024-12-22T22:59:21.9634260+03:00" endTime="2024-12-22T22:59:21.9636700+03:00" testType="13cdc9d9-ddb5-4fa4-a97d-d965ccfc6d4b" outcome="Passed" testListId="8c84fa94-04c1-424b-9868-57a2d4851a1d" relativeResultsDirectory="7cae5f48-5b03-45a5-85bb-f411433de1cb" />
    <UnitTestResult executionId="b670a109-1158-4885-b2d7-8c5ab668ec03" testId="ba7275f1-086d-76ef-33f7-104c85f95c6f" testName="MathVectorUnitTests.MathVectorUnitTests.Operator_DivisionVectors_ReturnsProductVector" computerName="MacBook-Pro-Nikita" duration="00:00:00.0000944" startTime="2024-12-22T22:59:21.9795930+03:00" endTime="2024-12-22T22:59:21.9796120+03:00" testType="13cdc9d9-ddb5-4fa4-a97d-d965ccfc6d4b" outcome="Passed" testListId="8c84fa94-04c1-424b-9868-57a2d4851a1d" relativeResultsDirectory="b670a109-1158-4885-b2d7-8c5ab668ec03" />
    <UnitTestResult executionId="081ff517-7b60-4152-a292-44f9bffcec7c" testId="34af472e-7f42-a45d-e812-c9a3f3ba57c7" testName="MathVectorUnitTests.MathVectorUnitTests.Operator_AdditionVectorsWithDifferentDimensions_ThrowsArgumentException" computerName="MacBook-Pro-Nikita" duration="00:00:00.0001566" startTime="2024-12-22T22:59:21.9787900+03:00" endTime="2024-12-22T22:59:21.9788100+03:00" testType="13cdc9d9-ddb5-4fa4-a97d-d965ccfc6d4b" outcome="Passed" testListId="8c84fa94-04c1-424b-9868-57a2d4851a1d" relativeResultsDirectory="081ff517-7b60-4152-a292-44f9bffcec7c" />
    <UnitTestResult executionId="9b57dbd3-f6e8-4581-b589-4e04a36f5dec" testId="7f513c68-3a83-ced8-a526-4682153e2352" testName="MathVectorUnitTests.MathVectorUnitTests.Indexer_SetValueInvalidIndex_ThrowsArgumentException" computerName="MacBook-Pro-Nikita" duration="00:00:00.0001548" startTime="2024-12-22T22:59:21.9772260+03:00" endTime="2024-12-22T22:59:21.9772540+03:00" testType="13cdc9d9-ddb5-4fa4-a97d-d965ccfc6d4b" outcome="Passed" testListId="8c84fa94-04c1-424b-9868-57a2d4851a1d" relativeResultsDirectory="9b57dbd3-f6e8-4581-b589-4e04a36f5dec" />
    <UnitTestResult executionId="b01cbd8a-290e-4c74-80ef-f195c20ad546" testId="35de199f-88c1-e595-0ccd-56fa7cfc83c5" testName="MathVectorUnitTests.MathVectorUnitTests.TestDimensions_GetVectorDimensions_ReturnsCorrectValue" computerName="MacBook-Pro-Nikita" duration="00:00:00.0003888" startTime="2024-12-22T22:59:21.9767510+03:00" endTime="2024-12-22T22:59:21.9767880+03:00" testType="13cdc9d9-ddb5-4fa4-a97d-d965ccfc6d4b" outcome="Passed" testListId="8c84fa94-04c1-424b-9868-57a2d4851a1d" relativeResultsDirectory="b01cbd8a-290e-4c74-80ef-f195c20ad546" />
    <UnitTestResult executionId="12d3a40c-d5e1-41b6-9820-c2f6f6d849a0" testId="69cc9ad6-2b09-272f-1a17-abb1edcbc198" testName="MathVectorUnitTests.MathVectorUnitTests.Operator_ToString_ReturnsCorrectValue" computerName="MacBook-Pro-Nikita" duration="00:00:00.0016348" startTime="2024-12-22T22:59:21.9797870+03:00" endTime="2024-12-22T22:59:21.9798070+03:00" testType="13cdc9d9-ddb5-4fa4-a97d-d965ccfc6d4b" outcome="Passed" testListId="8c84fa94-04c1-424b-9868-57a2d4851a1d" relativeResultsDirectory="12d3a40c-d5e1-41b6-9820-c2f6f6d849a0" />
    <UnitTestResult executionId="c15bd063-86f7-4f7a-86fc-f3b56b95f1ad" testId="f50f4c0d-31cd-4e4f-6ba8-20188c6fa7e0" testName="MathVectorUnitTests.MathVectorUnitTests.Indexer_GetValueInvalidIndex_ThrowsArgumentException" computerName="MacBook-Pro-Nikita" duration="00:00:00.0001176" startTime="2024-12-22T22:59:21.9793860+03:00" endTime="2024-12-22T22:59:21.9794070+03:00" testType="13cdc9d9-ddb5-4fa4-a97d-d965ccfc6d4b" outcome="Passed" testListId="8c84fa94-04c1-424b-9868-57a2d4851a1d" relativeResultsDirectory="c15bd063-86f7-4f7a-86fc-f3b56b95f1ad" />
    <UnitTestResult executionId="725d6e07-4e78-414a-aeca-2199f83bf61f" testId="ae2fc47c-fbfe-3527-a0a9-f02fae95b8a1" testName="MathVectorUnitTests.MathVectorUnitTests.Indexer_GetNegativeIndex_ThrowsArgumentException" computerName="MacBook-Pro-Nikita" duration="00:00:00.0001169" startTime="2024-12-22T22:59:21.9782400+03:00" endTime="2024-12-22T22:59:21.9782780+03:00" testType="13cdc9d9-ddb5-4fa4-a97d-d965ccfc6d4b" outcome="Passed" testListId="8c84fa94-04c1-424b-9868-57a2d4851a1d" relativeResultsDirectory="725d6e07-4e78-414a-aeca-2199f83bf61f" />
    <UnitTestResult executionId="ad5440e4-1110-4a4a-9605-ae71a9b18ddc" testId="a9426031-33de-f8ab-29dc-ce3dbb045a19" testName="MathVectorUnitTests.MathVectorUnitTests.Operator_MultiplicationInfVector_ReturnsProductVector" computerName="MacBook-Pro-Nikita" duration="00:00:00.0001312" startTime="2024-12-22T22:59:21.9783600+03:00" endTime="2024-12-22T22:59:21.9783830+03:00" testType="13cdc9d9-ddb5-4fa4-a97d-d965ccfc6d4b" outcome="Passed" testListId="8c84fa94-04c1-424b-9868-57a2d4851a1d" relativeResultsDirectory="ad5440e4-1110-4a4a-9605-ae71a9b18ddc" />
    <UnitTestResult executionId="f31e7f0a-26ea-4558-8188-1299466188a3" testId="18979129-bc7a-7a1b-86aa-add30e5d4a45" testName="MathVectorUnitTests.MathVectorUnitTests.Operator_AdditionInfVector_ReturnsProductVector" computerName="MacBook-Pro-Nikita" duration="00:00:00.0001319" startTime="2024-12-22T22:59:21.9785830+03:00" endTime="2024-12-22T22:59:21.9786080+03:00" testType="13cdc9d9-ddb5-4fa4-a97d-d965ccfc6d4b" outcome="Passed" testListId="8c84fa94-04c1-424b-9868-57a2d4851a1d" relativeResultsDirectory="f31e7f0a-26ea-4558-8188-1299466188a3" />
    <UnitTestResult executionId="0222b025-9721-4752-bebf-39d1b2a08773" testId="74eaa97b-37d8-f479-3440-ebfd27bdab60" testName="MathVectorUnitTests.MathVectorUnitTests.Constructor_ValidListInput_CreatesVector" computerName="MacBook-Pro-Nikita" duration="00:00:00.0004476" startTime="2024-12-22T22:59:21.9802670+03:00" endTime="2024-12-22T22:59:21.9802900+03:00" testType="13cdc9d9-ddb5-4fa4-a97d-d965ccfc6d4b" outcome="Passed" testListId="8c84fa94-04c1-424b-9868-57a2d4851a1d" relativeResultsDirectory="0222b025-9721-4752-bebf-39d1b2a08773" />
  </Results>
  <TestDefinitions>
    <UnitTest name="MathVectorUnitTests.MathVectorUnitTests.Operator_SubtractionInfVector_ReturnsProductVector" storage="/users/nikitavolnuhin/labs_cs/lab8/mathvectorunittests/bin/debug/net8.0/mathvectorunittests.dll" id="7156fb1e-576a-1ad3-2e79-4a80311d64eb">
      <Execution id="9c7e1453-5444-4da1-86d4-c4ab74625d62" />
      <TestMethod codeBase="/Users/nikitavolnuhin/Labs_cs/lab8/MathVectorUnitTests/bin/Debug/net8.0/MathVectorUnitTests.dll" adapterTypeName="executor://xunit/VsTestRunner3/netcore/" className="MathVectorUnitTests.MathVectorUnitTests" name="Operator_SubtractionInfVector_ReturnsProductVector" />
    </UnitTest>
    <UnitTest name="MathVectorUnitTests.MathVectorUnitTests.Constructor_ValidArrayInput_CreatesVector" storage="/users/nikitavolnuhin/labs_cs/lab8/mathvectorunittests/bin/debug/net8.0/mathvectorunittests.dll" id="2ac41174-446a-f183-3f5f-94461018c344">
      <Execution id="5d2d4409-ed17-4a63-b0d2-dbb953443764" />
      <TestMethod codeBase="/Users/nikitavolnuhin/Labs_cs/lab8/MathVectorUnitTests/bin/Debug/net8.0/MathVectorUnitTests.dll" adapterTypeName="executor://xunit/VsTestRunner3/netcore/" className="MathVectorUnitTests.MathVectorUnitTests" name="Constructor_ValidArrayInput_CreatesVector" />
    </UnitTest>
    <UnitTest name="MathVectorUnitTests.MathVectorUnitTests.SumPositiveNumber_ValidNumber_ReturnsNewVector" storage="/users/nikitavolnuhin/labs_cs/lab8/mathvectorunittests/bin/debug/net8.0/mathvectorunittests.dll" id="f8f0a171-6e84-f77e-e717-923096ee728a">
      <Execution id="21e61077-a32d-45b1-83e8-1880438d7fc8" />
      <TestMethod codeBase="/Users/nikitavolnuhin/Labs_cs/lab8/MathVectorUnitTests/bin/Debug/net8.0/MathVectorUnitTests.dll" adapterTypeName="executor://xunit/VsTestRunner3/netcore/" className="MathVectorUnitTests.MathVectorUnitTests" name="SumPositiveNumber_ValidNumber_ReturnsNewVector" />
    </UnitTest>
    <UnitTest name="MathVectorUnitTests.MathVectorUnitTests.Indexer_SetNegativeIndex_ThrowsArgumentException" storage="/users/nikitavolnuhin/labs_cs/lab8/mathvectorunittests/bin/debug/net8.0/mathvectorunittests.dll" id="51161611-c1ca-d29e-f1a9-48881ae91ebb">
      <Execution id="166bdc9c-a588-4681-a836-ef2ef2eab871" />
      <TestMethod codeBase="/Users/nikitavolnuhin/Labs_cs/lab8/MathVectorUnitTests/bin/Debug/net8.0/MathVectorUnitTests.dll" adapterTypeName="executor://xunit/VsTestRunner3/netcore/" className="MathVectorUnitTests.MathVectorUnitTests" name="Indexer_SetNegativeIndex_ThrowsArgumentException" />
    </UnitTest>
    <UnitTest name="MathVectorUnitTests.MathVectorUnitTests.MultiplyPositiveNumber_ValidNumber_ReturnsNewVector" storage="/users/nikitavolnuhin/labs_cs/lab8/mathvectorunittests/bin/debug/net8.0/mathvectorunittests.dll" id="06b9b0fe-6ef3-de54-a1e5-d766505cdb15">
      <Execution id="663a649d-ecdb-4fa8-b76d-0f49ec7a2227" />
      <TestMethod codeBase="/Users/nikitavolnuhin/Labs_cs/lab8/MathVectorUnitTests/bin/Debug/net8.0/MathVectorUnitTests.dll" adapterTypeName="executor://xunit/VsTestRunner3/netcore/" className="MathVectorUnitTests.MathVectorUnitTests" name="MultiplyPositiveNumber_ValidNumber_ReturnsNewVector" />
    </UnitTest>
    <UnitTest name="MathVectorUnitTests.MathVectorUnitTests.Operator_DivisionVectorsWithDifferentDimensions_ThrowsArgumentException" storage="/users/nikitavolnuhin/labs_cs/lab8/mathvectorunittests/bin/debug/net8.0/mathvectorunittests.dll" id="16c59ee7-92fc-5c95-27df-eac7775772cd">
      <Execution id="32fbfc4f-dfba-4a86-baa1-bec4787b7343" />
      <TestMethod codeBase="/Users/nikitavolnuhin/Labs_cs/lab8/MathVectorUnitTests/bin/Debug/net8.0/MathVectorUnitTests.dll" adapterTypeName="executor://xunit/VsTestRunner3/netcore/" className="MathVectorUnitTests.MathVectorUnitTests" name="Operator_DivisionVectorsWithDifferentDimensions_ThrowsArgumentException" />
    </UnitTest>
    <UnitTest name="MathVectorUnitTests.MathVectorUnitTests.Length_ValidVector_ReturnsCorrectLengthPositiveNumbers" storage="/users/nikitavolnuhin/labs_cs/lab8/mathvectorunittests/bin/debug/net8.0/mathvectorunittests.dll" id="b428f2d4-db2c-7bcb-7bba-d6db4a0cbd67">
      <Execution id="b896a676-7c6f-44c0-a4c9-3c482efa3c1c" />
      <TestMethod codeBase="/Users/nikitavolnuhin/Labs_cs/lab8/MathVectorUnitTests/bin/Debug/net8.0/MathVectorUnitTests.dll" adapterTypeName="executor://xunit/VsTestRunner3/netcore/" className="MathVectorUnitTests.MathVectorUnitTests" name="Length_ValidVector_ReturnsCorrectLengthPositiveNumbers" />
    </UnitTest>
    <UnitTest name="MathVectorUnitTests.MathVectorUnitTests.Sum_DifferentDimensions_ThrowsArgumentException" storage="/users/nikitavolnuhin/labs_cs/lab8/mathvectorunittests/bin/debug/net8.0/mathvectorunittests.dll" id="85afbd50-c89d-8e41-f42d-c84d023b2325">
      <Execution id="65395375-ef15-4a10-939d-eeb45b2736b4" />
      <TestMethod codeBase="/Users/nikitavolnuhin/Labs_cs/lab8/MathVectorUnitTests/bin/Debug/net8.0/MathVectorUnitTests.dll" adapterTypeName="executor://xunit/VsTestRunner3/netcore/" className="MathVectorUnitTests.MathVectorUnitTests" name="Sum_DifferentDimensions_ThrowsArgumentException" />
    </UnitTest>
    <UnitTest name="MathVectorUnitTests.MathVectorUnitTests.MultiplyNegativeNumber_ValidNumber_ReturnsNewVector" storage="/users/nikitavolnuhin/labs_cs/lab8/mathvectorunittests/bin/debug/net8.0/mathvectorunittests.dll" id="82dcc863-0c28-f80c-51d0-93fa912b048d">
      <Execution id="fe574d8e-c08b-47eb-8ed9-540362a4f6c0" />
      <TestMethod codeBase="/Users/nikitavolnuhin/Labs_cs/lab8/MathVectorUnitTests/bin/Debug/net8.0/MathVectorUnitTests.dll" adapterTypeName="executor://xunit/VsTestRunner3/netcore/" className="MathVectorUnitTests.MathVectorUnitTests" name="MultiplyNegativeNumber_ValidNumber_ReturnsNewVector" />
    </UnitTest>
    <UnitTest name="MathVectorUnitTests.MathVectorUnitTests.Operator_DivisionVectors_ReturnsProductVector" storage="/users/nikitavolnuhin/labs_cs/lab8/mathvectorunittests/bin/debug/net8.0/mathvectorunittests.dll" id="ba7275f1-086d-76ef-33f7-104c85f95c6f">
      <Execution id="b670a109-1158-4885-b2d7-8c5ab668ec03" />
      <TestMethod codeBase="/Users/nikitavolnuhin/Labs_cs/lab8/MathVectorUnitTests/bin/Debug/net8.0/MathVectorUnitTests.dll" adapterTypeName="executor://xunit/VsTestRunner3/netcore/" className="MathVectorUnitTests.MathVectorUnitTests" name="Operator_DivisionVectors_ReturnsProductVector" />
    </UnitTest>
    <UnitTest name="MathVectorUnitTests.MathVectorUnitTests.Length_ValidVector_ReturnsCorrectLengthMixedNumbers" storage="/users/nikitavolnuhin/labs_cs/lab8/mathvectorunittests/bin/debug/net8.0/mathvectorunittests.dll" id="fa3e9c5e-7b4e-b335-ea83-e656e6cdb548">
      <Execution id="20bbb273-019a-4367-bf31-e38b7ea8d0f3" />
      <TestMethod codeBase="/Users/nikitavolnuhin/Labs_cs/lab8/MathVectorUnitTests/bin/Debug/net8.0/MathVectorUnitTests.dll" adapterTypeName="executor://xunit/VsTestRunner3/netcore/" className="MathVectorUnitTests.MathVectorUnitTests" name="Length_ValidVector_ReturnsCorrectLengthMixedNumbers" />
    </UnitTest>
    <UnitTest name="MathVectorUnitTests.MathVectorUnitTests.Indexer_ValidIndex_ReturnsCorrectValue" storage="/users/nikitavolnuhin/labs_cs/lab8/mathvectorunittests/bin/debug/net8.0/mathvectorunittests.dll" id="cde1a29a-afbd-bfe3-1d40-5d37f2c37462">
      <Execution id="a27e9d67-259d-4086-80d2-e7f72e8ad9e8" />
      <TestMethod codeBase="/Users/nikitavolnuhin/Labs_cs/lab8/MathVectorUnitTests/bin/Debug/net8.0/MathVectorUnitTests.dll" adapterTypeName="executor://xunit/VsTestRunner3/netcore/" className="MathVectorUnitTests.MathVectorUnitTests" name="Indexer_ValidIndex_ReturnsCorrectValue" />
    </UnitTest>
    <UnitTest name="MathVectorUnitTests.MathVectorUnitTests.Length_ValidVector_ReturnsCorrectLengthNegativeNumbers" storage="/users/nikitavolnuhin/labs_cs/lab8/mathvectorunittests/bin/debug/net8.0/mathvectorunittests.dll" id="7ade5cbb-f589-96fa-1f59-6b6421697b1d">
      <Execution id="986cd49c-9023-47c4-9b73-86cff295dcbc" />
      <TestMethod codeBase="/Users/nikitavolnuhin/Labs_cs/lab8/MathVectorUnitTests/bin/Debug/net8.0/MathVectorUnitTests.dll" adapterTypeName="executor://xunit/VsTestRunner3/netcore/" className="MathVectorUnitTests.MathVectorUnitTests" name="Length_ValidVector_ReturnsCorrectLengthNegativeNumbers" />
    </UnitTest>
    <UnitTest name="MathVectorUnitTests.MathVectorUnitTests.Operator_AdditionInfVector_ReturnsProductVector" storage="/users/nikitavolnuhin/labs_cs/lab8/mathvectorunittests/bin/debug/net8.0/mathvectorunittests.dll" id="18979129-bc7a-7a1b-86aa-add30e5d4a45">
      <Execution id="f31e7f0a-26ea-4558-8188-1299466188a3" />
      <TestMethod codeBase="/Users/nikitavolnuhin/Labs_cs/lab8/MathVectorUnitTests/bin/Debug/net8.0/MathVectorUnitTests.dll" adapterTypeName="executor://xunit/VsTestRunner3/netcore/" className="MathVectorUnitTests.MathVectorUnitTests" name="Operator_AdditionInfVector_ReturnsProductVector" />
    </UnitTest>
    <UnitTest name="MathVectorUnitTests.MathVectorUnitTests.Operator_AdditionVectorsWithDifferentDimensions_ThrowsArgumentException" storage="/users/nikitavolnuhin/labs_cs/lab8/mathvectorunittests/bin/debug/net8.0/mathvectorunittests.dll" id="34af472e-7f42-a45d-e812-c9a3f3ba57c7">
      <Execution id="081ff517-7b60-4152-a292-44f9bffcec7c" />
      <TestMethod codeBase="/Users/nikitavolnuhin/Labs_cs/lab8/MathVectorUnitTests/bin/Debug/net8.0/MathVectorUnitTests.dll" adapterTypeName="executor://xunit/VsTestRunner3/netcore/" className="MathVectorUnitTests.MathVectorUnitTests" name="Operator_AdditionVectorsWithDifferentDimensions_ThrowsArgumentException" />
    </UnitTest>
    <UnitTest name="MathVectorUnitTests.MathVectorUnitTests.Operator_MultiplicationVectorsWithDifferentDimensions_ThrowsArgumentException" storage="/users/nikitavolnuhin/labs_cs/lab8/mathvectorunittests/bin/debug/net8.0/mathvectorunittests.dll" id="61e978e2-3dbd-db32-1955-7c1fda46448b">
      <Execution id="7cae5f48-5b03-45a5-85bb-f411433de1cb" />
      <TestMethod codeBase="/Users/nikitavolnuhin/Labs_cs/lab8/MathVectorUnitTests/bin/Debug/net8.0/MathVectorUnitTests.dll" adapterTypeName="executor://xunit/VsTestRunner3/netcore/" className="MathVectorUnitTests.MathVectorUnitTests" name="Operator_MultiplicationVectorsWithDifferentDimensions_ThrowsArgumentException" />
    </UnitTest>
    <UnitTest name="MathVectorUnitTests.MathVectorUnitTests.CalcDistance_ValidVectors_ReturnsCorrectDistance" storage="/users/nikitavolnuhin/labs_cs/lab8/mathvectorunittests/bin/debug/net8.0/mathvectorunittests.dll" id="d80dd9d1-4ba8-b2c5-e5d7-e07533da8d83">
      <Execution id="cd6f5735-cf3a-4b20-b6f5-49abfdc17f19" />
      <TestMethod codeBase="/Users/nikitavolnuhin/Labs_cs/lab8/MathVectorUnitTests/bin/Debug/net8.0/MathVectorUnitTests.dll" adapterTypeName="executor://xunit/VsTestRunner3/netcore/" className="MathVectorUnitTests.MathVectorUnitTests" name="CalcDistance_ValidVectors_ReturnsCorrectDistance" />
    </UnitTest>
    <UnitTest name="MathVectorUnitTests.MathVectorUnitTests.Operator_DivisionVectorsWithZeroArgument_ThrowsArgumentException" storage="/users/nikitavolnuhin/labs_cs/lab8/mathvectorunittests/bin/debug/net8.0/mathvectorunittests.dll" id="d2eac135-8f1e-aed1-2717-0399babac3a7">
      <Execution id="8598ff83-8d5f-482a-a438-24591b5b68ed" />
      <TestMethod codeBase="/Users/nikitavolnuhin/Labs_cs/lab8/MathVectorUnitTests/bin/Debug/net8.0/MathVectorUnitTests.dll" adapterTypeName="executor://xunit/VsTestRunner3/netcore/" className="MathVectorUnitTests.MathVectorUnitTests" name="Operator_DivisionVectorsWithZeroArgument_ThrowsArgumentException" />
    </UnitTest>
    <UnitTest name="MathVectorUnitTests.MathVectorUnitTests.Indexer_SetValueInvalidIndex_ThrowsArgumentException" storage="/users/nikitavolnuhin/labs_cs/lab8/mathvectorunittests/bin/debug/net8.0/mathvectorunittests.dll" id="7f513c68-3a83-ced8-a526-4682153e2352">
      <Execution id="9b57dbd3-f6e8-4581-b589-4e04a36f5dec" />
      <TestMethod codeBase="/Users/nikitavolnuhin/Labs_cs/lab8/MathVectorUnitTests/bin/Debug/net8.0/MathVectorUnitTests.dll" adapterTypeName="executor://xunit/VsTestRunner3/netcore/" className="MathVectorUnitTests.MathVectorUnitTests" name="Indexer_SetValueInvalidIndex_ThrowsArgumentException" />
    </UnitTest>
    <UnitTest name="MathVectorUnitTests.MathVectorUnitTests.Operator_MultiplicationVectors_ReturnsProductVector" storage="/users/nikitavolnuhin/labs_cs/lab8/mathvectorunittests/bin/debug/net8.0/mathvectorunittests.dll" id="6e0f4c27-1f52-b866-15a6-aeb32fcfca5d">
      <Execution id="122d35f1-5692-42c1-b732-867ce15a045d" />
      <TestMethod codeBase="/Users/nikitavolnuhin/Labs_cs/lab8/MathVectorUnitTests/bin/Debug/net8.0/MathVectorUnitTests.dll" adapterTypeName="executor://xunit/VsTestRunner3/netcore/" className="MathVectorUnitTests.MathVectorUnitTests" name="Operator_MultiplicationVectors_ReturnsProductVector" />
    </UnitTest>
    <UnitTest name="MathVectorUnitTests.MathVectorUnitTests.SumInfVector_ValidNumber_ReturnsNewVector" storage="/users/nikitavolnuhin/labs_cs/lab8/mathvectorunittests/bin/debug/net8.0/mathvectorunittests.dll" id="5e2159f7-d826-f03a-b123-910c84d6552b">
      <Execution id="0602b775-334a-455f-a94d-a2a3a7660de5" />
      <TestMethod codeBase="/Users/nikitavolnuhin/Labs_cs/lab8/MathVectorUnitTests/bin/Debug/net8.0/MathVectorUnitTests.dll" adapterTypeName="executor://xunit/VsTestRunner3/netcore/" className="MathVectorUnitTests.MathVectorUnitTests" name="SumInfVector_ValidNumber_ReturnsNewVector" />
    </UnitTest>
    <UnitTest name="MathVectorUnitTests.MathVectorUnitTests.Constructor_ValidListInput_CreatesVector" storage="/users/nikitavolnuhin/labs_cs/lab8/mathvectorunittests/bin/debug/net8.0/mathvectorunittests.dll" id="74eaa97b-37d8-f479-3440-ebfd27bdab60">
      <Execution id="0222b025-9721-4752-bebf-39d1b2a08773" />
      <TestMethod codeBase="/Users/nikitavolnuhin/Labs_cs/lab8/MathVectorUnitTests/bin/Debug/net8.0/MathVectorUnitTests.dll" adapterTypeName="executor://xunit/VsTestRunner3/netcore/" className="MathVectorUnitTests.MathVectorUnitTests" name="Constructor_ValidListInput_CreatesVector" />
    </UnitTest>
    <UnitTest name="MathVectorUnitTests.MathVectorUnitTests.ScalarMultiply_ValidVectors_ReturnsCorrectResult" storage="/users/nikitavolnuhin/labs_cs/lab8/mathvectorunittests/bin/debug/net8.0/mathvectorunittests.dll" id="17194d27-36f9-e700-f7ee-40b90e3a2333">
      <Execution id="177c8ea9-998c-4cae-a9e2-69264ed19703" />
      <TestMethod codeBase="/Users/nikitavolnuhin/Labs_cs/lab8/MathVectorUnitTests/bin/Debug/net8.0/MathVectorUnitTests.dll" adapterTypeName="executor://xunit/VsTestRunner3/netcore/" className="MathVectorUnitTests.MathVectorUnitTests" name="ScalarMultiply_ValidVectors_ReturnsCorrectResult" />
    </UnitTest>
    <UnitTest name="MathVectorUnitTests.MathVectorUnitTests.Operator_MultiplicationInfVector_ReturnsProductVector" storage="/users/nikitavolnuhin/labs_cs/lab8/mathvectorunittests/bin/debug/net8.0/mathvectorunittests.dll" id="a9426031-33de-f8ab-29dc-ce3dbb045a19">
      <Execution id="ad5440e4-1110-4a4a-9605-ae71a9b18ddc" />
      <TestMethod codeBase="/Users/nikitavolnuhin/Labs_cs/lab8/MathVectorUnitTests/bin/Debug/net8.0/MathVectorUnitTests.dll" adapterTypeName="executor://xunit/VsTestRunner3/netcore/" className="MathVectorUnitTests.MathVectorUnitTests" name="Operator_MultiplicationInfVector_ReturnsProductVector" />
    </UnitTest>
    <UnitTest name="MathVectorUnitTests.MathVectorUnitTests.TestDimensions_GetVectorDimensions_ReturnsCorrectValue" storage="/users/nikitavolnuhin/labs_cs/lab8/mathvectorunittests/bin/debug/net8.0/mathvectorunittests.dll" id="35de199f-88c1-e595-0ccd-56fa7cfc83c5">
      <Execution id="b01cbd8a-290e-4c74-80ef-f195c20ad546" />
      <TestMethod codeBase="/Users/nikitavolnuhin/Labs_cs/lab8/MathVectorUnitTests/bin/Debug/net8.0/MathVectorUnitTests.dll" adapterTypeName="executor://xunit/VsTestRunner3/netcore/" className="MathVectorUnitTests.MathVectorUnitTests" name="TestDimensions_GetVectorDimensions_ReturnsCorrectValue" />
    </UnitTest>
    <UnitTest name="MathVectorUnitTests.MathVectorUnitTests.Operator_AdditionVectors_ReturnsSumVector" storage="/users/nikitavolnuhin/labs_cs/lab8/mathvectorunittests/bin/debug/net8.0/mathvectorunittests.dll" id="329882ed-b571-ebd5-de06-e59677611a4f">
      <Execution id="f95a163b-dc6d-4a5b-8018-966ddee5bdb9" />
      <TestMethod codeBase="/Users/nikitavolnuhin/Labs_cs/lab8/MathVectorUnitTests/bin/Debug/net8.0/MathVectorUnitTests.dll" adapterTypeName="executor://xunit/VsTestRunner3/netcore/" className="MathVectorUnitTests.MathVectorUnitTests" name="Operator_AdditionVectors_ReturnsSumVector" />
    </UnitTest>
    <UnitTest name="MathVectorUnitTests.MathVectorUnitTests.Operator_ToString_ReturnsCorrectValue" storage="/users/nikitavolnuhin/labs_cs/lab8/mathvectorunittests/bin/debug/net8.0/mathvectorunittests.dll" id="69cc9ad6-2b09-272f-1a17-abb1edcbc198">
      <Execution id="12d3a40c-d5e1-41b6-9820-c2f6f6d849a0" />
      <TestMethod codeBase="/Users/nikitavolnuhin/Labs_cs/lab8/MathVectorUnitTests/bin/Debug/net8.0/MathVectorUnitTests.dll" adapterTypeName="executor://xunit/VsTestRunner3/netcore/" className="MathVectorUnitTests.MathVectorUnitTests" name="Operator_ToString_ReturnsCorrectValue" />
    </UnitTest>
    <UnitTest name="MathVectorUnitTests.MathVectorUnitTests.Constructor_EmptyListInput_ThrowsArgumentException" storage="/users/nikitavolnuhin/labs_cs/lab8/mathvectorunittests/bin/debug/net8.0/mathvectorunittests.dll" id="7220c723-a84a-ee5b-f399-ad3d699aa5e8">
      <Execution id="5d895f8b-9157-45ac-a1c7-bafd24c28244" />
      <TestMethod codeBase="/Users/nikitavolnuhin/Labs_cs/lab8/MathVectorUnitTests/bin/Debug/net8.0/MathVectorUnitTests.dll" adapterTypeName="executor://xunit/VsTestRunner3/netcore/" className="MathVectorUnitTests.MathVectorUnitTests" name="Constructor_EmptyListInput_ThrowsArgumentException" />
    </UnitTest>
    <UnitTest name="MathVectorUnitTests.MathVectorUnitTests.Operator_DivisionInfVector_ReturnsProductVector" storage="/users/nikitavolnuhin/labs_cs/lab8/mathvectorunittests/bin/debug/net8.0/mathvectorunittests.dll" id="c8672000-24be-532a-fded-ec302259bc79">
      <Execution id="24a502ca-bd1c-4972-8ff3-c64019e0c0ed" />
      <TestMethod codeBase="/Users/nikitavolnuhin/Labs_cs/lab8/MathVectorUnitTests/bin/Debug/net8.0/MathVectorUnitTests.dll" adapterTypeName="executor://xunit/VsTestRunner3/netcore/" className="MathVectorUnitTests.MathVectorUnitTests" name="Operator_DivisionInfVector_ReturnsProductVector" />
    </UnitTest>
    <UnitTest name="MathVectorUnitTests.MathVectorUnitTests.Operator_SubtractionVectorsWithDifferentDimensions_ThrowsArgumentException" storage="/users/nikitavolnuhin/labs_cs/lab8/mathvectorunittests/bin/debug/net8.0/mathvectorunittests.dll" id="d153b461-6f09-bc57-a742-e9ec04792aa3">
      <Execution id="c0d2f499-ca6f-4e20-b2a4-998435e76cff" />
      <TestMethod codeBase="/Users/nikitavolnuhin/Labs_cs/lab8/MathVectorUnitTests/bin/Debug/net8.0/MathVectorUnitTests.dll" adapterTypeName="executor://xunit/VsTestRunner3/netcore/" className="MathVectorUnitTests.MathVectorUnitTests" name="Operator_SubtractionVectorsWithDifferentDimensions_ThrowsArgumentException" />
    </UnitTest>
    <UnitTest name="MathVectorUnitTests.MathVectorUnitTests.Constructor_EmptyArray_ThrowsArgumentException" storage="/users/nikitavolnuhin/labs_cs/lab8/mathvectorunittests/bin/debug/net8.0/mathvectorunittests.dll" id="208c8b03-b504-fd2e-ba82-40ac4445b5d7">
      <Execution id="a645cc9d-0e59-4848-b532-08e6895977b9" />
      <TestMethod codeBase="/Users/nikitavolnuhin/Labs_cs/lab8/MathVectorUnitTests/bin/Debug/net8.0/MathVectorUnitTests.dll" adapterTypeName="executor://xunit/VsTestRunner3/netcore/" className="MathVectorUnitTests.MathVectorUnitTests" name="Constructor_EmptyArray_ThrowsArgumentException" />
    </UnitTest>
    <UnitTest name="MathVectorUnitTests.MathVectorUnitTests.MultiplyZero_ValidNumber_ReturnsNewVector" storage="/users/nikitavolnuhin/labs_cs/lab8/mathvectorunittests/bin/debug/net8.0/mathvectorunittests.dll" id="21bcfff5-de83-bc7e-93af-6035dc08259e">
      <Execution id="17f79c30-bae4-4047-98ee-31d9ef93a11e" />
      <TestMethod codeBase="/Users/nikitavolnuhin/Labs_cs/lab8/MathVectorUnitTests/bin/Debug/net8.0/MathVectorUnitTests.dll" adapterTypeName="executor://xunit/VsTestRunner3/netcore/" className="MathVectorUnitTests.MathVectorUnitTests" name="MultiplyZero_ValidNumber_ReturnsNewVector" />
    </UnitTest>
    <UnitTest name="MathVectorUnitTests.MathVectorUnitTests.Indexer_GetNegativeIndex_ThrowsArgumentException" storage="/users/nikitavolnuhin/labs_cs/lab8/mathvectorunittests/bin/debug/net8.0/mathvectorunittests.dll" id="ae2fc47c-fbfe-3527-a0a9-f02fae95b8a1">
      <Execution id="725d6e07-4e78-414a-aeca-2199f83bf61f" />
      <TestMethod codeBase="/Users/nikitavolnuhin/Labs_cs/lab8/MathVectorUnitTests/bin/Debug/net8.0/MathVectorUnitTests.dll" adapterTypeName="executor://xunit/VsTestRunner3/netcore/" className="MathVectorUnitTests.MathVectorUnitTests" name="Indexer_GetNegativeIndex_ThrowsArgumentException" />
    </UnitTest>
    <UnitTest name="MathVectorUnitTests.MathVectorUnitTests.SumNegativeNumber_ValidNumber_ReturnsNewVector" storage="/users/nikitavolnuhin/labs_cs/lab8/mathvectorunittests/bin/debug/net8.0/mathvectorunittests.dll" id="84878c59-e624-0401-cbfc-22f4494edd1a">
      <Execution id="da75d801-c253-419a-937e-6c16558b7983" />
      <TestMethod codeBase="/Users/nikitavolnuhin/Labs_cs/lab8/MathVectorUnitTests/bin/Debug/net8.0/MathVectorUnitTests.dll" adapterTypeName="executor://xunit/VsTestRunner3/netcore/" className="MathVectorUnitTests.MathVectorUnitTests" name="SumNegativeNumber_ValidNumber_ReturnsNewVector" />
    </UnitTest>
    <UnitTest name="MathVectorUnitTests.MathVectorUnitTests.CalcDistance_DifferentDimensions_ThrowsArgumentException" storage="/users/nikitavolnuhin/labs_cs/lab8/mathvectorunittests/bin/debug/net8.0/mathvectorunittests.dll" id="6ba9c1f6-2e2f-5ee6-490e-6829c9f23ccb">
      <Execution id="0b29d32b-6beb-489a-aaa1-b7aba3129e24" />
      <TestMethod codeBase="/Users/nikitavolnuhin/Labs_cs/lab8/MathVectorUnitTests/bin/Debug/net8.0/MathVectorUnitTests.dll" adapterTypeName="executor://xunit/VsTestRunner3/netcore/" className="MathVectorUnitTests.MathVectorUnitTests" name="CalcDistance_DifferentDimensions_ThrowsArgumentException" />
    </UnitTest>
    <UnitTest name="MathVectorUnitTests.MathVectorUnitTests.MultiplyInfVector_ValidNumber_ReturnsNewVector" storage="/users/nikitavolnuhin/labs_cs/lab8/mathvectorunittests/bin/debug/net8.0/mathvectorunittests.dll" id="d3c9f378-f76e-249c-d5ff-dd46dbe09231">
      <Execution id="7ed4a411-5f41-407f-98af-2dad507367a9" />
      <TestMethod codeBase="/Users/nikitavolnuhin/Labs_cs/lab8/MathVectorUnitTests/bin/Debug/net8.0/MathVectorUnitTests.dll" adapterTypeName="executor://xunit/VsTestRunner3/netcore/" className="MathVectorUnitTests.MathVectorUnitTests" name="MultiplyInfVector_ValidNumber_ReturnsNewVector" />
    </UnitTest>
    <UnitTest name="MathVectorUnitTests.MathVectorUnitTests.Sum_ValidVectors_ReturnsSumVector" storage="/users/nikitavolnuhin/labs_cs/lab8/mathvectorunittests/bin/debug/net8.0/mathvectorunittests.dll" id="aa7c942a-cba2-7a7b-5f05-4b77143d7910">
      <Execution id="9f861b8b-8587-46ac-843b-b54c8c784623" />
      <TestMethod codeBase="/Users/nikitavolnuhin/Labs_cs/lab8/MathVectorUnitTests/bin/Debug/net8.0/MathVectorUnitTests.dll" adapterTypeName="executor://xunit/VsTestRunner3/netcore/" className="MathVectorUnitTests.MathVectorUnitTests" name="Sum_ValidVectors_ReturnsSumVector" />
    </UnitTest>
    <UnitTest name="MathVectorUnitTests.MathVectorUnitTests.Operator_SubtractionVectors_ReturnsDifferenceVector" storage="/users/nikitavolnuhin/labs_cs/lab8/mathvectorunittests/bin/debug/net8.0/mathvectorunittests.dll" id="5ce061de-517e-bbb8-5607-27b60affab45">
      <Execution id="0108d721-5879-4d07-829d-a6ab1f037e74" />
      <TestMethod codeBase="/Users/nikitavolnuhin/Labs_cs/lab8/MathVectorUnitTests/bin/Debug/net8.0/MathVectorUnitTests.dll" adapterTypeName="executor://xunit/VsTestRunner3/netcore/" className="MathVectorUnitTests.MathVectorUnitTests" name="Operator_SubtractionVectors_ReturnsDifferenceVector" />
    </UnitTest>
    <UnitTest name="MathVectorUnitTests.MathVectorUnitTests.ScalarMultiply_DifferentDimensions_ThrowsArgumentException" storage="/users/nikitavolnuhin/labs_cs/lab8/mathvectorunittests/bin/debug/net8.0/mathvectorunittests.dll" id="3bf53d4b-1102-c375-dac4-a36253176d83">
      <Execution id="323b31c6-979f-4307-b7f4-c7548f4c1b6a" />
      <TestMethod codeBase="/Users/nikitavolnuhin/Labs_cs/lab8/MathVectorUnitTests/bin/Debug/net8.0/MathVectorUnitTests.dll" adapterTypeName="executor://xunit/VsTestRunner3/netcore/" className="MathVectorUnitTests.MathVectorUnitTests" name="ScalarMultiply_DifferentDimensions_ThrowsArgumentException" />
    </UnitTest>
    <UnitTest name="MathVectorUnitTests.MathVectorUnitTests.Indexer_GetValueInvalidIndex_ThrowsArgumentException" storage="/users/nikitavolnuhin/labs_cs/lab8/mathvectorunittests/bin/debug/net8.0/mathvectorunittests.dll" id="f50f4c0d-31cd-4e4f-6ba8-20188c6fa7e0">
      <Execution id="c15bd063-86f7-4f7a-86fc-f3b56b95f1ad" />
      <TestMethod codeBase="/Users/nikitavolnuhin/Labs_cs/lab8/MathVectorUnitTests/bin/Debug/net8.0/MathVectorUnitTests.dll" adapterTypeName="executor://xunit/VsTestRunner3/netcore/" className="MathVectorUnitTests.MathVectorUnitTests" name="Indexer_GetValueInvalidIndex_ThrowsArgumentException" />
    </UnitTest>
    <UnitTest name="MathVectorUnitTests.MathVectorUnitTests.Indexer_ValidIndex_SetsCorrectValue" storage="/users/nikitavolnuhin/labs_cs/lab8/mathvectorunittests/bin/debug/net8.0/mathvectorunittests.dll" id="c61b3296-d028-391a-d304-e4b52b7d9992">
      <Execution id="bc093282-399e-48cb-b965-ab8c481f8d87" />
      <TestMethod codeBase="/Users/nikitavolnuhin/Labs_cs/lab8/MathVectorUnitTests/bin/Debug/net8.0/MathVectorUnitTests.dll" adapterTypeName="executor://xunit/VsTestRunner3/netcore/" className="MathVectorUnitTests.MathVectorUnitTests" name="Indexer_ValidIndex_SetsCorrectValue" />
    </UnitTest>
  </TestDefinitions>
  <TestEntries>
    <TestEntry testId="cde1a29a-afbd-bfe3-1d40-5d37f2c37462" executionId="a27e9d67-259d-4086-80d2-e7f72e8ad9e8" testListId="8c84fa94-04c1-424b-9868-57a2d4851a1d" />
    <TestEntry testId="d3c9f378-f76e-249c-d5ff-dd46dbe09231" executionId="7ed4a411-5f41-407f-98af-2dad507367a9" testListId="8c84fa94-04c1-424b-9868-57a2d4851a1d" />
    <TestEntry testId="85afbd50-c89d-8e41-f42d-c84d023b2325" executionId="65395375-ef15-4a10-939d-eeb45b2736b4" testListId="8c84fa94-04c1-424b-9868-57a2d4851a1d" />
    <TestEntry testId="82dcc863-0c28-f80c-51d0-93fa912b048d" executionId="fe574d8e-c08b-47eb-8ed9-540362a4f6c0" testListId="8c84fa94-04c1-424b-9868-57a2d4851a1d" />
    <TestEntry testId="c8672000-24be-532a-fded-ec302259bc79" executionId="24a502ca-bd1c-4972-8ff3-c64019e0c0ed" testListId="8c84fa94-04c1-424b-9868-57a2d4851a1d" />
    <TestEntry testId="6ba9c1f6-2e2f-5ee6-490e-6829c9f23ccb" executionId="0b29d32b-6beb-489a-aaa1-b7aba3129e24" testListId="8c84fa94-04c1-424b-9868-57a2d4851a1d" />
    <TestEntry testId="21bcfff5-de83-bc7e-93af-6035dc08259e" executionId="17f79c30-bae4-4047-98ee-31d9ef93a11e" testListId="8c84fa94-04c1-424b-9868-57a2d4851a1d" />
    <TestEntry testId="d2eac135-8f1e-aed1-2717-0399babac3a7" executionId="8598ff83-8d5f-482a-a438-24591b5b68ed" testListId="8c84fa94-04c1-424b-9868-57a2d4851a1d" />
    <TestEntry testId="d153b461-6f09-bc57-a742-e9ec04792aa3" executionId="c0d2f499-ca6f-4e20-b2a4-998435e76cff" testListId="8c84fa94-04c1-424b-9868-57a2d4851a1d" />
    <TestEntry testId="84878c59-e624-0401-cbfc-22f4494edd1a" executionId="da75d801-c253-419a-937e-6c16558b7983" testListId="8c84fa94-04c1-424b-9868-57a2d4851a1d" />
    <TestEntry testId="fa3e9c5e-7b4e-b335-ea83-e656e6cdb548" executionId="20bbb273-019a-4367-bf31-e38b7ea8d0f3" testListId="8c84fa94-04c1-424b-9868-57a2d4851a1d" />
    <TestEntry testId="2ac41174-446a-f183-3f5f-94461018c344" executionId="5d2d4409-ed17-4a63-b0d2-dbb953443764" testListId="8c84fa94-04c1-424b-9868-57a2d4851a1d" />
    <TestEntry testId="17194d27-36f9-e700-f7ee-40b90e3a2333" executionId="177c8ea9-998c-4cae-a9e2-69264ed19703" testListId="8c84fa94-04c1-424b-9868-57a2d4851a1d" />
    <TestEntry testId="7ade5cbb-f589-96fa-1f59-6b6421697b1d" executionId="986cd49c-9023-47c4-9b73-86cff295dcbc" testListId="8c84fa94-04c1-424b-9868-57a2d4851a1d" />
    <TestEntry testId="51161611-c1ca-d29e-f1a9-48881ae91ebb" executionId="166bdc9c-a588-4681-a836-ef2ef2eab871" testListId="8c84fa94-04c1-424b-9868-57a2d4851a1d" />
    <TestEntry testId="5e2159f7-d826-f03a-b123-910c84d6552b" executionId="0602b775-334a-455f-a94d-a2a3a7660de5" testListId="8c84fa94-04c1-424b-9868-57a2d4851a1d" />
    <TestEntry testId="f8f0a171-6e84-f77e-e717-923096ee728a" executionId="21e61077-a32d-45b1-83e8-1880438d7fc8" testListId="8c84fa94-04c1-424b-9868-57a2d4851a1d" />
    <TestEntry testId="7220c723-a84a-ee5b-f399-ad3d699aa5e8" executionId="5d895f8b-9157-45ac-a1c7-bafd24c28244" testListId="8c84fa94-04c1-424b-9868-57a2d4851a1d" />
    <TestEntry testId="6e0f4c27-1f52-b866-15a6-aeb32fcfca5d" executionId="122d35f1-5692-42c1-b732-867ce15a045d" testListId="8c84fa94-04c1-424b-9868-57a2d4851a1d" />
    <TestEntry testId="5ce061de-517e-bbb8-5607-27b60affab45" executionId="0108d721-5879-4d07-829d-a6ab1f037e74" testListId="8c84fa94-04c1-424b-9868-57a2d4851a1d" />
    <TestEntry testId="7156fb1e-576a-1ad3-2e79-4a80311d64eb" executionId="9c7e1453-5444-4da1-86d4-c4ab74625d62" testListId="8c84fa94-04c1-424b-9868-57a2d4851a1d" />
    <TestEntry testId="329882ed-b571-ebd5-de06-e59677611a4f" executionId="f95a163b-dc6d-4a5b-8018-966ddee5bdb9" testListId="8c84fa94-04c1-424b-9868-57a2d4851a1d" />
    <TestEntry testId="06b9b0fe-6ef3-de54-a1e5-d766505cdb15" executionId="663a649d-ecdb-4fa8-b76d-0f49ec7a2227" testListId="8c84fa94-04c1-424b-9868-57a2d4851a1d" />
    <TestEntry testId="208c8b03-b504-fd2e-ba82-40ac4445b5d7" executionId="a645cc9d-0e59-4848-b532-08e6895977b9" testListId="8c84fa94-04c1-424b-9868-57a2d4851a1d" />
    <TestEntry testId="aa7c942a-cba2-7a7b-5f05-4b77143d7910" executionId="9f861b8b-8587-46ac-843b-b54c8c784623" testListId="8c84fa94-04c1-424b-9868-57a2d4851a1d" />
    <TestEntry testId="d80dd9d1-4ba8-b2c5-e5d7-e07533da8d83" executionId="cd6f5735-cf3a-4b20-b6f5-49abfdc17f19" testListId="8c84fa94-04c1-424b-9868-57a2d4851a1d" />
    <TestEntry testId="3bf53d4b-1102-c375-dac4-a36253176d83" executionId="323b31c6-979f-4307-b7f4-c7548f4c1b6a" testListId="8c84fa94-04c1-424b-9868-57a2d4851a1d" />
    <TestEntry testId="16c59ee7-92fc-5c95-27df-eac7775772cd" executionId="32fbfc4f-dfba-4a86-baa1-bec4787b7343" testListId="8c84fa94-04c1-424b-9868-57a2d4851a1d" />
    <TestEntry testId="b428f2d4-db2c-7bcb-7bba-d6db4a0cbd67" executionId="b896a676-7c6f-44c0-a4c9-3c482efa3c1c" testListId="8c84fa94-04c1-424b-9868-57a2d4851a1d" />
    <TestEntry testId="c61b3296-d028-391a-d304-e4b52b7d9992" executionId="bc093282-399e-48cb-b965-ab8c481f8d87" testListId="8c84fa94-04c1-424b-9868-57a2d4851a1d" />
    <TestEntry testId="61e978e2-3dbd-db32-1955-7c1fda46448b" executionId="7cae5f48-5b03-45a5-85bb-f411433de1cb" testListId="8c84fa94-04c1-424b-9868-57a2d4851a1d" />
    <TestEntry testId="ba7275f1-086d-76ef-33f7-104c85f95c6f" executionId="b670a109-1158-4885-b2d7-8c5ab668ec03" testListId="8c84fa94-04c1-424b-9868-57a2d4851a1d" />
    <TestEntry testId="34af472e-7f42-a45d-e812-c9a3f3ba57c7" executionId="081ff517-7b60-4152-a292-44f9bffcec7c" testListId="8c84fa94-04c1-424b-9868-57a2d4851a1d" />
    <TestEntry testId="7f513c68-3a83-ced8-a526-4682153e2352" executionId="9b57dbd3-f6e8-4581-b589-4e04a36f5dec" testListId="8c84fa94-04c1-424b-9868-57a2d4851a1d" />
    <TestEntry testId="35de199f-88c1-e595-0ccd-56fa7cfc83c5" executionId="b01cbd8a-290e-4c74-80ef-f195c20ad546" testListId="8c84fa94-04c1-424b-9868-57a2d4851a1d" />
    <TestEntry testId="69cc9ad6-2b09-272f-1a17-abb1edcbc198" executionId="12d3a40c-d5e1-41b6-9820-c2f6f6d849a0" testListId="8c84fa94-04c1-424b-9868-57a2d4851a1d" />
    <TestEntry testId="f50f4c0d-31cd-4e4f-6ba8-20188c6fa7e0" executionId="c15bd063-86f7-4f7a-86fc-f3b56b95f1ad" testListId="8c84fa94-04c1-424b-9868-57a2d4851a1d" />
    <TestEntry testId="ae2fc47c-fbfe-3527-a0a9-f02fae95b8a1" executionId="725d6e07-4e78-414a-aeca-2199f83bf61f" testListId="8c84fa94-04c1-424b-9868-57a2d4851a1d" />
    <TestEntry testId="a9426031-33de-f8ab-29dc-ce3dbb045a19" executionId="ad5440e4-1110-4a4a-9605-ae71a9b18ddc" testListId="8c84fa94-04c1-424b-9868-57a2d4851a1d" />
    <TestEntry testId="18979129-bc7a-7a1b-86aa-add30e5d4a45" executionId="f31e7f0a-26ea-4558-8188-1299466188a3" testListId="8c84fa94-04c1-424b-9868-57a2d4851a1d" />
    <TestEntry testId="74eaa97b-37d8-f479-3440-ebfd27bdab60" executionId="0222b025-9721-4752-bebf-39d1b2a08773" testListId="8c84fa94-04c1-424b-9868-57a2d4851a1d" />
  </TestEntries>
  <TestLists>
    <TestList name="Список результатов" id="8c84fa94-04c1-424b-9868-57a2d4851a1d" />
    <TestList name="Все загруженные результаты" id="19431567-8539-422a-85d7-44ee4e166bda" />
  </TestLists>
  <ResultSummary outcome="Completed">
    <Counters total="41" executed="41" passed="41" failed="0" error="0" timeout="0" aborted="0" inconclusive="0" passedButRunAborted="0" notRunnable="0" notExecuted="0" disconnected="0" warning="0" completed="0" inProgress="0" pending="0" />
    <Output>
      <StdOut>[xUnit.net 00:00:00.00] xUnit.net VSTest Adapter v3.0.0+e341b939fe (64-bit .NET 8.0.10)
[xUnit.net 00:00:00.03]   Discovering: MathVectorUnitTests
[xUnit.net 00:00:00.05]   Discovered:  MathVectorUnitTests
[xUnit.net 00:00:00.06]   Starting:    MathVectorUnitTests
[xUnit.net 00:00:00.11]   Finished:    MathVectorUnitTests
NUnit Adapter 4.5.0.0: Test execution started
Running all tests in /Users/nikitavolnuhin/Labs_cs/lab8/MathVectorUnitTests/bin/Debug/net8.0/MathVectorUnitTests.dll
   NUnit failed to load /Users/nikitavolnuhin/Labs_cs/lab8/MathVectorUnitTests/bin/Debug/net8.0/MathVectorUnitTests.dll
NUnit Adapter 4.5.0.0: Test execution complete
</StdOut>
    </Output>
  </ResultSummary>
</TestRun>