<?xml version="1.0" encoding="utf-8"?>
<TestRun id="4147169c-5353-43f3-a404-ee7bed315a16" name="@MacBook-Pro-Nikita 2024-12-22 22:22:31" xmlns="http://microsoft.com/schemas/VisualStudio/TeamTest/2010">
  <Times creation="2024-12-22T22:22:31.2878220+03:00" queuing="2024-12-22T22:22:31.2878220+03:00" start="2024-12-22T22:22:30.9173850+03:00" finish="2024-12-22T22:22:31.3420070+03:00" />
  <TestSettings name="default" id="e077a6a8-fac1-4ee9-b676-5f2d722bb515">
    <Deployment runDeploymentRoot="_MacBook-Pro-Nikita_2024-12-22_22_22_31" />
  </TestSettings>
  <Results>
    <UnitTestResult executionId="13cab0c4-45bd-46b6-9334-ddbfb5ee66f1" testId="5ce061de-517e-bbb8-5607-27b60affab45" testName="MathVectorUnitTests.MathVectorUnitTests.Operator_SubtractionVectors_ReturnsDifferenceVector" computerName="MacBook-Pro-Nikita" duration="00:00:00.0002670" startTime="2024-12-22T22:22:31.2644640+03:00" endTime="2024-12-22T22:22:31.2644870+03:00" testType="13cdc9d9-ddb5-4fa4-a97d-d965ccfc6d4b" outcome="Passed" testListId="8c84fa94-04c1-424b-9868-57a2d4851a1d" relativeResultsDirectory="13cab0c4-45bd-46b6-9334-ddbfb5ee66f1" />
    <UnitTestResult executionId="48638ff1-428d-46f5-9f56-95dc04afb53a" testId="51161611-c1ca-d29e-f1a9-48881ae91ebb" testName="MathVectorUnitTests.MathVectorUnitTests.Indexer_SetNegativeIndex_ThrowsArgumentException" computerName="MacBook-Pro-Nikita" duration="00:00:00.0001066" startTime="2024-12-22T22:22:31.2666420+03:00" endTime="2024-12-22T22:22:31.2666640+03:00" testType="13cdc9d9-ddb5-4fa4-a97d-d965ccfc6d4b" outcome="Passed" testListId="8c84fa94-04c1-424b-9868-57a2d4851a1d" relativeResultsDirectory="48638ff1-428d-46f5-9f56-95dc04afb53a" />
    <UnitTestResult executionId="0d986329-c4c9-4a3b-a6f3-3a743a8102fc" testId="f8f0a171-6e84-f77e-e717-923096ee728a" testName="MathVectorUnitTests.MathVectorUnitTests.SumPositiveNumber_ValidNumber_ReturnsNewVector" computerName="MacBook-Pro-Nikita" duration="00:00:00.0000999" startTime="2024-12-22T22:22:31.2488730+03:00" endTime="2024-12-22T22:22:31.2488990+03:00" testType="13cdc9d9-ddb5-4fa4-a97d-d965ccfc6d4b" outcome="Passed" testListId="8c84fa94-04c1-424b-9868-57a2d4851a1d" relativeResultsDirectory="0d986329-c4c9-4a3b-a6f3-3a743a8102fc" />
    <UnitTestResult executionId="9eca1527-5992-40bf-bdb6-13bbf37f5a9d" testId="3bf53d4b-1102-c375-dac4-a36253176d83" testName="MathVectorUnitTests.MathVectorUnitTests.ScalarMultiply_DifferentDimensions_ThrowsArgumentException" computerName="MacBook-Pro-Nikita" duration="00:00:00.0002422" startTime="2024-12-22T22:22:31.2640440+03:00" endTime="2024-12-22T22:22:31.2640710+03:00" testType="13cdc9d9-ddb5-4fa4-a97d-d965ccfc6d4b" outcome="Passed" testListId="8c84fa94-04c1-424b-9868-57a2d4851a1d" relativeResultsDirectory="9eca1527-5992-40bf-bdb6-13bbf37f5a9d" />
    <UnitTestResult executionId="89c8af28-c96f-4c46-835f-7229ad1f68da" testId="fa3e9c5e-7b4e-b335-ea83-e656e6cdb548" testName="MathVectorUnitTests.MathVectorUnitTests.Length_ValidVector_ReturnsCorrectLengthMixedNumbers" computerName="MacBook-Pro-Nikita" duration="00:00:00.0016955" startTime="2024-12-22T22:22:31.2473580+03:00" endTime="2024-12-22T22:22:31.2487960+03:00" testType="13cdc9d9-ddb5-4fa4-a97d-d965ccfc6d4b" outcome="Passed" testListId="8c84fa94-04c1-424b-9868-57a2d4851a1d" relativeResultsDirectory="89c8af28-c96f-4c46-835f-7229ad1f68da" />
    <UnitTestResult executionId="1b926a3b-921e-44be-9dbe-91bfc4e0c0fe" testId="34af472e-7f42-a45d-e812-c9a3f3ba57c7" testName="MathVectorUnitTests.MathVectorUnitTests.Operator_AdditionVectorsWithDifferentDimensions_ThrowsArgumentException" computerName="MacBook-Pro-Nikita" duration="00:00:00.0001521" startTime="2024-12-22T22:22:31.2659160+03:00" endTime="2024-12-22T22:22:31.2659380+03:00" testType="13cdc9d9-ddb5-4fa4-a97d-d965ccfc6d4b" outcome="Passed" testListId="8c84fa94-04c1-424b-9868-57a2d4851a1d" relativeResultsDirectory="1b926a3b-921e-44be-9dbe-91bfc4e0c0fe" />
    <UnitTestResult executionId="778d07b3-d343-454c-8f60-159e59c1aaf5" testId="cde1a29a-afbd-bfe3-1d40-5d37f2c37462" testName="MathVectorUnitTests.MathVectorUnitTests.Indexer_ValidIndex_ReturnsCorrectValue" computerName="MacBook-Pro-Nikita" duration="00:00:00.0000527" startTime="2024-12-22T22:22:31.2505540+03:00" endTime="2024-12-22T22:22:31.2505790+03:00" testType="13cdc9d9-ddb5-4fa4-a97d-d965ccfc6d4b" outcome="Passed" testListId="8c84fa94-04c1-424b-9868-57a2d4851a1d" relativeResultsDirectory="778d07b3-d343-454c-8f60-159e59c1aaf5" />
    <UnitTestResult executionId="bf40d943-5f77-43fd-9007-ad476371eb2b" testId="208c8b03-b504-fd2e-ba82-40ac4445b5d7" testName="MathVectorUnitTests.MathVectorUnitTests.Constructor_EmptyArray_ThrowsArgumentException" computerName="MacBook-Pro-Nikita" duration="00:00:00.0001894" startTime="2024-12-22T22:22:31.2664160+03:00" endTime="2024-12-22T22:22:31.2664390+03:00" testType="13cdc9d9-ddb5-4fa4-a97d-d965ccfc6d4b" outcome="Passed" testListId="8c84fa94-04c1-424b-9868-57a2d4851a1d" relativeResultsDirectory="bf40d943-5f77-43fd-9007-ad476371eb2b" />
    <UnitTestResult executionId="dfb1f9d2-5b64-40b5-8747-b4741528e002" testId="82dcc863-0c28-f80c-51d0-93fa912b048d" testName="MathVectorUnitTests.MathVectorUnitTests.MultiplyNegativeNumber_ValidNumber_ReturnsNewVector" computerName="MacBook-Pro-Nikita" duration="00:00:00.0001139" startTime="2024-12-22T22:22:31.2672560+03:00" endTime="2024-12-22T22:22:31.2672780+03:00" testType="13cdc9d9-ddb5-4fa4-a97d-d965ccfc6d4b" outcome="Passed" testListId="8c84fa94-04c1-424b-9868-57a2d4851a1d" relativeResultsDirectory="dfb1f9d2-5b64-40b5-8747-b4741528e002" />
    <UnitTestResult executionId="0afe77a3-99cb-4b12-a499-5726ec07b85a" testId="7ade5cbb-f589-96fa-1f59-6b6421697b1d" testName="MathVectorUnitTests.MathVectorUnitTests.Length_ValidVector_ReturnsCorrectLengthNegativeNumbers" computerName="MacBook-Pro-Nikita" duration="00:00:00.0000475" startTime="2024-12-22T22:22:31.2663310+03:00" endTime="2024-12-22T22:22:31.2663540+03:00" testType="13cdc9d9-ddb5-4fa4-a97d-d965ccfc6d4b" outcome="Passed" testListId="8c84fa94-04c1-424b-9868-57a2d4851a1d" relativeResultsDirectory="0afe77a3-99cb-4b12-a499-5726ec07b85a" />
    <UnitTestResult executionId="382360a0-11fc-4b8e-a696-149b72078f10" testId="7220c723-a84a-ee5b-f399-ad3d699aa5e8" testName="MathVectorUnitTests.MathVectorUnitTests.Constructor_EmptyListInput_ThrowsArgumentException" computerName="MacBook-Pro-Nikita" duration="00:00:00.0093311" startTime="2024-12-22T22:22:31.2288700+03:00" endTime="2024-12-22T22:22:31.2414300+03:00" testType="13cdc9d9-ddb5-4fa4-a97d-d965ccfc6d4b" outcome="Passed" testListId="8c84fa94-04c1-424b-9868-57a2d4851a1d" relativeResultsDirectory="382360a0-11fc-4b8e-a696-149b72078f10" />
    <UnitTestResult executionId="8c903af1-9992-4828-82a3-363125626d2c" testId="17194d27-36f9-e700-f7ee-40b90e3a2333" testName="MathVectorUnitTests.MathVectorUnitTests.ScalarMultiply_ValidVectors_ReturnsCorrectResult" computerName="MacBook-Pro-Nikita" duration="00:00:00.0001066" startTime="2024-12-22T22:22:31.2668540+03:00" endTime="2024-12-22T22:22:31.2668750+03:00" testType="13cdc9d9-ddb5-4fa4-a97d-d965ccfc6d4b" outcome="Passed" testListId="8c84fa94-04c1-424b-9868-57a2d4851a1d" relativeResultsDirectory="8c903af1-9992-4828-82a3-363125626d2c" />
    <UnitTestResult executionId="dd30cac5-0a9e-473b-b7c2-48f2243779d8" testId="06b9b0fe-6ef3-de54-a1e5-d766505cdb15" testName="MathVectorUnitTests.MathVectorUnitTests.MultiplyPositiveNumber_ValidNumber_ReturnsNewVector" computerName="MacBook-Pro-Nikita" duration="00:00:00.0000971" startTime="2024-12-22T22:22:31.2645420+03:00" endTime="2024-12-22T22:22:31.2645640+03:00" testType="13cdc9d9-ddb5-4fa4-a97d-d965ccfc6d4b" outcome="Passed" testListId="8c84fa94-04c1-424b-9868-57a2d4851a1d" relativeResultsDirectory="dd30cac5-0a9e-473b-b7c2-48f2243779d8" />
    <UnitTestResult executionId="51334345-f256-418d-8ed6-e6b62fa865a5" testId="5e2159f7-d826-f03a-b123-910c84d6552b" testName="MathVectorUnitTests.MathVectorUnitTests.SumInfVector_ValidNumber_ReturnsNewVector" computerName="MacBook-Pro-Nikita" duration="00:00:00.0000889" startTime="2024-12-22T22:22:31.2659890+03:00" endTime="2024-12-22T22:22:31.2660130+03:00" testType="13cdc9d9-ddb5-4fa4-a97d-d965ccfc6d4b" outcome="Passed" testListId="8c84fa94-04c1-424b-9868-57a2d4851a1d" relativeResultsDirectory="51334345-f256-418d-8ed6-e6b62fa865a5" />
    <UnitTestResult executionId="7a7ed147-1837-4388-8b10-da80791329fe" testId="16c59ee7-92fc-5c95-27df-eac7775772cd" testName="MathVectorUnitTests.MathVectorUnitTests.Operator_DivisionVectorsWithDifferentDimensions_ThrowsArgumentException" computerName="MacBook-Pro-Nikita" duration="00:00:00.0002807" startTime="2024-12-22T22:22:31.2492820+03:00" endTime="2024-12-22T22:22:31.2495270+03:00" testType="13cdc9d9-ddb5-4fa4-a97d-d965ccfc6d4b" outcome="Passed" testListId="8c84fa94-04c1-424b-9868-57a2d4851a1d" relativeResultsDirectory="7a7ed147-1837-4388-8b10-da80791329fe" />
    <UnitTestResult executionId="be392094-4a74-4499-a7ed-6a135597ee0f" testId="6e0f4c27-1f52-b866-15a6-aeb32fcfca5d" testName="MathVectorUnitTests.MathVectorUnitTests.Operator_MultiplicationVectors_ReturnsProductVector" computerName="MacBook-Pro-Nikita" duration="00:00:00.0000987" startTime="2024-12-22T22:22:31.2673340+03:00" endTime="2024-12-22T22:22:31.2673570+03:00" testType="13cdc9d9-ddb5-4fa4-a97d-d965ccfc6d4b" outcome="Passed" testListId="8c84fa94-04c1-424b-9868-57a2d4851a1d" relativeResultsDirectory="be392094-4a74-4499-a7ed-6a135597ee0f" />
    <UnitTestResult executionId="ee09096e-fe7a-4498-ae5f-89b2c83af2e0" testId="d2eac135-8f1e-aed1-2717-0399babac3a7" testName="MathVectorUnitTests.MathVectorUnitTests.Operator_DivisionVectorsWithZeroArgument_ThrowsArgumentException" computerName="MacBook-Pro-Nikita" duration="00:00:00.0001664" startTime="2024-12-22T22:22:31.2674820+03:00" endTime="2024-12-22T22:22:31.2675040+03:00" testType="13cdc9d9-ddb5-4fa4-a97d-d965ccfc6d4b" outcome="Passed" testListId="8c84fa94-04c1-424b-9868-57a2d4851a1d" relativeResultsDirectory="ee09096e-fe7a-4498-ae5f-89b2c83af2e0" />
    <UnitTestResult executionId="94c03334-6f23-4e0c-804f-388294792b3a" testId="c8672000-24be-532a-fded-ec302259bc79" testName="MathVectorUnitTests.MathVectorUnitTests.Operator_DivisionInfVector_ReturnsProductVector" computerName="MacBook-Pro-Nikita" duration="00:00:00.0006685" startTime="2024-12-22T22:22:31.2496200+03:00" endTime="2024-12-22T22:22:31.2502110+03:00" testType="13cdc9d9-ddb5-4fa4-a97d-d965ccfc6d4b" outcome="Passed" testListId="8c84fa94-04c1-424b-9868-57a2d4851a1d" relativeResultsDirectory="94c03334-6f23-4e0c-804f-388294792b3a" />
    <UnitTestResult executionId="c1571e89-a979-4787-968f-eb8169ae9444" testId="84878c59-e624-0401-cbfc-22f4494edd1a" testName="MathVectorUnitTests.MathVectorUnitTests.SumNegativeNumber_ValidNumber_ReturnsNewVector" computerName="MacBook-Pro-Nikita" duration="00:00:00.0054848" startTime="2024-12-22T22:22:31.2447500+03:00" endTime="2024-12-22T22:22:31.2470850+03:00" testType="13cdc9d9-ddb5-4fa4-a97d-d965ccfc6d4b" outcome="Passed" testListId="8c84fa94-04c1-424b-9868-57a2d4851a1d" relativeResultsDirectory="c1571e89-a979-4787-968f-eb8169ae9444" />
    <UnitTestResult executionId="fa66ab97-62d3-4df2-8566-c06ff247b073" testId="35de199f-88c1-e595-0ccd-56fa7cfc83c5" testName="MathVectorUnitTests.MathVectorUnitTests.TestDimensions_GetVectorDimensions_ReturnsCorrectValue" computerName="MacBook-Pro-Nikita" duration="00:00:00.0003664" startTime="2024-12-22T22:22:31.2638670+03:00" endTime="2024-12-22T22:22:31.2639140+03:00" testType="13cdc9d9-ddb5-4fa4-a97d-d965ccfc6d4b" outcome="Passed" testListId="8c84fa94-04c1-424b-9868-57a2d4851a1d" relativeResultsDirectory="fa66ab97-62d3-4df2-8566-c06ff247b073" />
    <UnitTestResult executionId="c5fd58d9-4eff-49db-9b93-fa1c1c612a7a" testId="2ac41174-446a-f183-3f5f-94461018c344" testName="MathVectorUnitTests.MathVectorUnitTests.Constructor_ValidArrayInput_CreatesVector" computerName="MacBook-Pro-Nikita" duration="00:00:00.0003951" startTime="2024-12-22T22:22:31.2641320+03:00" endTime="2024-12-22T22:22:31.2641560+03:00" testType="13cdc9d9-ddb5-4fa4-a97d-d965ccfc6d4b" outcome="Passed" testListId="8c84fa94-04c1-424b-9868-57a2d4851a1d" relativeResultsDirectory="c5fd58d9-4eff-49db-9b93-fa1c1c612a7a" />
    <UnitTestResult executionId="27f49e68-76e0-496b-8312-c07a7addae5a" testId="ba7275f1-086d-76ef-33f7-104c85f95c6f" testName="MathVectorUnitTests.MathVectorUnitTests.Operator_DivisionVectors_ReturnsProductVector" computerName="MacBook-Pro-Nikita" duration="00:00:00.0000931" startTime="2024-12-22T22:22:31.2667130+03:00" endTime="2024-12-22T22:22:31.2667340+03:00" testType="13cdc9d9-ddb5-4fa4-a97d-d965ccfc6d4b" outcome="Passed" testListId="8c84fa94-04c1-424b-9868-57a2d4851a1d" relativeResultsDirectory="27f49e68-76e0-496b-8312-c07a7addae5a" />
    <UnitTestResult executionId="4b315960-cedb-418c-a1fd-fda448f02e24" testId="c61b3296-d028-391a-d304-e4b52b7d9992" testName="MathVectorUnitTests.MathVectorUnitTests.Indexer_ValidIndex_SetsCorrectValue" computerName="MacBook-Pro-Nikita" duration="00:00:00.0000598" startTime="2024-12-22T22:22:31.2658430+03:00" endTime="2024-12-22T22:22:31.2658680+03:00" testType="13cdc9d9-ddb5-4fa4-a97d-d965ccfc6d4b" outcome="Passed" testListId="8c84fa94-04c1-424b-9868-57a2d4851a1d" relativeResultsDirectory="4b315960-cedb-418c-a1fd-fda448f02e24" />
    <UnitTestResult executionId="f5379783-3568-4f9e-8c58-e50e24d3c1a8" testId="18979129-bc7a-7a1b-86aa-add30e5d4a45" testName="MathVectorUnitTests.MathVectorUnitTests.Operator_AdditionInfVector_ReturnsProductVector" computerName="MacBook-Pro-Nikita" duration="00:00:00.0001345" startTime="2024-12-22T22:22:31.2656950+03:00" endTime="2024-12-22T22:22:31.2657200+03:00" testType="13cdc9d9-ddb5-4fa4-a97d-d965ccfc6d4b" outcome="Passed" testListId="8c84fa94-04c1-424b-9868-57a2d4851a1d" relativeResultsDirectory="f5379783-3568-4f9e-8c58-e50e24d3c1a8" />
    <UnitTestResult executionId="49caec56-d38f-43d7-a98b-40b819033f69" testId="7f513c68-3a83-ced8-a526-4682153e2352" testName="MathVectorUnitTests.MathVectorUnitTests.Indexer_SetValueInvalidIndex_ThrowsArgumentException" computerName="MacBook-Pro-Nikita" duration="00:00:00.0001986" startTime="2024-12-22T22:22:31.2643870+03:00" endTime="2024-12-22T22:22:31.2644110+03:00" testType="13cdc9d9-ddb5-4fa4-a97d-d965ccfc6d4b" outcome="Passed" testListId="8c84fa94-04c1-424b-9868-57a2d4851a1d" relativeResultsDirectory="49caec56-d38f-43d7-a98b-40b819033f69" />
    <UnitTestResult executionId="3e3dcb52-7f9e-4423-b41a-a03e519ce2a1" testId="21bcfff5-de83-bc7e-93af-6035dc08259e" testName="MathVectorUnitTests.MathVectorUnitTests.MultiplyZero_ValidNumber_ReturnsNewVector" computerName="MacBook-Pro-Nikita" duration="00:00:00.0000759" startTime="2024-12-22T22:22:31.2655470+03:00" endTime="2024-12-22T22:22:31.2655700+03:00" testType="13cdc9d9-ddb5-4fa4-a97d-d965ccfc6d4b" outcome="Passed" testListId="8c84fa94-04c1-424b-9868-57a2d4851a1d" relativeResultsDirectory="3e3dcb52-7f9e-4423-b41a-a03e519ce2a1" />
    <UnitTestResult executionId="b30597a6-c6c6-4d8d-aeae-ba9e274cd63d" testId="d153b461-6f09-bc57-a742-e9ec04792aa3" testName="MathVectorUnitTests.MathVectorUnitTests.Operator_SubtractionVectorsWithDifferentDimensions_ThrowsArgumentException" computerName="MacBook-Pro-Nikita" duration="00:00:00.0001699" startTime="2024-12-22T22:22:31.2646140+03:00" endTime="2024-12-22T22:22:31.2646420+03:00" testType="13cdc9d9-ddb5-4fa4-a97d-d965ccfc6d4b" outcome="Passed" testListId="8c84fa94-04c1-424b-9868-57a2d4851a1d" relativeResultsDirectory="b30597a6-c6c6-4d8d-aeae-ba9e274cd63d" />
    <UnitTestResult executionId="54ccaafc-7473-49c7-a7cf-7316b6d6c7d1" testId="d3c9f378-f76e-249c-d5ff-dd46dbe09231" testName="MathVectorUnitTests.MathVectorUnitTests.MultiplyInfVector_ValidNumber_ReturnsNewVector" computerName="MacBook-Pro-Nikita" duration="00:00:00.0001696" startTime="2024-12-22T22:22:31.2642210+03:00" endTime="2024-12-22T22:22:31.2642460+03:00" testType="13cdc9d9-ddb5-4fa4-a97d-d965ccfc6d4b" outcome="Passed" testListId="8c84fa94-04c1-424b-9868-57a2d4851a1d" relativeResultsDirectory="54ccaafc-7473-49c7-a7cf-7316b6d6c7d1" />
    <UnitTestResult executionId="f102bb23-f719-4f29-9db8-ee71c33127f4" testId="69cc9ad6-2b09-272f-1a17-abb1edcbc198" testName="MathVectorUnitTests.MathVectorUnitTests.Operator_ToString_ReturnsCorrectValue" computerName="MacBook-Pro-Nikita" duration="00:00:00.0016838" startTime="2024-12-22T22:22:31.2669310+03:00" endTime="2024-12-22T22:22:31.2669520+03:00" testType="13cdc9d9-ddb5-4fa4-a97d-d965ccfc6d4b" outcome="Passed" testListId="8c84fa94-04c1-424b-9868-57a2d4851a1d" relativeResultsDirectory="f102bb23-f719-4f29-9db8-ee71c33127f4" />
    <UnitTestResult executionId="4d14a6c8-7475-4f27-87be-1d1da25f5b40" testId="aa7c942a-cba2-7a7b-5f05-4b77143d7910" testName="MathVectorUnitTests.MathVectorUnitTests.Sum_ValidVectors_ReturnsSumVector" computerName="MacBook-Pro-Nikita" duration="00:00:00.0000961" startTime="2024-12-22T22:22:31.2665660+03:00" endTime="2024-12-22T22:22:31.2665900+03:00" testType="13cdc9d9-ddb5-4fa4-a97d-d965ccfc6d4b" outcome="Passed" testListId="8c84fa94-04c1-424b-9868-57a2d4851a1d" relativeResultsDirectory="4d14a6c8-7475-4f27-87be-1d1da25f5b40" />
    <UnitTestResult executionId="ff75ad63-abe2-498d-8293-5a5a378b6816" testId="ae2fc47c-fbfe-3527-a0a9-f02fae95b8a1" testName="MathVectorUnitTests.MathVectorUnitTests.Indexer_GetNegativeIndex_ThrowsArgumentException" computerName="MacBook-Pro-Nikita" duration="00:00:00.0001210" startTime="2024-12-22T22:22:31.2653810+03:00" endTime="2024-12-22T22:22:31.2654060+03:00" testType="13cdc9d9-ddb5-4fa4-a97d-d965ccfc6d4b" outcome="Passed" testListId="8c84fa94-04c1-424b-9868-57a2d4851a1d" relativeResultsDirectory="ff75ad63-abe2-498d-8293-5a5a378b6816" />
    <UnitTestResult executionId="b34caeae-5c74-4021-9e33-2de300280ff8" testId="f50f4c0d-31cd-4e4f-6ba8-20188c6fa7e0" testName="MathVectorUnitTests.MathVectorUnitTests.Indexer_GetValueInvalidIndex_ThrowsArgumentException" computerName="MacBook-Pro-Nikita" duration="00:00:00.0001157" startTime="2024-12-22T22:22:31.2664920+03:00" endTime="2024-12-22T22:22:31.2665150+03:00" testType="13cdc9d9-ddb5-4fa4-a97d-d965ccfc6d4b" outcome="Passed" testListId="8c84fa94-04c1-424b-9868-57a2d4851a1d" relativeResultsDirectory="b34caeae-5c74-4021-9e33-2de300280ff8" />
    <UnitTestResult executionId="a9f0b0a9-48fe-438b-9250-ab43a3e21bfc" testId="d80dd9d1-4ba8-b2c5-e5d7-e07533da8d83" testName="MathVectorUnitTests.MathVectorUnitTests.CalcDistance_ValidVectors_ReturnsCorrectDistance" computerName="MacBook-Pro-Nikita" duration="00:00:00.0007738" startTime="2024-12-22T22:22:31.2656220+03:00" endTime="2024-12-22T22:22:31.2656440+03:00" testType="13cdc9d9-ddb5-4fa4-a97d-d965ccfc6d4b" outcome="Passed" testListId="8c84fa94-04c1-424b-9868-57a2d4851a1d" relativeResultsDirectory="a9f0b0a9-48fe-438b-9250-ab43a3e21bfc" />
    <UnitTestResult executionId="7af25807-f69a-480d-87b6-68b5ae18b077" testId="a9426031-33de-f8ab-29dc-ce3dbb045a19" testName="MathVectorUnitTests.MathVectorUnitTests.Operator_MultiplicationInfVector_ReturnsProductVector" computerName="MacBook-Pro-Nikita" duration="00:00:00.0001293" startTime="2024-12-22T22:22:31.2654700+03:00" endTime="2024-12-22T22:22:31.2654930+03:00" testType="13cdc9d9-ddb5-4fa4-a97d-d965ccfc6d4b" outcome="Passed" testListId="8c84fa94-04c1-424b-9868-57a2d4851a1d" relativeResultsDirectory="7af25807-f69a-480d-87b6-68b5ae18b077" />
    <UnitTestResult executionId="e62c94d7-29c8-4453-bbfb-ff99b59c9725" testId="329882ed-b571-ebd5-de06-e59677611a4f" testName="MathVectorUnitTests.MathVectorUnitTests.Operator_AdditionVectors_ReturnsSumVector" computerName="MacBook-Pro-Nikita" duration="00:00:00.0000957" startTime="2024-12-22T22:22:31.2675530+03:00" endTime="2024-12-22T22:22:31.2675740+03:00" testType="13cdc9d9-ddb5-4fa4-a97d-d965ccfc6d4b" outcome="Passed" testListId="8c84fa94-04c1-424b-9868-57a2d4851a1d" relativeResultsDirectory="e62c94d7-29c8-4453-bbfb-ff99b59c9725" />
    <UnitTestResult executionId="f62beebc-4130-4586-a61d-62255a3948a4" testId="7156fb1e-576a-1ad3-2e79-4a80311d64eb" testName="MathVectorUnitTests.MathVectorUnitTests.Operator_SubtractionInfVector_ReturnsProductVector" computerName="MacBook-Pro-Nikita" duration="00:00:00.0001005" startTime="2024-12-22T22:22:31.2667840+03:00" endTime="2024-12-22T22:22:31.2668060+03:00" testType="13cdc9d9-ddb5-4fa4-a97d-d965ccfc6d4b" outcome="Passed" testListId="8c84fa94-04c1-424b-9868-57a2d4851a1d" relativeResultsDirectory="f62beebc-4130-4586-a61d-62255a3948a4" />
    <UnitTestResult executionId="30c326e7-79c0-4288-ae40-60575277da58" testId="6ba9c1f6-2e2f-5ee6-490e-6829c9f23ccb" testName="MathVectorUnitTests.MathVectorUnitTests.CalcDistance_DifferentDimensions_ThrowsArgumentException" computerName="MacBook-Pro-Nikita" duration="00:00:00.0003131" startTime="2024-12-22T22:22:31.2489580+03:00" endTime="2024-12-22T22:22:31.2492270+03:00" testType="13cdc9d9-ddb5-4fa4-a97d-d965ccfc6d4b" outcome="Passed" testListId="8c84fa94-04c1-424b-9868-57a2d4851a1d" relativeResultsDirectory="30c326e7-79c0-4288-ae40-60575277da58" />
    <UnitTestResult executionId="017bbb1e-81bf-4330-9e70-cd317babef00" testId="b428f2d4-db2c-7bcb-7bba-d6db4a0cbd67" testName="MathVectorUnitTests.MathVectorUnitTests.Length_ValidVector_ReturnsCorrectLengthPositiveNumbers" computerName="MacBook-Pro-Nikita" duration="00:00:00.0000816" startTime="2024-12-22T22:22:31.2643080+03:00" endTime="2024-12-22T22:22:31.2643320+03:00" testType="13cdc9d9-ddb5-4fa4-a97d-d965ccfc6d4b" outcome="Passed" testListId="8c84fa94-04c1-424b-9868-57a2d4851a1d" relativeResultsDirectory="017bbb1e-81bf-4330-9e70-cd317babef00" />
    <UnitTestResult executionId="f4064e0f-3049-45b3-a6c8-fda4a305f3e3" testId="74eaa97b-37d8-f479-3440-ebfd27bdab60" testName="MathVectorUnitTests.MathVectorUnitTests.Constructor_ValidListInput_CreatesVector" computerName="MacBook-Pro-Nikita" duration="00:00:00.0004320" startTime="2024-12-22T22:22:31.2674070+03:00" endTime="2024-12-22T22:22:31.2674300+03:00" testType="13cdc9d9-ddb5-4fa4-a97d-d965ccfc6d4b" outcome="Passed" testListId="8c84fa94-04c1-424b-9868-57a2d4851a1d" relativeResultsDirectory="f4064e0f-3049-45b3-a6c8-fda4a305f3e3" />
    <UnitTestResult executionId="f68860ac-1dad-49d7-92e9-940132ecc455" testId="85afbd50-c89d-8e41-f42d-c84d023b2325" testName="MathVectorUnitTests.MathVectorUnitTests.Sum_DifferentDimensions_ThrowsArgumentException" computerName="MacBook-Pro-Nikita" duration="00:00:00.0001272" startTime="2024-12-22T22:22:31.2657710+03:00" endTime="2024-12-22T22:22:31.2657930+03:00" testType="13cdc9d9-ddb5-4fa4-a97d-d965ccfc6d4b" outcome="Passed" testListId="8c84fa94-04c1-424b-9868-57a2d4851a1d" relativeResultsDirectory="f68860ac-1dad-49d7-92e9-940132ecc455" />
    <UnitTestResult executionId="385161c2-51aa-4bba-be1f-184263e3141f" testId="61e978e2-3dbd-db32-1955-7c1fda46448b" testName="MathVectorUnitTests.MathVectorUnitTests.Operator_MultiplicationVectorsWithDifferentDimensions_ThrowsArgumentException" computerName="MacBook-Pro-Nikita" duration="00:00:00.0002637" startTime="2024-12-22T22:22:31.2502750+03:00" endTime="2024-12-22T22:22:31.2504940+03:00" testType="13cdc9d9-ddb5-4fa4-a97d-d965ccfc6d4b" outcome="Passed" testListId="8c84fa94-04c1-424b-9868-57a2d4851a1d" relativeResultsDirectory="385161c2-51aa-4bba-be1f-184263e3141f" />
  </Results>
  <TestDefinitions>
    <UnitTest name="MathVectorUnitTests.MathVectorUnitTests.Operator_SubtractionInfVector_ReturnsProductVector" storage="/users/nikitavolnuhin/labs_cs/lab8/mathvectorunittests/bin/debug/net8.0/mathvectorunittests.dll" id="7156fb1e-576a-1ad3-2e79-4a80311d64eb">
      <Execution id="f62beebc-4130-4586-a61d-62255a3948a4" />
      <TestMethod codeBase="/Users/nikitavolnuhin/Labs_cs/lab8/MathVectorUnitTests/bin/Debug/net8.0/MathVectorUnitTests.dll" adapterTypeName="executor://xunit/VsTestRunner3/netcore/" className="MathVectorUnitTests.MathVectorUnitTests" name="Operator_SubtractionInfVector_ReturnsProductVector" />
    </UnitTest>
    <UnitTest name="MathVectorUnitTests.MathVectorUnitTests.Constructor_ValidArrayInput_CreatesVector" storage="/users/nikitavolnuhin/labs_cs/lab8/mathvectorunittests/bin/debug/net8.0/mathvectorunittests.dll" id="2ac41174-446a-f183-3f5f-94461018c344">
      <Execution id="c5fd58d9-4eff-49db-9b93-fa1c1c612a7a" />
      <TestMethod codeBase="/Users/nikitavolnuhin/Labs_cs/lab8/MathVectorUnitTests/bin/Debug/net8.0/MathVectorUnitTests.dll" adapterTypeName="executor://xunit/VsTestRunner3/netcore/" className="MathVectorUnitTests.MathVectorUnitTests" name="Constructor_ValidArrayInput_CreatesVector" />
    </UnitTest>
    <UnitTest name="MathVectorUnitTests.MathVectorUnitTests.SumPositiveNumber_ValidNumber_ReturnsNewVector" storage="/users/nikitavolnuhin/labs_cs/lab8/mathvectorunittests/bin/debug/net8.0/mathvectorunittests.dll" id="f8f0a171-6e84-f77e-e717-923096ee728a">
      <Execution id="0d986329-c4c9-4a3b-a6f3-3a743a8102fc" />
      <TestMethod codeBase="/Users/nikitavolnuhin/Labs_cs/lab8/MathVectorUnitTests/bin/Debug/net8.0/MathVectorUnitTests.dll" adapterTypeName="executor://xunit/VsTestRunner3/netcore/" className="MathVectorUnitTests.MathVectorUnitTests" name="SumPositiveNumber_ValidNumber_ReturnsNewVector" />
    </UnitTest>
    <UnitTest name="MathVectorUnitTests.MathVectorUnitTests.Indexer_SetNegativeIndex_ThrowsArgumentException" storage="/users/nikitavolnuhin/labs_cs/lab8/mathvectorunittests/bin/debug/net8.0/mathvectorunittests.dll" id="51161611-c1ca-d29e-f1a9-48881ae91ebb">
      <Execution id="48638ff1-428d-46f5-9f56-95dc04afb53a" />
      <TestMethod codeBase="/Users/nikitavolnuhin/Labs_cs/lab8/MathVectorUnitTests/bin/Debug/net8.0/MathVectorUnitTests.dll" adapterTypeName="executor://xunit/VsTestRunner3/netcore/" className="MathVectorUnitTests.MathVectorUnitTests" name="Indexer_SetNegativeIndex_ThrowsArgumentException" />
    </UnitTest>
    <UnitTest name="MathVectorUnitTests.MathVectorUnitTests.MultiplyPositiveNumber_ValidNumber_ReturnsNewVector" storage="/users/nikitavolnuhin/labs_cs/lab8/mathvectorunittests/bin/debug/net8.0/mathvectorunittests.dll" id="06b9b0fe-6ef3-de54-a1e5-d766505cdb15">
      <Execution id="dd30cac5-0a9e-473b-b7c2-48f2243779d8" />
      <TestMethod codeBase="/Users/nikitavolnuhin/Labs_cs/lab8/MathVectorUnitTests/bin/Debug/net8.0/MathVectorUnitTests.dll" adapterTypeName="executor://xunit/VsTestRunner3/netcore/" className="MathVectorUnitTests.MathVectorUnitTests" name="MultiplyPositiveNumber_ValidNumber_ReturnsNewVector" />
    </UnitTest>
    <UnitTest name="MathVectorUnitTests.MathVectorUnitTests.Operator_DivisionVectorsWithDifferentDimensions_ThrowsArgumentException" storage="/users/nikitavolnuhin/labs_cs/lab8/mathvectorunittests/bin/debug/net8.0/mathvectorunittests.dll" id="16c59ee7-92fc-5c95-27df-eac7775772cd">
      <Execution id="7a7ed147-1837-4388-8b10-da80791329fe" />
      <TestMethod codeBase="/Users/nikitavolnuhin/Labs_cs/lab8/MathVectorUnitTests/bin/Debug/net8.0/MathVectorUnitTests.dll" adapterTypeName="executor://xunit/VsTestRunner3/netcore/" className="MathVectorUnitTests.MathVectorUnitTests" name="Operator_DivisionVectorsWithDifferentDimensions_ThrowsArgumentException" />
    </UnitTest>
    <UnitTest name="MathVectorUnitTests.MathVectorUnitTests.Length_ValidVector_ReturnsCorrectLengthPositiveNumbers" storage="/users/nikitavolnuhin/labs_cs/lab8/mathvectorunittests/bin/debug/net8.0/mathvectorunittests.dll" id="b428f2d4-db2c-7bcb-7bba-d6db4a0cbd67">
      <Execution id="017bbb1e-81bf-4330-9e70-cd317babef00" />
      <TestMethod codeBase="/Users/nikitavolnuhin/Labs_cs/lab8/MathVectorUnitTests/bin/Debug/net8.0/MathVectorUnitTests.dll" adapterTypeName="executor://xunit/VsTestRunner3/netcore/" className="MathVectorUnitTests.MathVectorUnitTests" name="Length_ValidVector_ReturnsCorrectLengthPositiveNumbers" />
    </UnitTest>
    <UnitTest name="MathVectorUnitTests.MathVectorUnitTests.Sum_DifferentDimensions_ThrowsArgumentException" storage="/users/nikitavolnuhin/labs_cs/lab8/mathvectorunittests/bin/debug/net8.0/mathvectorunittests.dll" id="85afbd50-c89d-8e41-f42d-c84d023b2325">
      <Execution id="f68860ac-1dad-49d7-92e9-940132ecc455" />
      <TestMethod codeBase="/Users/nikitavolnuhin/Labs_cs/lab8/MathVectorUnitTests/bin/Debug/net8.0/MathVectorUnitTests.dll" adapterTypeName="executor://xunit/VsTestRunner3/netcore/" className="MathVectorUnitTests.MathVectorUnitTests" name="Sum_DifferentDimensions_ThrowsArgumentException" />
    </UnitTest>
    <UnitTest name="MathVectorUnitTests.MathVectorUnitTests.MultiplyNegativeNumber_ValidNumber_ReturnsNewVector" storage="/users/nikitavolnuhin/labs_cs/lab8/mathvectorunittests/bin/debug/net8.0/mathvectorunittests.dll" id="82dcc863-0c28-f80c-51d0-93fa912b048d">
      <Execution id="dfb1f9d2-5b64-40b5-8747-b4741528e002" />
      <TestMethod codeBase="/Users/nikitavolnuhin/Labs_cs/lab8/MathVectorUnitTests/bin/Debug/net8.0/MathVectorUnitTests.dll" adapterTypeName="executor://xunit/VsTestRunner3/netcore/" className="MathVectorUnitTests.MathVectorUnitTests" name="MultiplyNegativeNumber_ValidNumber_ReturnsNewVector" />
    </UnitTest>
    <UnitTest name="MathVectorUnitTests.MathVectorUnitTests.Operator_DivisionVectors_ReturnsProductVector" storage="/users/nikitavolnuhin/labs_cs/lab8/mathvectorunittests/bin/debug/net8.0/mathvectorunittests.dll" id="ba7275f1-086d-76ef-33f7-104c85f95c6f">
      <Execution id="27f49e68-76e0-496b-8312-c07a7addae5a" />
      <TestMethod codeBase="/Users/nikitavolnuhin/Labs_cs/lab8/MathVectorUnitTests/bin/Debug/net8.0/MathVectorUnitTests.dll" adapterTypeName="executor://xunit/VsTestRunner3/netcore/" className="MathVectorUnitTests.MathVectorUnitTests" name="Operator_DivisionVectors_ReturnsProductVector" />
    </UnitTest>
    <UnitTest name="MathVectorUnitTests.MathVectorUnitTests.Length_ValidVector_ReturnsCorrectLengthMixedNumbers" storage="/users/nikitavolnuhin/labs_cs/lab8/mathvectorunittests/bin/debug/net8.0/mathvectorunittests.dll" id="fa3e9c5e-7b4e-b335-ea83-e656e6cdb548">
      <Execution id="89c8af28-c96f-4c46-835f-7229ad1f68da" />
      <TestMethod codeBase="/Users/nikitavolnuhin/Labs_cs/lab8/MathVectorUnitTests/bin/Debug/net8.0/MathVectorUnitTests.dll" adapterTypeName="executor://xunit/VsTestRunner3/netcore/" className="MathVectorUnitTests.MathVectorUnitTests" name="Length_ValidVector_ReturnsCorrectLengthMixedNumbers" />
    </UnitTest>
    <UnitTest name="MathVectorUnitTests.MathVectorUnitTests.Indexer_ValidIndex_ReturnsCorrectValue" storage="/users/nikitavolnuhin/labs_cs/lab8/mathvectorunittests/bin/debug/net8.0/mathvectorunittests.dll" id="cde1a29a-afbd-bfe3-1d40-5d37f2c37462">
      <Execution id="778d07b3-d343-454c-8f60-159e59c1aaf5" />
      <TestMethod codeBase="/Users/nikitavolnuhin/Labs_cs/lab8/MathVectorUnitTests/bin/Debug/net8.0/MathVectorUnitTests.dll" adapterTypeName="executor://xunit/VsTestRunner3/netcore/" className="MathVectorUnitTests.MathVectorUnitTests" name="Indexer_ValidIndex_ReturnsCorrectValue" />
    </UnitTest>
    <UnitTest name="MathVectorUnitTests.MathVectorUnitTests.Length_ValidVector_ReturnsCorrectLengthNegativeNumbers" storage="/users/nikitavolnuhin/labs_cs/lab8/mathvectorunittests/bin/debug/net8.0/mathvectorunittests.dll" id="7ade5cbb-f589-96fa-1f59-6b6421697b1d">
      <Execution id="0afe77a3-99cb-4b12-a499-5726ec07b85a" />
      <TestMethod codeBase="/Users/nikitavolnuhin/Labs_cs/lab8/MathVectorUnitTests/bin/Debug/net8.0/MathVectorUnitTests.dll" adapterTypeName="executor://xunit/VsTestRunner3/netcore/" className="MathVectorUnitTests.MathVectorUnitTests" name="Length_ValidVector_ReturnsCorrectLengthNegativeNumbers" />
    </UnitTest>
    <UnitTest name="MathVectorUnitTests.MathVectorUnitTests.Operator_AdditionInfVector_ReturnsProductVector" storage="/users/nikitavolnuhin/labs_cs/lab8/mathvectorunittests/bin/debug/net8.0/mathvectorunittests.dll" id="18979129-bc7a-7a1b-86aa-add30e5d4a45">
      <Execution id="f5379783-3568-4f9e-8c58-e50e24d3c1a8" />
      <TestMethod codeBase="/Users/nikitavolnuhin/Labs_cs/lab8/MathVectorUnitTests/bin/Debug/net8.0/MathVectorUnitTests.dll" adapterTypeName="executor://xunit/VsTestRunner3/netcore/" className="MathVectorUnitTests.MathVectorUnitTests" name="Operator_AdditionInfVector_ReturnsProductVector" />
    </UnitTest>
    <UnitTest name="MathVectorUnitTests.MathVectorUnitTests.Operator_AdditionVectorsWithDifferentDimensions_ThrowsArgumentException" storage="/users/nikitavolnuhin/labs_cs/lab8/mathvectorunittests/bin/debug/net8.0/mathvectorunittests.dll" id="34af472e-7f42-a45d-e812-c9a3f3ba57c7">
      <Execution id="1b926a3b-921e-44be-9dbe-91bfc4e0c0fe" />
      <TestMethod codeBase="/Users/nikitavolnuhin/Labs_cs/lab8/MathVectorUnitTests/bin/Debug/net8.0/MathVectorUnitTests.dll" adapterTypeName="executor://xunit/VsTestRunner3/netcore/" className="MathVectorUnitTests.MathVectorUnitTests" name="Operator_AdditionVectorsWithDifferentDimensions_ThrowsArgumentException" />
    </UnitTest>
    <UnitTest name="MathVectorUnitTests.MathVectorUnitTests.Operator_MultiplicationVectorsWithDifferentDimensions_ThrowsArgumentException" storage="/users/nikitavolnuhin/labs_cs/lab8/mathvectorunittests/bin/debug/net8.0/mathvectorunittests.dll" id="61e978e2-3dbd-db32-1955-7c1fda46448b">
      <Execution id="385161c2-51aa-4bba-be1f-184263e3141f" />
      <TestMethod codeBase="/Users/nikitavolnuhin/Labs_cs/lab8/MathVectorUnitTests/bin/Debug/net8.0/MathVectorUnitTests.dll" adapterTypeName="executor://xunit/VsTestRunner3/netcore/" className="MathVectorUnitTests.MathVectorUnitTests" name="Operator_MultiplicationVectorsWithDifferentDimensions_ThrowsArgumentException" />
    </UnitTest>
    <UnitTest name="MathVectorUnitTests.MathVectorUnitTests.CalcDistance_ValidVectors_ReturnsCorrectDistance" storage="/users/nikitavolnuhin/labs_cs/lab8/mathvectorunittests/bin/debug/net8.0/mathvectorunittests.dll" id="d80dd9d1-4ba8-b2c5-e5d7-e07533da8d83">
      <Execution id="a9f0b0a9-48fe-438b-9250-ab43a3e21bfc" />
      <TestMethod codeBase="/Users/nikitavolnuhin/Labs_cs/lab8/MathVectorUnitTests/bin/Debug/net8.0/MathVectorUnitTests.dll" adapterTypeName="executor://xunit/VsTestRunner3/netcore/" className="MathVectorUnitTests.MathVectorUnitTests" name="CalcDistance_ValidVectors_ReturnsCorrectDistance" />
    </UnitTest>
    <UnitTest name="MathVectorUnitTests.MathVectorUnitTests.Operator_DivisionVectorsWithZeroArgument_ThrowsArgumentException" storage="/users/nikitavolnuhin/labs_cs/lab8/mathvectorunittests/bin/debug/net8.0/mathvectorunittests.dll" id="d2eac135-8f1e-aed1-2717-0399babac3a7">
      <Execution id="ee09096e-fe7a-4498-ae5f-89b2c83af2e0" />
      <TestMethod codeBase="/Users/nikitavolnuhin/Labs_cs/lab8/MathVectorUnitTests/bin/Debug/net8.0/MathVectorUnitTests.dll" adapterTypeName="executor://xunit/VsTestRunner3/netcore/" className="MathVectorUnitTests.MathVectorUnitTests" name="Operator_DivisionVectorsWithZeroArgument_ThrowsArgumentException" />
    </UnitTest>
    <UnitTest name="MathVectorUnitTests.MathVectorUnitTests.Indexer_SetValueInvalidIndex_ThrowsArgumentException" storage="/users/nikitavolnuhin/labs_cs/lab8/mathvectorunittests/bin/debug/net8.0/mathvectorunittests.dll" id="7f513c68-3a83-ced8-a526-4682153e2352">
      <Execution id="49caec56-d38f-43d7-a98b-40b819033f69" />
      <TestMethod codeBase="/Users/nikitavolnuhin/Labs_cs/lab8/MathVectorUnitTests/bin/Debug/net8.0/MathVectorUnitTests.dll" adapterTypeName="executor://xunit/VsTestRunner3/netcore/" className="MathVectorUnitTests.MathVectorUnitTests" name="Indexer_SetValueInvalidIndex_ThrowsArgumentException" />
    </UnitTest>
    <UnitTest name="MathVectorUnitTests.MathVectorUnitTests.Operator_MultiplicationVectors_ReturnsProductVector" storage="/users/nikitavolnuhin/labs_cs/lab8/mathvectorunittests/bin/debug/net8.0/mathvectorunittests.dll" id="6e0f4c27-1f52-b866-15a6-aeb32fcfca5d">
      <Execution id="be392094-4a74-4499-a7ed-6a135597ee0f" />
      <TestMethod codeBase="/Users/nikitavolnuhin/Labs_cs/lab8/MathVectorUnitTests/bin/Debug/net8.0/MathVectorUnitTests.dll" adapterTypeName="executor://xunit/VsTestRunner3/netcore/" className="MathVectorUnitTests.MathVectorUnitTests" name="Operator_MultiplicationVectors_ReturnsProductVector" />
    </UnitTest>
    <UnitTest name="MathVectorUnitTests.MathVectorUnitTests.SumInfVector_ValidNumber_ReturnsNewVector" storage="/users/nikitavolnuhin/labs_cs/lab8/mathvectorunittests/bin/debug/net8.0/mathvectorunittests.dll" id="5e2159f7-d826-f03a-b123-910c84d6552b">
      <Execution id="51334345-f256-418d-8ed6-e6b62fa865a5" />
      <TestMethod codeBase="/Users/nikitavolnuhin/Labs_cs/lab8/MathVectorUnitTests/bin/Debug/net8.0/MathVectorUnitTests.dll" adapterTypeName="executor://xunit/VsTestRunner3/netcore/" className="MathVectorUnitTests.MathVectorUnitTests" name="SumInfVector_ValidNumber_ReturnsNewVector" />
    </UnitTest>
    <UnitTest name="MathVectorUnitTests.MathVectorUnitTests.Constructor_ValidListInput_CreatesVector" storage="/users/nikitavolnuhin/labs_cs/lab8/mathvectorunittests/bin/debug/net8.0/mathvectorunittests.dll" id="74eaa97b-37d8-f479-3440-ebfd27bdab60">
      <Execution id="f4064e0f-3049-45b3-a6c8-fda4a305f3e3" />
      <TestMethod codeBase="/Users/nikitavolnuhin/Labs_cs/lab8/MathVectorUnitTests/bin/Debug/net8.0/MathVectorUnitTests.dll" adapterTypeName="executor://xunit/VsTestRunner3/netcore/" className="MathVectorUnitTests.MathVectorUnitTests" name="Constructor_ValidListInput_CreatesVector" />
    </UnitTest>
    <UnitTest name="MathVectorUnitTests.MathVectorUnitTests.ScalarMultiply_ValidVectors_ReturnsCorrectResult" storage="/users/nikitavolnuhin/labs_cs/lab8/mathvectorunittests/bin/debug/net8.0/mathvectorunittests.dll" id="17194d27-36f9-e700-f7ee-40b90e3a2333">
      <Execution id="8c903af1-9992-4828-82a3-363125626d2c" />
      <TestMethod codeBase="/Users/nikitavolnuhin/Labs_cs/lab8/MathVectorUnitTests/bin/Debug/net8.0/MathVectorUnitTests.dll" adapterTypeName="executor://xunit/VsTestRunner3/netcore/" className="MathVectorUnitTests.MathVectorUnitTests" name="ScalarMultiply_ValidVectors_ReturnsCorrectResult" />
    </UnitTest>
    <UnitTest name="MathVectorUnitTests.MathVectorUnitTests.Operator_MultiplicationInfVector_ReturnsProductVector" storage="/users/nikitavolnuhin/labs_cs/lab8/mathvectorunittests/bin/debug/net8.0/mathvectorunittests.dll" id="a9426031-33de-f8ab-29dc-ce3dbb045a19">
      <Execution id="7af25807-f69a-480d-87b6-68b5ae18b077" />
      <TestMethod codeBase="/Users/nikitavolnuhin/Labs_cs/lab8/MathVectorUnitTests/bin/Debug/net8.0/MathVectorUnitTests.dll" adapterTypeName="executor://xunit/VsTestRunner3/netcore/" className="MathVectorUnitTests.MathVectorUnitTests" name="Operator_MultiplicationInfVector_ReturnsProductVector" />
    </UnitTest>
    <UnitTest name="MathVectorUnitTests.MathVectorUnitTests.TestDimensions_GetVectorDimensions_ReturnsCorrectValue" storage="/users/nikitavolnuhin/labs_cs/lab8/mathvectorunittests/bin/debug/net8.0/mathvectorunittests.dll" id="35de199f-88c1-e595-0ccd-56fa7cfc83c5">
      <Execution id="fa66ab97-62d3-4df2-8566-c06ff247b073" />
      <TestMethod codeBase="/Users/nikitavolnuhin/Labs_cs/lab8/MathVectorUnitTests/bin/Debug/net8.0/MathVectorUnitTests.dll" adapterTypeName="executor://xunit/VsTestRunner3/netcore/" className="MathVectorUnitTests.MathVectorUnitTests" name="TestDimensions_GetVectorDimensions_ReturnsCorrectValue" />
    </UnitTest>
    <UnitTest name="MathVectorUnitTests.MathVectorUnitTests.Operator_AdditionVectors_ReturnsSumVector" storage="/users/nikitavolnuhin/labs_cs/lab8/mathvectorunittests/bin/debug/net8.0/mathvectorunittests.dll" id="329882ed-b571-ebd5-de06-e59677611a4f">
      <Execution id="e62c94d7-29c8-4453-bbfb-ff99b59c9725" />
      <TestMethod codeBase="/Users/nikitavolnuhin/Labs_cs/lab8/MathVectorUnitTests/bin/Debug/net8.0/MathVectorUnitTests.dll" adapterTypeName="executor://xunit/VsTestRunner3/netcore/" className="MathVectorUnitTests.MathVectorUnitTests" name="Operator_AdditionVectors_ReturnsSumVector" />
    </UnitTest>
    <UnitTest name="MathVectorUnitTests.MathVectorUnitTests.Operator_ToString_ReturnsCorrectValue" storage="/users/nikitavolnuhin/labs_cs/lab8/mathvectorunittests/bin/debug/net8.0/mathvectorunittests.dll" id="69cc9ad6-2b09-272f-1a17-abb1edcbc198">
      <Execution id="f102bb23-f719-4f29-9db8-ee71c33127f4" />
      <TestMethod codeBase="/Users/nikitavolnuhin/Labs_cs/lab8/MathVectorUnitTests/bin/Debug/net8.0/MathVectorUnitTests.dll" adapterTypeName="executor://xunit/VsTestRunner3/netcore/" className="MathVectorUnitTests.MathVectorUnitTests" name="Operator_ToString_ReturnsCorrectValue" />
    </UnitTest>
    <UnitTest name="MathVectorUnitTests.MathVectorUnitTests.Constructor_EmptyListInput_ThrowsArgumentException" storage="/users/nikitavolnuhin/labs_cs/lab8/mathvectorunittests/bin/debug/net8.0/mathvectorunittests.dll" id="7220c723-a84a-ee5b-f399-ad3d699aa5e8">
      <Execution id="382360a0-11fc-4b8e-a696-149b72078f10" />
      <TestMethod codeBase="/Users/nikitavolnuhin/Labs_cs/lab8/MathVectorUnitTests/bin/Debug/net8.0/MathVectorUnitTests.dll" adapterTypeName="executor://xunit/VsTestRunner3/netcore/" className="MathVectorUnitTests.MathVectorUnitTests" name="Constructor_EmptyListInput_ThrowsArgumentException" />
    </UnitTest>
    <UnitTest name="MathVectorUnitTests.MathVectorUnitTests.Operator_DivisionInfVector_ReturnsProductVector" storage="/users/nikitavolnuhin/labs_cs/lab8/mathvectorunittests/bin/debug/net8.0/mathvectorunittests.dll" id="c8672000-24be-532a-fded-ec302259bc79">
      <Execution id="94c03334-6f23-4e0c-804f-388294792b3a" />
      <TestMethod codeBase="/Users/nikitavolnuhin/Labs_cs/lab8/MathVectorUnitTests/bin/Debug/net8.0/MathVectorUnitTests.dll" adapterTypeName="executor://xunit/VsTestRunner3/netcore/" className="MathVectorUnitTests.MathVectorUnitTests" name="Operator_DivisionInfVector_ReturnsProductVector" />
    </UnitTest>
    <UnitTest name="MathVectorUnitTests.MathVectorUnitTests.Operator_SubtractionVectorsWithDifferentDimensions_ThrowsArgumentException" storage="/users/nikitavolnuhin/labs_cs/lab8/mathvectorunittests/bin/debug/net8.0/mathvectorunittests.dll" id="d153b461-6f09-bc57-a742-e9ec04792aa3">
      <Execution id="b30597a6-c6c6-4d8d-aeae-ba9e274cd63d" />
      <TestMethod codeBase="/Users/nikitavolnuhin/Labs_cs/lab8/MathVectorUnitTests/bin/Debug/net8.0/MathVectorUnitTests.dll" adapterTypeName="executor://xunit/VsTestRunner3/netcore/" className="MathVectorUnitTests.MathVectorUnitTests" name="Operator_SubtractionVectorsWithDifferentDimensions_ThrowsArgumentException" />
    </UnitTest>
    <UnitTest name="MathVectorUnitTests.MathVectorUnitTests.Constructor_EmptyArray_ThrowsArgumentException" storage="/users/nikitavolnuhin/labs_cs/lab8/mathvectorunittests/bin/debug/net8.0/mathvectorunittests.dll" id="208c8b03-b504-fd2e-ba82-40ac4445b5d7">
      <Execution id="bf40d943-5f77-43fd-9007-ad476371eb2b" />
      <TestMethod codeBase="/Users/nikitavolnuhin/Labs_cs/lab8/MathVectorUnitTests/bin/Debug/net8.0/MathVectorUnitTests.dll" adapterTypeName="executor://xunit/VsTestRunner3/netcore/" className="MathVectorUnitTests.MathVectorUnitTests" name="Constructor_EmptyArray_ThrowsArgumentException" />
    </UnitTest>
    <UnitTest name="MathVectorUnitTests.MathVectorUnitTests.MultiplyZero_ValidNumber_ReturnsNewVector" storage="/users/nikitavolnuhin/labs_cs/lab8/mathvectorunittests/bin/debug/net8.0/mathvectorunittests.dll" id="21bcfff5-de83-bc7e-93af-6035dc08259e">
      <Execution id="3e3dcb52-7f9e-4423-b41a-a03e519ce2a1" />
      <TestMethod codeBase="/Users/nikitavolnuhin/Labs_cs/lab8/MathVectorUnitTests/bin/Debug/net8.0/MathVectorUnitTests.dll" adapterTypeName="executor://xunit/VsTestRunner3/netcore/" className="MathVectorUnitTests.MathVectorUnitTests" name="MultiplyZero_ValidNumber_ReturnsNewVector" />
    </UnitTest>
    <UnitTest name="MathVectorUnitTests.MathVectorUnitTests.Indexer_GetNegativeIndex_ThrowsArgumentException" storage="/users/nikitavolnuhin/labs_cs/lab8/mathvectorunittests/bin/debug/net8.0/mathvectorunittests.dll" id="ae2fc47c-fbfe-3527-a0a9-f02fae95b8a1">
      <Execution id="ff75ad63-abe2-498d-8293-5a5a378b6816" />
      <TestMethod codeBase="/Users/nikitavolnuhin/Labs_cs/lab8/MathVectorUnitTests/bin/Debug/net8.0/MathVectorUnitTests.dll" adapterTypeName="executor://xunit/VsTestRunner3/netcore/" className="MathVectorUnitTests.MathVectorUnitTests" name="Indexer_GetNegativeIndex_ThrowsArgumentException" />
    </UnitTest>
    <UnitTest name="MathVectorUnitTests.MathVectorUnitTests.SumNegativeNumber_ValidNumber_ReturnsNewVector" storage="/users/nikitavolnuhin/labs_cs/lab8/mathvectorunittests/bin/debug/net8.0/mathvectorunittests.dll" id="84878c59-e624-0401-cbfc-22f4494edd1a">
      <Execution id="c1571e89-a979-4787-968f-eb8169ae9444" />
      <TestMethod codeBase="/Users/nikitavolnuhin/Labs_cs/lab8/MathVectorUnitTests/bin/Debug/net8.0/MathVectorUnitTests.dll" adapterTypeName="executor://xunit/VsTestRunner3/netcore/" className="MathVectorUnitTests.MathVectorUnitTests" name="SumNegativeNumber_ValidNumber_ReturnsNewVector" />
    </UnitTest>
    <UnitTest name="MathVectorUnitTests.MathVectorUnitTests.CalcDistance_DifferentDimensions_ThrowsArgumentException" storage="/users/nikitavolnuhin/labs_cs/lab8/mathvectorunittests/bin/debug/net8.0/mathvectorunittests.dll" id="6ba9c1f6-2e2f-5ee6-490e-6829c9f23ccb">
      <Execution id="30c326e7-79c0-4288-ae40-60575277da58" />
      <TestMethod codeBase="/Users/nikitavolnuhin/Labs_cs/lab8/MathVectorUnitTests/bin/Debug/net8.0/MathVectorUnitTests.dll" adapterTypeName="executor://xunit/VsTestRunner3/netcore/" className="MathVectorUnitTests.MathVectorUnitTests" name="CalcDistance_DifferentDimensions_ThrowsArgumentException" />
    </UnitTest>
    <UnitTest name="MathVectorUnitTests.MathVectorUnitTests.MultiplyInfVector_ValidNumber_ReturnsNewVector" storage="/users/nikitavolnuhin/labs_cs/lab8/mathvectorunittests/bin/debug/net8.0/mathvectorunittests.dll" id="d3c9f378-f76e-249c-d5ff-dd46dbe09231">
      <Execution id="54ccaafc-7473-49c7-a7cf-7316b6d6c7d1" />
      <TestMethod codeBase="/Users/nikitavolnuhin/Labs_cs/lab8/MathVectorUnitTests/bin/Debug/net8.0/MathVectorUnitTests.dll" adapterTypeName="executor://xunit/VsTestRunner3/netcore/" className="MathVectorUnitTests.MathVectorUnitTests" name="MultiplyInfVector_ValidNumber_ReturnsNewVector" />
    </UnitTest>
    <UnitTest name="MathVectorUnitTests.MathVectorUnitTests.Sum_ValidVectors_ReturnsSumVector" storage="/users/nikitavolnuhin/labs_cs/lab8/mathvectorunittests/bin/debug/net8.0/mathvectorunittests.dll" id="aa7c942a-cba2-7a7b-5f05-4b77143d7910">
      <Execution id="4d14a6c8-7475-4f27-87be-1d1da25f5b40" />
      <TestMethod codeBase="/Users/nikitavolnuhin/Labs_cs/lab8/MathVectorUnitTests/bin/Debug/net8.0/MathVectorUnitTests.dll" adapterTypeName="executor://xunit/VsTestRunner3/netcore/" className="MathVectorUnitTests.MathVectorUnitTests" name="Sum_ValidVectors_ReturnsSumVector" />
    </UnitTest>
    <UnitTest name="MathVectorUnitTests.MathVectorUnitTests.Operator_SubtractionVectors_ReturnsDifferenceVector" storage="/users/nikitavolnuhin/labs_cs/lab8/mathvectorunittests/bin/debug/net8.0/mathvectorunittests.dll" id="5ce061de-517e-bbb8-5607-27b60affab45">
      <Execution id="13cab0c4-45bd-46b6-9334-ddbfb5ee66f1" />
      <TestMethod codeBase="/Users/nikitavolnuhin/Labs_cs/lab8/MathVectorUnitTests/bin/Debug/net8.0/MathVectorUnitTests.dll" adapterTypeName="executor://xunit/VsTestRunner3/netcore/" className="MathVectorUnitTests.MathVectorUnitTests" name="Operator_SubtractionVectors_ReturnsDifferenceVector" />
    </UnitTest>
    <UnitTest name="MathVectorUnitTests.MathVectorUnitTests.ScalarMultiply_DifferentDimensions_ThrowsArgumentException" storage="/users/nikitavolnuhin/labs_cs/lab8/mathvectorunittests/bin/debug/net8.0/mathvectorunittests.dll" id="3bf53d4b-1102-c375-dac4-a36253176d83">
      <Execution id="9eca1527-5992-40bf-bdb6-13bbf37f5a9d" />
      <TestMethod codeBase="/Users/nikitavolnuhin/Labs_cs/lab8/MathVectorUnitTests/bin/Debug/net8.0/MathVectorUnitTests.dll" adapterTypeName="executor://xunit/VsTestRunner3/netcore/" className="MathVectorUnitTests.MathVectorUnitTests" name="ScalarMultiply_DifferentDimensions_ThrowsArgumentException" />
    </UnitTest>
    <UnitTest name="MathVectorUnitTests.MathVectorUnitTests.Indexer_GetValueInvalidIndex_ThrowsArgumentException" storage="/users/nikitavolnuhin/labs_cs/lab8/mathvectorunittests/bin/debug/net8.0/mathvectorunittests.dll" id="f50f4c0d-31cd-4e4f-6ba8-20188c6fa7e0">
      <Execution id="b34caeae-5c74-4021-9e33-2de300280ff8" />
      <TestMethod codeBase="/Users/nikitavolnuhin/Labs_cs/lab8/MathVectorUnitTests/bin/Debug/net8.0/MathVectorUnitTests.dll" adapterTypeName="executor://xunit/VsTestRunner3/netcore/" className="MathVectorUnitTests.MathVectorUnitTests" name="Indexer_GetValueInvalidIndex_ThrowsArgumentException" />
    </UnitTest>
    <UnitTest name="MathVectorUnitTests.MathVectorUnitTests.Indexer_ValidIndex_SetsCorrectValue" storage="/users/nikitavolnuhin/labs_cs/lab8/mathvectorunittests/bin/debug/net8.0/mathvectorunittests.dll" id="c61b3296-d028-391a-d304-e4b52b7d9992">
      <Execution id="4b315960-cedb-418c-a1fd-fda448f02e24" />
      <TestMethod codeBase="/Users/nikitavolnuhin/Labs_cs/lab8/MathVectorUnitTests/bin/Debug/net8.0/MathVectorUnitTests.dll" adapterTypeName="executor://xunit/VsTestRunner3/netcore/" className="MathVectorUnitTests.MathVectorUnitTests" name="Indexer_ValidIndex_SetsCorrectValue" />
    </UnitTest>
  </TestDefinitions>
  <TestEntries>
    <TestEntry testId="5ce061de-517e-bbb8-5607-27b60affab45" executionId="13cab0c4-45bd-46b6-9334-ddbfb5ee66f1" testListId="8c84fa94-04c1-424b-9868-57a2d4851a1d" />
    <TestEntry testId="51161611-c1ca-d29e-f1a9-48881ae91ebb" executionId="48638ff1-428d-46f5-9f56-95dc04afb53a" testListId="8c84fa94-04c1-424b-9868-57a2d4851a1d" />
    <TestEntry testId="f8f0a171-6e84-f77e-e717-923096ee728a" executionId="0d986329-c4c9-4a3b-a6f3-3a743a8102fc" testListId="8c84fa94-04c1-424b-9868-57a2d4851a1d" />
    <TestEntry testId="3bf53d4b-1102-c375-dac4-a36253176d83" executionId="9eca1527-5992-40bf-bdb6-13bbf37f5a9d" testListId="8c84fa94-04c1-424b-9868-57a2d4851a1d" />
    <TestEntry testId="fa3e9c5e-7b4e-b335-ea83-e656e6cdb548" executionId="89c8af28-c96f-4c46-835f-7229ad1f68da" testListId="8c84fa94-04c1-424b-9868-57a2d4851a1d" />
    <TestEntry testId="34af472e-7f42-a45d-e812-c9a3f3ba57c7" executionId="1b926a3b-921e-44be-9dbe-91bfc4e0c0fe" testListId="8c84fa94-04c1-424b-9868-57a2d4851a1d" />
    <TestEntry testId="cde1a29a-afbd-bfe3-1d40-5d37f2c37462" executionId="778d07b3-d343-454c-8f60-159e59c1aaf5" testListId="8c84fa94-04c1-424b-9868-57a2d4851a1d" />
    <TestEntry testId="208c8b03-b504-fd2e-ba82-40ac4445b5d7" executionId="bf40d943-5f77-43fd-9007-ad476371eb2b" testListId="8c84fa94-04c1-424b-9868-57a2d4851a1d" />
    <TestEntry testId="82dcc863-0c28-f80c-51d0-93fa912b048d" executionId="dfb1f9d2-5b64-40b5-8747-b4741528e002" testListId="8c84fa94-04c1-424b-9868-57a2d4851a1d" />
    <TestEntry testId="7ade5cbb-f589-96fa-1f59-6b6421697b1d" executionId="0afe77a3-99cb-4b12-a499-5726ec07b85a" testListId="8c84fa94-04c1-424b-9868-57a2d4851a1d" />
    <TestEntry testId="7220c723-a84a-ee5b-f399-ad3d699aa5e8" executionId="382360a0-11fc-4b8e-a696-149b72078f10" testListId="8c84fa94-04c1-424b-9868-57a2d4851a1d" />
    <TestEntry testId="17194d27-36f9-e700-f7ee-40b90e3a2333" executionId="8c903af1-9992-4828-82a3-363125626d2c" testListId="8c84fa94-04c1-424b-9868-57a2d4851a1d" />
    <TestEntry testId="06b9b0fe-6ef3-de54-a1e5-d766505cdb15" executionId="dd30cac5-0a9e-473b-b7c2-48f2243779d8" testListId="8c84fa94-04c1-424b-9868-57a2d4851a1d" />
    <TestEntry testId="5e2159f7-d826-f03a-b123-910c84d6552b" executionId="51334345-f256-418d-8ed6-e6b62fa865a5" testListId="8c84fa94-04c1-424b-9868-57a2d4851a1d" />
    <TestEntry testId="16c59ee7-92fc-5c95-27df-eac7775772cd" executionId="7a7ed147-1837-4388-8b10-da80791329fe" testListId="8c84fa94-04c1-424b-9868-57a2d4851a1d" />
    <TestEntry testId="6e0f4c27-1f52-b866-15a6-aeb32fcfca5d" executionId="be392094-4a74-4499-a7ed-6a135597ee0f" testListId="8c84fa94-04c1-424b-9868-57a2d4851a1d" />
    <TestEntry testId="d2eac135-8f1e-aed1-2717-0399babac3a7" executionId="ee09096e-fe7a-4498-ae5f-89b2c83af2e0" testListId="8c84fa94-04c1-424b-9868-57a2d4851a1d" />
    <TestEntry testId="c8672000-24be-532a-fded-ec302259bc79" executionId="94c03334-6f23-4e0c-804f-388294792b3a" testListId="8c84fa94-04c1-424b-9868-57a2d4851a1d" />
    <TestEntry testId="84878c59-e624-0401-cbfc-22f4494edd1a" executionId="c1571e89-a979-4787-968f-eb8169ae9444" testListId="8c84fa94-04c1-424b-9868-57a2d4851a1d" />
    <TestEntry testId="35de199f-88c1-e595-0ccd-56fa7cfc83c5" executionId="fa66ab97-62d3-4df2-8566-c06ff247b073" testListId="8c84fa94-04c1-424b-9868-57a2d4851a1d" />
    <TestEntry testId="2ac41174-446a-f183-3f5f-94461018c344" executionId="c5fd58d9-4eff-49db-9b93-fa1c1c612a7a" testListId="8c84fa94-04c1-424b-9868-57a2d4851a1d" />
    <TestEntry testId="ba7275f1-086d-76ef-33f7-104c85f95c6f" executionId="27f49e68-76e0-496b-8312-c07a7addae5a" testListId="8c84fa94-04c1-424b-9868-57a2d4851a1d" />
    <TestEntry testId="c61b3296-d028-391a-d304-e4b52b7d9992" executionId="4b315960-cedb-418c-a1fd-fda448f02e24" testListId="8c84fa94-04c1-424b-9868-57a2d4851a1d" />
    <TestEntry testId="18979129-bc7a-7a1b-86aa-add30e5d4a45" executionId="f5379783-3568-4f9e-8c58-e50e24d3c1a8" testListId="8c84fa94-04c1-424b-9868-57a2d4851a1d" />
    <TestEntry testId="7f513c68-3a83-ced8-a526-4682153e2352" executionId="49caec56-d38f-43d7-a98b-40b819033f69" testListId="8c84fa94-04c1-424b-9868-57a2d4851a1d" />
    <TestEntry testId="21bcfff5-de83-bc7e-93af-6035dc08259e" executionId="3e3dcb52-7f9e-4423-b41a-a03e519ce2a1" testListId="8c84fa94-04c1-424b-9868-57a2d4851a1d" />
    <TestEntry testId="d153b461-6f09-bc57-a742-e9ec04792aa3" executionId="b30597a6-c6c6-4d8d-aeae-ba9e274cd63d" testListId="8c84fa94-04c1-424b-9868-57a2d4851a1d" />
    <TestEntry testId="d3c9f378-f76e-249c-d5ff-dd46dbe09231" executionId="54ccaafc-7473-49c7-a7cf-7316b6d6c7d1" testListId="8c84fa94-04c1-424b-9868-57a2d4851a1d" />
    <TestEntry testId="69cc9ad6-2b09-272f-1a17-abb1edcbc198" executionId="f102bb23-f719-4f29-9db8-ee71c33127f4" testListId="8c84fa94-04c1-424b-9868-57a2d4851a1d" />
    <TestEntry testId="aa7c942a-cba2-7a7b-5f05-4b77143d7910" executionId="4d14a6c8-7475-4f27-87be-1d1da25f5b40" testListId="8c84fa94-04c1-424b-9868-57a2d4851a1d" />
    <TestEntry testId="ae2fc47c-fbfe-3527-a0a9-f02fae95b8a1" executionId="ff75ad63-abe2-498d-8293-5a5a378b6816" testListId="8c84fa94-04c1-424b-9868-57a2d4851a1d" />
    <TestEntry testId="f50f4c0d-31cd-4e4f-6ba8-20188c6fa7e0" executionId="b34caeae-5c74-4021-9e33-2de300280ff8" testListId="8c84fa94-04c1-424b-9868-57a2d4851a1d" />
    <TestEntry testId="d80dd9d1-4ba8-b2c5-e5d7-e07533da8d83" executionId="a9f0b0a9-48fe-438b-9250-ab43a3e21bfc" testListId="8c84fa94-04c1-424b-9868-57a2d4851a1d" />
    <TestEntry testId="a9426031-33de-f8ab-29dc-ce3dbb045a19" executionId="7af25807-f69a-480d-87b6-68b5ae18b077" testListId="8c84fa94-04c1-424b-9868-57a2d4851a1d" />
    <TestEntry testId="329882ed-b571-ebd5-de06-e59677611a4f" executionId="e62c94d7-29c8-4453-bbfb-ff99b59c9725" testListId="8c84fa94-04c1-424b-9868-57a2d4851a1d" />
    <TestEntry testId="7156fb1e-576a-1ad3-2e79-4a80311d64eb" executionId="f62beebc-4130-4586-a61d-62255a3948a4" testListId="8c84fa94-04c1-424b-9868-57a2d4851a1d" />
    <TestEntry testId="6ba9c1f6-2e2f-5ee6-490e-6829c9f23ccb" executionId="30c326e7-79c0-4288-ae40-60575277da58" testListId="8c84fa94-04c1-424b-9868-57a2d4851a1d" />
    <TestEntry testId="b428f2d4-db2c-7bcb-7bba-d6db4a0cbd67" executionId="017bbb1e-81bf-4330-9e70-cd317babef00" testListId="8c84fa94-04c1-424b-9868-57a2d4851a1d" />
    <TestEntry testId="74eaa97b-37d8-f479-3440-ebfd27bdab60" executionId="f4064e0f-3049-45b3-a6c8-fda4a305f3e3" testListId="8c84fa94-04c1-424b-9868-57a2d4851a1d" />
    <TestEntry testId="85afbd50-c89d-8e41-f42d-c84d023b2325" executionId="f68860ac-1dad-49d7-92e9-940132ecc455" testListId="8c84fa94-04c1-424b-9868-57a2d4851a1d" />
    <TestEntry testId="61e978e2-3dbd-db32-1955-7c1fda46448b" executionId="385161c2-51aa-4bba-be1f-184263e3141f" testListId="8c84fa94-04c1-424b-9868-57a2d4851a1d" />
  </TestEntries>
  <TestLists>
    <TestList name="Список результатов" id="8c84fa94-04c1-424b-9868-57a2d4851a1d" />
    <TestList name="Все загруженные результаты" id="19431567-8539-422a-85d7-44ee4e166bda" />
  </TestLists>
  <ResultSummary outcome="Completed">
    <Counters total="41" executed="41" passed="41" failed="0" error="0" timeout="0" aborted="0" inconclusive="0" passedButRunAborted="0" notRunnable="0" notExecuted="0" disconnected="0" warning="0" completed="0" inProgress="0" pending="0" />
    <Output>
      <StdOut>[xUnit.net 00:00:00.00] xUnit.net VSTest Adapter v3.0.0+e341b939fe (64-bit .NET 8.0.10)
[xUnit.net 00:00:00.03]   Discovering: MathVectorUnitTests
[xUnit.net 00:00:00.05]   Discovered:  MathVectorUnitTests
[xUnit.net 00:00:00.06]   Starting:    MathVectorUnitTests
[xUnit.net 00:00:00.11]   Finished:    MathVectorUnitTests
NUnit Adapter 4.5.0.0: Test execution started
Running all tests in /Users/nikitavolnuhin/Labs_cs/lab8/MathVectorUnitTests/bin/Debug/net8.0/MathVectorUnitTests.dll
   NUnit failed to load /Users/nikitavolnuhin/Labs_cs/lab8/MathVectorUnitTests/bin/Debug/net8.0/MathVectorUnitTests.dll
NUnit Adapter 4.5.0.0: Test execution complete
</StdOut>
    </Output>
  </ResultSummary>
</TestRun>